#
# There is insufficient memory for the Java Runtime Environment to continue.
# Native memory allocation (malloc) failed to allocate 32744 bytes. Error detail: ChunkPool::allocate
# Possible reasons:
#   The system is out of physical RAM or swap space
#   This process is running with CompressedOops enabled, and the Java Heap may be blocking the growth of the native heap
# Possible solutions:
#   Reduce memory load on the system
#   Increase physical memory or swap space
#   Check if swap backing store is full
#   Decrease Java heap size (-Xmx/-Xms)
#   Decrease number of Java threads
#   Decrease Java thread stack sizes (-Xss)
#   Set larger code cache with -XX:ReservedCodeCacheSize=
#   JVM is running with Zero Based Compressed Oops mode in which the Java heap is
#     placed in the first 32GB address space. The Java Heap base address is the
#     maximum limit for the native heap growth. Please use -XX:HeapBaseMinAddress
#     to set the Java Heap base and to place the Java Heap above 32GB virtual address.
# This output file may be truncated or incomplete.
#
#  Out of Memory Error (arena.cpp:79), pid=64212, tid=71148
#
# JRE version: OpenJDK Runtime Environment (17.0.11+10) (build 17.0.11+10-LTS)
# Java VM: OpenJDK 64-Bit Server VM (17.0.11+10-LTS, mixed mode, sharing, tiered, compressed oops, compressed class ptrs, g1 gc, windows-amd64)
# No core dump will be written. Minidumps are not enabled by default on client versions of Windows
#

---------------  S U M M A R Y ------------

Command Line: C:\Users\X10\AppData\Local\Temp\surefire14963434740670436600\surefirebooter-20241128135354959_3.jar C:\Users\X10\AppData\Local\Temp\surefire14963434740670436600 2024-11-28T13-53-54_071-jvmRun1 surefire-20241128135354959_1tmp surefire_0-20241128135354959_2tmp

Host: 13th Gen Intel(R) Core(TM) i7-1355U, 12 cores, 15G,  Windows 11 , 64 bit Build 22621 (10.0.22621.3958)
Time: Thu Nov 28 13:53:56 2024 SE Asia Standard Time elapsed time: 0.924746 seconds (0d 0h 0m 0s)

---------------  T H R E A D  ---------------

Current thread (0x00000203a9d4e930):  JavaThread "main" [_thread_in_vm, id=71148, stack(0x000000d0e4d00000,0x000000d0e4e00000)]

Stack: [0x000000d0e4d00000,0x000000d0e4e00000]
Native frames: (J=compiled Java code, j=interpreted, Vv=VM code, C=native code)
V  [jvm.dll+0x67c789]
V  [jvm.dll+0x832ce8]
V  [jvm.dll+0x8347ae]
V  [jvm.dll+0x834e13]
V  [jvm.dll+0x24827f]
V  [jvm.dll+0xac551]
V  [jvm.dll+0xac99c]
V  [jvm.dll+0x1e986d]
V  [jvm.dll+0x1ec5c0]
V  [jvm.dll+0x1e1d41]
V  [jvm.dll+0x541c5b]
V  [jvm.dll+0x7ad128]
V  [jvm.dll+0x7ad214]
V  [jvm.dll+0x40fcdf]
V  [jvm.dll+0x415e79]
C  [java.dll+0x17ec]

Java frames: (J=compiled Java code, j=interpreted, Vv=VM code)
J 1097  java.lang.ClassLoader.defineClass1(Ljava/lang/ClassLoader;Ljava/lang/String;[BIILjava/security/ProtectionDomain;Ljava/lang/String;)Ljava/lang/Class; java.base@17.0.11 (0 bytes) @ 0x00000203bade3de3 [0x00000203bade3d20+0x00000000000000c3]
J 1349 c1 java.lang.ClassLoader.defineClass(Ljava/lang/String;[BIILjava/security/ProtectionDomain;)Ljava/lang/Class; java.base@17.0.11 (43 bytes) @ 0x00000203b35502dc [0x00000203b354ff80+0x000000000000035c]
J 1203 c1 java.security.SecureClassLoader.defineClass(Ljava/lang/String;[BIILjava/security/CodeSource;)Ljava/lang/Class; java.base@17.0.11 (16 bytes) @ 0x00000203b34f578c [0x00000203b34f56c0+0x00000000000000cc]
J 1009 c1 jdk.internal.loader.BuiltinClassLoader.defineClass(Ljava/lang/String;Ljdk/internal/loader/Resource;)Ljava/lang/Class; java.base@17.0.11 (121 bytes) @ 0x00000203b348e274 [0x00000203b348d300+0x0000000000000f74]
J 763 c1 jdk.internal.loader.BuiltinClassLoader.findClassOnClassPathOrNull(Ljava/lang/String;)Ljava/lang/Class; java.base@17.0.11 (64 bytes) @ 0x00000203b34058bc [0x00000203b3404800+0x00000000000010bc]
J 431 c1 jdk.internal.loader.BuiltinClassLoader.loadClassOrNull(Ljava/lang/String;Z)Ljava/lang/Class; java.base@17.0.11 (143 bytes) @ 0x00000203b33624d4 [0x00000203b33615c0+0x0000000000000f14]
J 802 c1 jdk.internal.loader.ClassLoaders$AppClassLoader.loadClass(Ljava/lang/String;Z)Ljava/lang/Class; java.base@17.0.11 (40 bytes) @ 0x00000203b341ee8c [0x00000203b341e860+0x000000000000062c]
J 612 c1 java.lang.ClassLoader.loadClass(Ljava/lang/String;)Ljava/lang/Class; java.base@17.0.11 (7 bytes) @ 0x00000203b33bd7cc [0x00000203b33bd6c0+0x000000000000010c]
v  ~StubRoutines::call_stub
j  org.junit.jupiter.engine.execution.InvocationInterceptorChain.chainAndInvoke(Lorg/junit/jupiter/api/extension/InvocationInterceptor$Invocation;Lorg/junit/jupiter/engine/execution/InvocationInterceptorChain$InterceptorCall;Ljava/util/List;)Ljava/lang/Object;+0
j  org.junit.jupiter.engine.execution.InvocationInterceptorChain.invoke(Lorg/junit/jupiter/api/extension/InvocationInterceptor$Invocation;Lorg/junit/jupiter/engine/extension/ExtensionRegistry;Lorg/junit/jupiter/engine/execution/InvocationInterceptorChain$InterceptorCall;)Ljava/lang/Object;+31
j  org.junit.jupiter.engine.execution.InterceptingExecutableInvoker.invoke(Lorg/junit/jupiter/api/extension/InvocationInterceptor$Invocation;Lorg/junit/jupiter/api/extension/ReflectiveInvocationContext;Lorg/junit/jupiter/api/extension/ExtensionContext;Lorg/junit/jupiter/engine/extension/ExtensionRegistry;Lorg/junit/jupiter/engine/execution/InterceptingExecutableInvoker$ReflectiveInterceptorCall;)Ljava/lang/Object;+15
j  org.junit.jupiter.engine.execution.InterceptingExecutableInvoker.invoke(Ljava/lang/reflect/Constructor;Ljava/util/Optional;Lorg/junit/jupiter/api/extension/ExtensionContext;Lorg/junit/jupiter/engine/extension/ExtensionRegistry;Lorg/junit/jupiter/engine/execution/InterceptingExecutableInvoker$ReflectiveInterceptorCall;)Ljava/lang/Object;+35
j  org.junit.jupiter.engine.descriptor.ClassBasedTestDescriptor.invokeTestClassConstructor(Ljava/util/Optional;Lorg/junit/jupiter/engine/extension/ExtensionRegistry;Lorg/junit/jupiter/api/extension/ExtensionContext;)Ljava/lang/Object;+22
j  org.junit.jupiter.engine.descriptor.ClassBasedTestDescriptor.instantiateTestClass(Ljava/util/Optional;Lorg/junit/jupiter/engine/extension/ExtensionRegistry;Lorg/junit/jupiter/api/extension/ExtensionContext;)Lorg/junit/jupiter/api/extension/TestInstances;+52
j  org.junit.jupiter.engine.descriptor.ClassTestDescriptor.instantiateTestClass(Lorg/junit/jupiter/engine/execution/JupiterEngineExecutionContext;Lorg/junit/jupiter/engine/extension/ExtensionRegistry;Lorg/junit/jupiter/engine/extension/ExtensionRegistrar;Lorg/junit/jupiter/api/extension/ExtensionContext;Lorg/junit/platform/engine/support/hierarchical/ThrowableCollector;)Lorg/junit/jupiter/api/extension/TestInstances;+7
j  org.junit.jupiter.engine.descriptor.ClassBasedTestDescriptor.instantiateAndPostProcessTestInstance(Lorg/junit/jupiter/engine/execution/JupiterEngineExecutionContext;Lorg/junit/jupiter/api/extension/ExtensionContext;Lorg/junit/jupiter/engine/extension/ExtensionRegistry;Lorg/junit/jupiter/engine/extension/ExtensionRegistrar;Lorg/junit/platform/engine/support/hierarchical/ThrowableCollector;)Lorg/junit/jupiter/api/extension/TestInstances;+8
j  org.junit.jupiter.engine.descriptor.ClassBasedTestDescriptor.lambda$testInstancesProvider$5(Lorg/junit/jupiter/engine/execution/JupiterEngineExecutionContext;Lorg/junit/jupiter/engine/descriptor/ClassExtensionContext;Lorg/junit/jupiter/engine/extension/ExtensionRegistry;Lorg/junit/jupiter/engine/extension/ExtensionRegistrar;Lorg/junit/platform/engine/support/hierarchical/ThrowableCollector;)Lorg/junit/jupiter/api/extension/TestInstances;+8
j  org.junit.jupiter.engine.descriptor.ClassBasedTestDescriptor$$Lambda$505+0x00000203d1173c68.get()Ljava/lang/Object;+24
j  java.util.Optional.orElseGet(Ljava/util/function/Supplier;)Ljava/lang/Object;+15 java.base@17.0.11
j  org.junit.jupiter.engine.descriptor.ClassBasedTestDescriptor.lambda$testInstancesProvider$6(Lorg/junit/jupiter/engine/descriptor/ClassExtensionContext;Lorg/junit/jupiter/engine/execution/JupiterEngineExecutionContext;Lorg/junit/jupiter/engine/extension/ExtensionRegistry;Lorg/junit/jupiter/engine/extension/ExtensionRegistrar;Lorg/junit/platform/engine/support/hierarchical/ThrowableCollector;)Lorg/junit/jupiter/api/extension/TestInstances;+17
j  org.junit.jupiter.engine.descriptor.ClassBasedTestDescriptor$$Lambda$349+0x00000203d10bce70.getTestInstances(Lorg/junit/jupiter/engine/extension/ExtensionRegistry;Lorg/junit/jupiter/engine/extension/ExtensionRegistrar;Lorg/junit/platform/engine/support/hierarchical/ThrowableCollector;)Lorg/junit/jupiter/api/extension/TestInstances;+15
j  org.junit.jupiter.engine.execution.TestInstancesProvider.getTestInstances(Lorg/junit/jupiter/engine/extension/MutableExtensionRegistry;Lorg/junit/platform/engine/support/hierarchical/ThrowableCollector;)Lorg/junit/jupiter/api/extension/TestInstances;+4
j  org.junit.jupiter.engine.descriptor.TestMethodTestDescriptor.lambda$prepare$1(Lorg/junit/jupiter/engine/execution/JupiterEngineExecutionContext;Lorg/junit/jupiter/engine/extension/MutableExtensionRegistry;Lorg/junit/platform/engine/support/hierarchical/ThrowableCollector;Lorg/junit/jupiter/engine/descriptor/MethodExtensionContext;)V+6
j  org.junit.jupiter.engine.descriptor.TestMethodTestDescriptor$$Lambda$504+0x00000203d1173a48.execute()V+16
j  org.junit.platform.engine.support.hierarchical.ThrowableCollector.execute(Lorg/junit/platform/engine/support/hierarchical/ThrowableCollector$Executable;)V+1
j  org.junit.jupiter.engine.descriptor.TestMethodTestDescriptor.prepare(Lorg/junit/jupiter/engine/execution/JupiterEngineExecutionContext;)Lorg/junit/jupiter/engine/execution/JupiterEngineExecutionContext;+50
j  org.junit.jupiter.engine.descriptor.TestMethodTestDescriptor.prepare(Lorg/junit/platform/engine/support/hierarchical/EngineExecutionContext;)Lorg/junit/platform/engine/support/hierarchical/EngineExecutionContext;+5
j  org.junit.platform.engine.support.hierarchical.NodeTestTask.lambda$prepare$2()V+9
j  org.junit.platform.engine.support.hierarchical.NodeTestTask$$Lambda$277+0x00000203d10a61f8.execute()V+4
j  org.junit.platform.engine.support.hierarchical.ThrowableCollector.execute(Lorg/junit/platform/engine/support/hierarchical/ThrowableCollector$Executable;)V+1
j  org.junit.platform.engine.support.hierarchical.NodeTestTask.prepare()V+10
j  org.junit.platform.engine.support.hierarchical.NodeTestTask.execute()V+17
j  org.junit.platform.engine.support.hierarchical.SameThreadHierarchicalTestExecutorService$$Lambda$306+0x00000203d10ad230.accept(Ljava/lang/Object;)V+4
j  java.util.ArrayList.forEach(Ljava/util/function/Consumer;)V+46 java.base@17.0.11
j  org.junit.platform.engine.support.hierarchical.SameThreadHierarchicalTestExecutorService.invokeAll(Ljava/util/List;)V+6
j  org.junit.platform.engine.support.hierarchical.NodeTestTask.lambda$executeRecursively$6()V+116
j  org.junit.platform.engine.support.hierarchical.NodeTestTask$$Lambda$302+0x00000203d10af5a8.execute()V+4
j  org.junit.platform.engine.support.hierarchical.ThrowableCollector.execute(Lorg/junit/platform/engine/support/hierarchical/ThrowableCollector$Executable;)V+1
j  org.junit.platform.engine.support.hierarchical.NodeTestTask.lambda$executeRecursively$8(Lorg/junit/platform/engine/support/hierarchical/EngineExecutionContext;)V+15
j  org.junit.platform.engine.support.hierarchical.NodeTestTask$$Lambda$301+0x00000203d10af388.invoke(Lorg/junit/platform/engine/support/hierarchical/EngineExecutionContext;)V+5
j  org.junit.platform.engine.support.hierarchical.Node.around(Lorg/junit/platform/engine/support/hierarchical/EngineExecutionContext;Lorg/junit/platform/engine/support/hierarchical/Node$Invocation;)V+2
j  org.junit.platform.engine.support.hierarchical.NodeTestTask.lambda$executeRecursively$9()V+14
j  org.junit.platform.engine.support.hierarchical.NodeTestTask$$Lambda$300+0x00000203d10af168.execute()V+4
j  org.junit.platform.engine.support.hierarchical.ThrowableCollector.execute(Lorg/junit/platform/engine/support/hierarchical/ThrowableCollector$Executable;)V+1
j  org.junit.platform.engine.support.hierarchical.NodeTestTask.executeRecursively()V+31
j  org.junit.platform.engine.support.hierarchical.NodeTestTask.execute()V+55
j  org.junit.platform.engine.support.hierarchical.SameThreadHierarchicalTestExecutorService$$Lambda$306+0x00000203d10ad230.accept(Ljava/lang/Object;)V+4
j  java.util.ArrayList.forEach(Ljava/util/function/Consumer;)V+46 java.base@17.0.11
j  org.junit.platform.engine.support.hierarchical.SameThreadHierarchicalTestExecutorService.invokeAll(Ljava/util/List;)V+6
j  org.junit.platform.engine.support.hierarchical.NodeTestTask.lambda$executeRecursively$6()V+116
j  org.junit.platform.engine.support.hierarchical.NodeTestTask$$Lambda$302+0x00000203d10af5a8.execute()V+4
j  org.junit.platform.engine.support.hierarchical.ThrowableCollector.execute(Lorg/junit/platform/engine/support/hierarchical/ThrowableCollector$Executable;)V+1
j  org.junit.platform.engine.support.hierarchical.NodeTestTask.lambda$executeRecursively$8(Lorg/junit/platform/engine/support/hierarchical/EngineExecutionContext;)V+15
j  org.junit.platform.engine.support.hierarchical.NodeTestTask$$Lambda$301+0x00000203d10af388.invoke(Lorg/junit/platform/engine/support/hierarchical/EngineExecutionContext;)V+5
j  org.junit.platform.engine.support.hierarchical.Node.around(Lorg/junit/platform/engine/support/hierarchical/EngineExecutionContext;Lorg/junit/platform/engine/support/hierarchical/Node$Invocation;)V+2
j  org.junit.platform.engine.support.hierarchical.NodeTestTask.lambda$executeRecursively$9()V+14
j  org.junit.platform.engine.support.hierarchical.NodeTestTask$$Lambda$300+0x00000203d10af168.execute()V+4
j  org.junit.platform.engine.support.hierarchical.ThrowableCollector.execute(Lorg/junit/platform/engine/support/hierarchical/ThrowableCollector$Executable;)V+1
j  org.junit.platform.engine.support.hierarchical.NodeTestTask.executeRecursively()V+31
j  org.junit.platform.engine.support.hierarchical.NodeTestTask.execute()V+55
j  org.junit.platform.engine.support.hierarchical.SameThreadHierarchicalTestExecutorService.submit(Lorg/junit/platform/engine/support/hierarchical/HierarchicalTestExecutorService$TestTask;)Ljava/util/concurrent/Future;+1
j  org.junit.platform.engine.support.hierarchical.HierarchicalTestExecutor.execute()Ljava/util/concurrent/Future;+74
j  org.junit.platform.engine.support.hierarchical.HierarchicalTestEngine.execute(Lorg/junit/platform/engine/ExecutionRequest;)V+31
j  org.junit.platform.launcher.core.EngineExecutionOrchestrator.execute(Lorg/junit/platform/engine/TestDescriptor;Lorg/junit/platform/engine/EngineExecutionListener;Lorg/junit/platform/engine/ConfigurationParameters;Lorg/junit/platform/engine/TestEngine;)V+24
j  org.junit.platform.launcher.core.EngineExecutionOrchestrator.execute(Lorg/junit/platform/launcher/core/LauncherDiscoveryResult;Lorg/junit/platform/engine/EngineExecutionListener;)V+115
j  org.junit.platform.launcher.core.EngineExecutionOrchestrator.execute(Lorg/junit/platform/launcher/core/InternalTestPlan;Lorg/junit/platform/engine/EngineExecutionListener;Lorg/junit/platform/launcher/TestExecutionListener;)V+55
j  org.junit.platform.launcher.core.EngineExecutionOrchestrator.lambda$execute$0(Lorg/junit/platform/launcher/core/InternalTestPlan;Lorg/junit/platform/launcher/TestExecutionListener;)V+6
j  org.junit.platform.launcher.core.EngineExecutionOrchestrator$$Lambda$252+0x00000203d1099f38.accept(Ljava/lang/Object;)V+12
j  org.junit.platform.launcher.core.EngineExecutionOrchestrator.withInterceptedStreams(Lorg/junit/platform/engine/ConfigurationParameters;Lorg/junit/platform/launcher/core/ListenerRegistry;Ljava/util/function/Consumer;)V+51
j  org.junit.platform.launcher.core.EngineExecutionOrchestrator.execute(Lorg/junit/platform/launcher/core/InternalTestPlan;[Lorg/junit/platform/launcher/TestExecutionListener;)V+23
j  org.junit.platform.launcher.core.DefaultLauncher.execute(Lorg/junit/platform/launcher/core/InternalTestPlan;[Lorg/junit/platform/launcher/TestExecutionListener;)V+6
j  org.junit.platform.launcher.core.DefaultLauncher.execute(Lorg/junit/platform/launcher/LauncherDiscoveryRequest;[Lorg/junit/platform/launcher/TestExecutionListener;)V+34
j  org.junit.platform.launcher.core.DelegatingLauncher.execute(Lorg/junit/platform/launcher/LauncherDiscoveryRequest;[Lorg/junit/platform/launcher/TestExecutionListener;)V+6
j  org.apache.maven.surefire.junitplatform.LazyLauncher.execute(Lorg/junit/platform/launcher/LauncherDiscoveryRequest;[Lorg/junit/platform/launcher/TestExecutionListener;)V+6
j  org.apache.maven.surefire.junitplatform.JUnitPlatformProvider.execute(Lorg/apache/maven/surefire/api/util/TestsToRun;Lorg/apache/maven/surefire/junitplatform/RunListenerAdapter;)V+70
j  org.apache.maven.surefire.junitplatform.JUnitPlatformProvider.invokeAllTests(Lorg/apache/maven/surefire/api/util/TestsToRun;Lorg/apache/maven/surefire/junitplatform/RunListenerAdapter;)V+3
j  org.apache.maven.surefire.junitplatform.JUnitPlatformProvider.invoke(Ljava/lang/Object;)Lorg/apache/maven/surefire/api/suite/RunResult;+95
j  org.apache.maven.surefire.booter.ForkedBooter.runSuitesInProcess()V+8
j  org.apache.maven.surefire.booter.ForkedBooter.execute()V+1
j  org.apache.maven.surefire.booter.ForkedBooter.run(Lorg/apache/maven/surefire/booter/ForkedBooter;[Ljava/lang/String;)V+27
j  org.apache.maven.surefire.booter.ForkedBooter.main([Ljava/lang/String;)V+10
v  ~StubRoutines::call_stub

Compiled method (n/a)     945 1097     n 0       java.lang.ClassLoader::defineClass1 (native)
 total in heap  [0x00000203bade3b90,0x00000203bade4070] = 1248
 relocation     [0x00000203bade3ce8,0x00000203bade3d20] = 56
 main code      [0x00000203bade3d20,0x00000203bade4070] = 848

[Constant Pool (empty)]

[MachCode]
[Entry Point]
  # {method} {0x00000203d0010f28} 'defineClass1' '(Ljava/lang/ClassLoader;Ljava/lang/String;[BIILjava/security/ProtectionDomain;Ljava/lang/String;)Ljava/lang/Class;' in 'java/lang/ClassLoader'
  # parm0:    rdx:rdx   = 'java/lang/ClassLoader'
  # parm1:    r8:r8     = 'java/lang/String'
  # parm2:    r9:r9     = '[B'
  # parm3:    rdi       = int
  # parm4:    rsi       = int
  # parm5:    rcx:rcx   = 'java/security/ProtectionDomain'
  # parm6:    [sp+0xa0]   = 'java/lang/String'  (sp of caller)
  0x00000203bade3d20: 448b 5208 | 49bb 0000 | 00d0 0302 | 0000 4d03 | d349 3bc2 | 0f84 0600 

  0x00000203bade3d38: ;   {runtime_call ic_miss_stub}
  0x00000203bade3d38: 0000 e941 | d3a4 ff90 
[Verified Entry Point]
  0x00000203bade3d40: 8984 2400 | 90ff ff55 | 488b ec48 | 81ec 9000 | 0000 4881 | 7d10 0000 | 0000 488d | 4510 480f 
  0x00000203bade3d60: 4445 1048 | 8944 2440 | 4889 4c24 | 7048 83f9 | 0048 8d44 | 2470 480f | 4444 2470 | 4889 4424 
  0x00000203bade3d80: 3848 8974 | 2430 4889 | 7c24 284c | 894c 2458 | 4983 f900 | 488d 4424 | 5848 0f44 | 4424 5848 
  0x00000203bade3da0: 8944 2420 | 4c89 4424 | 5049 83f8 | 004c 8d4c | 2450 4c0f | 444c 2450 | 4889 5424 | 4848 83fa 
  0x00000203bade3dc0: 004c 8d44 | 2448 4c0f | 4444 2448 

  0x00000203bade3dcc: ;   {oop(a 'java/lang/Class'{0x00000007054cc2b8} = 'java/lang/ClassLoader')}
  0x00000203bade3dcc: 49be b8c2 | 4c05 0700 | 0000 4c89 | 7424 784c | 8d74 2478 | 498b d6c5 

  0x00000203bade3de4: ;   {internal_word}
  0x00000203bade3de4: f877 49ba | e33d deba | 0302 0000 | 4d89 97a0 | 0200 0049 | 89a7 9802 

  0x00000203bade3dfc: ;   {external_word}
  0x00000203bade3dfc: 0000 49ba | 4279 5e48 | ff7f 0000 | 4180 3a00 | 0f84 5200 | 0000 5241 

  0x00000203bade3e14: ;   {metadata({method} {0x00000203d0010f28} 'defineClass1' '(Ljava/lang/ClassLoader;Ljava/lang/String;[BIILjava/security/ProtectionDomain;Ljava/lang/String;)Ljava/lang/Class;' in 'java/lang/ClassLoader')}
  0x00000203bade3e14: 5041 5148 | ba20 0f01 | d003 0200 | 0049 8bcf | 4883 ec20 | f7c4 0f00 | 0000 0f84 | 1a00 0000 
  0x00000203bade3e34: 4883 ec08 

  0x00000203bade3e38: ;   {runtime_call}
  0x00000203bade3e38: 49ba b021 | 1448 ff7f | 0000 41ff | d248 83c4 | 08e9 0d00 

  0x00000203bade3e4c: ;   {runtime_call}
  0x00000203bade3e4c: 0000 49ba | b021 1448 | ff7f 0000 | 41ff d248 | 83c4 2041 | 5941 585a | 498d 8fb8 | 0200 0041 
  0x00000203bade3e6c: c787 4803 | 0000 0400 

  0x00000203bade3e74: ;   {runtime_call}
  0x00000203bade3e74: 0000 49ba | ac16 eb06 | f87f 0000 | 41ff d2c5 | f877 41c7 | 8748 0300 | 0005 0000 | 00f0 8344 
  0x00000203bade3e94: 24c0 0049 | 3baf 5003 | 0000 0f87 | 1100 0000 | 4181 bf38 | 0300 0000 | 0000 000f | 842c 0000 
  0x00000203bade3eb4: 00c5 f877 | 4889 45f8 | 498b cf4c | 8be4 4883 | ec20 4883 

  0x00000203bade3ec8: ;   {runtime_call}
  0x00000203bade3ec8: e4f0 49ba | c028 2448 | ff7f 0000 | 41ff d249 | 8be4 4d33 | e448 8b45 | f841 c787 | 4803 0000 
  0x00000203bade3ee8: 0800 0000 | 4181 bfb8 | 0300 0002 | 0000 000f | 843f 0100 

  0x00000203bade3efc: ;   {external_word}
  0x00000203bade3efc: 0049 ba42 | 795e 48ff | 7f00 0041 | 803a 000f | 8450 0000 | 0048 8945 

  0x00000203bade3f14: ;   {metadata({method} {0x00000203d0010f28} 'defineClass1' '(Ljava/lang/ClassLoader;Ljava/lang/String;[BIILjava/security/ProtectionDomain;Ljava/lang/String;)Ljava/lang/Class;' in 'java/lang/ClassLoader')}
  0x00000203bade3f14: f848 ba20 | 0f01 d003 | 0200 0049 | 8bcf 4883 | ec20 f7c4 | 0f00 0000 | 0f84 1a00 | 0000 4883 
  0x00000203bade3f34: ;   {runtime_call}
  0x00000203bade3f34: ec08 49ba | b021 1448 | ff7f 0000 | 41ff d248 | 83c4 08e9 | 0d00 0000 

  0x00000203bade3f4c: ;   {runtime_call}
  0x00000203bade3f4c: 49ba b021 | 1448 ff7f | 0000 41ff | d248 83c4 | 2048 8b45 | f849 c787 | 9802 0000 | 0000 0000 
  0x00000203bade3f6c: 49c7 87a0 | 0200 0000 | 0000 00c5 | f877 4885 | c00f 8493 | 0000 0048 | f7c0 0100 | 0000 0f84 
  0x00000203bade3f8c: 8300 0000 | 488b 40ff | 4180 7f38 | 000f 846f | 0000 0048 | 83f8 000f | 8465 0000 | 0049 8b4f 
  0x00000203bade3fac: 2048 83f9 | 000f 8414 | 0000 0048 | 83e9 0849 | 894f 2049 | 034f 3048 | 8901 e943 | 0000 0050 
  0x00000203bade3fcc: 498b d748 | 8bc8 4883 | ec20 f7c4 | 0f00 0000 | 0f84 1a00 | 0000 4883 

  0x00000203bade3fe4: ;   {runtime_call}
  0x00000203bade3fe4: ec08 49ba | 703c d347 | ff7f 0000 | 41ff d248 | 83c4 08e9 | 0d00 0000 

  0x00000203bade3ffc: ;   {runtime_call}
  0x00000203bade3ffc: 49ba 703c | d347 ff7f | 0000 41ff | d248 83c4 | 2058 e903 | 0000 0048 | 8b00 498b | 8fd8 0000 
  0x00000203bade401c: 00c7 8100 | 0100 0000 | 0000 00c9 | 4981 7f08 | 0000 0000 | 0f85 0100 

  0x00000203bade4034: ;   {runtime_call StubRoutines (1)}
  0x00000203bade4034: 0000 c3e9 | c4ce 9fff | c5f8 7748 | 8945 f84c | 8be4 4883 | ec20 4883 

  0x00000203bade404c: ;   {runtime_call}
  0x00000203bade404c: e4f0 49ba | 5052 1448 | ff7f 0000 | 41ff d249 | 8be4 4d33 | e448 8b45 | f8e9 93fe | ffff f4f4 
  0x00000203bade406c: f4f4 f4f4 
[/MachCode]


Compiled method (c1)     948 1349       3       java.lang.ClassLoader::defineClass (43 bytes)
 total in heap  [0x00000203b354fd90,0x00000203b35506c8] = 2360
 relocation     [0x00000203b354fee8,0x00000203b354ff78] = 144
 main code      [0x00000203b354ff80,0x00000203b3550420] = 1184
 stub code      [0x00000203b3550420,0x00000203b3550498] = 120
 metadata       [0x00000203b3550498,0x00000203b35504c8] = 48
 scopes data    [0x00000203b35504c8,0x00000203b35505b8] = 240
 scopes pcs     [0x00000203b35505b8,0x00000203b3550698] = 224
 dependencies   [0x00000203b3550698,0x00000203b35506a0] = 8
 nul chk table  [0x00000203b35506a0,0x00000203b35506c8] = 40

[Constant Pool (empty)]

[MachCode]
[Entry Point]
  # {method} {0x00000203d0010cc0} 'defineClass' '(Ljava/lang/String;[BIILjava/security/ProtectionDomain;)Ljava/lang/Class;' in 'java/lang/ClassLoader'
  # this:     rdx:rdx   = 'java/lang/ClassLoader'
  # parm0:    r8:r8     = 'java/lang/String'
  # parm1:    r9:r9     = '[B'
  # parm2:    rdi       = int
  # parm3:    rsi       = int
  # parm4:    rcx:rcx   = 'java/security/ProtectionDomain'
  #           [sp+0xc0]  (sp of caller)
  0x00000203b354ff80: 448b 5208 | 49bb 0000 | 00d0 0302 | 0000 4d03 | d34c 3bd0 

  0x00000203b354ff94: ;   {runtime_call ic_miss_stub}
  0x00000203b354ff94: 0f85 e610 | 2e07 660f | 1f44 0000 
[Verified Entry Point]
  0x00000203b354ffa0: 8984 2400 | 90ff ff55 | 4881 ecb0 | 0000 0048 | 8954 2478 

  0x00000203b354ffb4: ;   {metadata(method data for {method} {0x00000203d0010cc0} 'defineClass' '(Ljava/lang/String;[BIILjava/security/ProtectionDomain;)Ljava/lang/Class;' in 'java/lang/ClassLoader')}
  0x00000203b354ffb4: 48bb 68e2 | 2611 0402 | 0000 8b83 | cc00 0000 | 83c0 0289 | 83cc 0000 | 0081 e0fe | 0700 0083 
  0x00000203b354ffd4: f800 0f84 | 5603 0000 | 89b4 2494 | 0000 0089 | bc24 9000 | 0000 4c89 | 8c24 8800 | 0000 488b 
  0x00000203b354fff4: ;   {metadata(method data for {method} {0x00000203d0010cc0} 'defineClass' '(Ljava/lang/String;[BIILjava/security/ProtectionDomain;)Ljava/lang/Class;' in 'java/lang/ClassLoader')}
  0x00000203b354fff4: da48 b868 | e226 1104 | 0200 0048 | 8380 1001 | 0000 0149 | 8bd8 4c8b | c34c 8bc9 | 488b ca48 
  0x00000203b3550014: 8bd1 4889 | 9c24 8000 

  0x00000203b355001c: ;   {optimized virtual_call}
  0x00000203b355001c: 0000 90e8 

  0x00000203b3550020: ; ImmutableOopMap {[120]=Oop [136]=Oop [128]=Oop }
                      ;*invokevirtual preDefineClass {reexecute=0 rethrow=0 return_oop=0}
                      ; - java.lang.ClassLoader::defineClass@4 (line 1015)
  0x00000203b3550020: 7cc2 fbff | 4889 8424 | 9800 0000 | 488b 5424 

  0x00000203b3550030: ;   {metadata(method data for {method} {0x00000203d0010cc0} 'defineClass' '(Ljava/lang/String;[BIILjava/security/ProtectionDomain;)Ljava/lang/Class;' in 'java/lang/ClassLoader')}
  0x00000203b3550030: 7849 b868 | e226 1104 | 0200 0049 | 8380 4801 

  0x00000203b3550040: ;   {metadata(method data for {method} {0x00000203d0010ed0} 'defineClassSourceLocation' '(Ljava/security/ProtectionDomain;)Ljava/lang/String;' in 'java/lang/ClassLoader')}
  0x00000203b3550040: 0000 0149 | b8a8 4028 | 1104 0200 | 0041 8b90 | cc00 0000 | 83c2 0241 | 8990 cc00 | 0000 81e2 
  0x00000203b3550060: feff 1f00 | 83fa 000f | 84e6 0200 | 0048 3b00 

  0x00000203b3550070: ;   {metadata(method data for {method} {0x00000203d0010ed0} 'defineClassSourceLocation' '(Ljava/security/ProtectionDomain;)Ljava/lang/String;' in 'java/lang/ClassLoader')}
  0x00000203b3550070: 4c8b c048 | baa8 4028 | 1104 0200 | 0048 8382 | 1001 0000 | 0144 8b40 | 1049 c1e0 | 0349 83f8 
  0x00000203b3550090: ;   {metadata(method data for {method} {0x00000203d0010ed0} 'defineClassSourceLocation' '(Ljava/security/ProtectionDomain;)Ljava/lang/String;' in 'java/lang/ClassLoader')}
  0x00000203b3550090: 0048 baa8 | 4028 1104 | 0200 0048 | be58 0100 | 0000 0000 | 000f 850a | 0000 0048 | be48 0100 
  0x00000203b35500b0: 0000 0000 | 0048 8b3c | 3248 8d7f | 0148 893c | 320f 850f 

  0x00000203b35500c4: ;   {oop(NULL)}
  0x00000203b35500c4: 0000 0048 | bb00 0000 | 0000 0000 | 00e9 b101 | 0000 493b | 0049 8bd0 

  0x00000203b35500dc: ;   {metadata(method data for {method} {0x00000203d0010ed0} 'defineClassSourceLocation' '(Ljava/security/ProtectionDomain;)Ljava/lang/String;' in 'java/lang/ClassLoader')}
  0x00000203b35500dc: 48be a840 | 2811 0402 | 0000 4883 | 8668 0100 | 0001 418b | 500c 48c1 | e203 4883 

  0x00000203b35500f8: ;   {metadata(method data for {method} {0x00000203d0010ed0} 'defineClassSourceLocation' '(Ljava/security/ProtectionDomain;)Ljava/lang/String;' in 'java/lang/ClassLoader')}
  0x00000203b35500f8: fa00 48be | a840 2811 | 0402 0000 | 48bf b001 | 0000 0000 | 0000 0f85 | 0a00 0000 | 48bf a001 
  0x00000203b3550118: 0000 0000 | 0000 488b | 1c3e 488d | 5b01 4889 | 1c3e 0f85 | 0f00 0000 

  0x00000203b3550130: ;   {oop(NULL)}
  0x00000203b3550130: 48bb 0000 | 0000 0000 | 0000 e948 

  0x00000203b355013c: ;   {metadata(method data for {method} {0x00000203d0010ed0} 'defineClassSourceLocation' '(Ljava/security/ProtectionDomain;)Ljava/lang/String;' in 'java/lang/ClassLoader')}
  0x00000203b355013c: 0100 0048 | bea8 4028 | 1104 0200 | 0048 8386 | c001 0000 | 0148 3b02 

  0x00000203b3550154: ;   {metadata(method data for {method} {0x00000203d0010ed0} 'defineClassSourceLocation' '(Ljava/security/ProtectionDomain;)Ljava/lang/String;' in 'java/lang/ClassLoader')}
  0x00000203b3550154: 4c8b c248 | bea8 4028 | 1104 0200 | 0048 8386 | f801 0000 

  0x00000203b3550168: ;   {metadata(method data for {method} {0x00000203d0069930} 'toString' '()Ljava/lang/String;' in 'java/net/URL')}
  0x00000203b3550168: 0149 b880 | 7f14 1104 | 0200 0041 | 8bb0 cc00 | 0000 83c6 | 0241 89b0 | cc00 0000 | 81e6 feff 
  0x00000203b3550188: 1f00 83fe | 000f 84f0 | 0100 004c 

  0x00000203b3550194: ;   {metadata(method data for {method} {0x00000203d0069930} 'toString' '()Ljava/lang/String;' in 'java/net/URL')}
  0x00000203b3550194: 8bc2 48be | 807f 1411 | 0402 0000 | 4883 8610 | 0100 0001 

  0x00000203b35501a8: ;   {metadata(method data for {method} {0x00000203d006a1c8} 'toExternalForm' '()Ljava/lang/String;' in 'java/net/URL')}
  0x00000203b35501a8: 49b8 0881 | 1411 0402 | 0000 418b | b0cc 0000 | 0083 c602 | 4189 b0cc | 0000 0081 | e6fe ff1f 
  0x00000203b35501c8: 0083 fe00 | 0f84 d201 | 0000 8b72 | 3848 c1e6 | 0348 3b06 

  0x00000203b35501dc: ;   {metadata(method data for {method} {0x00000203d006a1c8} 'toExternalForm' '()Ljava/lang/String;' in 'java/net/URL')}
  0x00000203b35501dc: 4c8b c648 | bf08 8114 | 1104 0200 | 0045 8b40 | 0849 ba00 | 0000 d003 | 0200 004d | 03c2 4c3b 
  0x00000203b35501fc: 8720 0100 | 0075 0d48 | 8387 2801 | 0000 01e9 | 6600 0000 | 4c3b 8730 | 0100 0075 | 0d48 8387 
  0x00000203b355021c: 3801 0000 | 01e9 5000 | 0000 4881 | bf20 0100 | 0000 0000 | 0075 174c | 8987 2001 | 0000 48c7 
  0x00000203b355023c: 8728 0100 | 0001 0000 | 00e9 2c00 | 0000 4881 | bf30 0100 | 0000 0000 | 0075 174c | 8987 3001 
  0x00000203b355025c: 0000 48c7 | 8738 0100 | 0001 0000 | 00e9 0800 | 0000 4883 | 8710 0100 | 0001 4c8b | c248 8bd6 
  0x00000203b355027c: ;   {optimized virtual_call}
  0x00000203b355027c: 6666 90e8 

  0x00000203b3550280: ; ImmutableOopMap {[120]=Oop [136]=Oop [128]=Oop [152]=Oop }
                      ;*invokevirtual toExternalForm {reexecute=0 rethrow=0 return_oop=0}
                      ; - java.net.URL::toExternalForm@5 (line 1039)
                      ; - java.net.URL::toString@1 (line 1025)
                      ; - java.lang.ClassLoader::defineClassSourceLocation@22 (line 917)
                      ; - java.lang.ClassLoader::defineClass@12 (line 1016)
  0x00000203b3550280: bc4b edff | 488b d848 | 8b84 2498 | 0000 008b | b424 9400 | 0000 8bbc | 2490 0000 | 004c 8b8c 
  0x00000203b35502a0: 2488 0000 | 004c 8b84 | 2480 0000 | 0048 8b54 

  0x00000203b35502b0: ;   {metadata(method data for {method} {0x00000203d0010cc0} 'defineClass' '(Ljava/lang/String;[BIILjava/security/ProtectionDomain;)Ljava/lang/Class;' in 'java/lang/ClassLoader')}
  0x00000203b35502b0: 2478 48b9 | 68e2 2611 | 0402 0000 | 4883 8180 | 0100 0001 | 4c8b da49 | 8bd3 488b | c848 891c 
  0x00000203b35502d0: 2466 0f1f 

  0x00000203b35502d4: ;   {static_call}
  0x00000203b35502d4: 4400 00e8 

  0x00000203b35502d8: ; ImmutableOopMap {[152]=Oop [120]=Oop }
                      ;*invokestatic defineClass1 {reexecute=0 rethrow=0 return_oop=0}
                      ; - java.lang.ClassLoader::defineClass@27 (line 1017)
  0x00000203b35502d8: 643a 8907 | 488b 5424 

  0x00000203b35502e0: ;   {metadata(method data for {method} {0x00000203d0010cc0} 'defineClass' '(Ljava/lang/String;[BIILjava/security/ProtectionDomain;)Ljava/lang/Class;' in 'java/lang/ClassLoader')}
  0x00000203b35502e0: 7849 b868 | e226 1104 | 0200 0049 | 8380 9001 | 0000 014c | 8bc0 4c8b | 8c24 9800 | 0000 488b 
  0x00000203b3550300: 5424 7848 | 8984 24a0 | 0000 000f 

  0x00000203b355030c: ;   {optimized virtual_call}
  0x00000203b355030c: 1f40 00e8 

  0x00000203b3550310: ; ImmutableOopMap {[160]=Oop }
                      ;*invokevirtual postDefineClass {reexecute=0 rethrow=0 return_oop=0}
                      ; - java.lang.ClassLoader::defineClass@37 (line 1018)
  0x00000203b3550310: 8cf9 fbff | 488b 8424 | a000 0000 | 4881 c4b0 | 0000 005d 

  0x00000203b3550324: ;   {poll_return}
  0x00000203b3550324: 493b a750 | 0300 000f | 8799 0000 

  0x00000203b3550330: ;   {metadata({method} {0x00000203d0010cc0} 'defineClass' '(Ljava/lang/String;[BIILjava/security/ProtectionDomain;)Ljava/lang/Class;' in 'java/lang/ClassLoader')}
  0x00000203b3550330: 00c3 49ba | b80c 01d0 | 0302 0000 | 4c89 5424 | 0848 c704 | 24ff ffff 

  0x00000203b3550348: ;   {runtime_call counter_overflow Runtime1 stub}
  0x00000203b3550348: ffe8 32b1 

  0x00000203b355034c: ; ImmutableOopMap {rdx=Oop [120]=Oop r8=Oop r9=Oop rcx=Oop }
                      ;*synchronization entry
                      ; - java.lang.ClassLoader::defineClass@-1 (line 1015)
  0x00000203b355034c: 3807 e989 

  0x00000203b3550350: ;   {metadata({method} {0x00000203d0010ed0} 'defineClassSourceLocation' '(Ljava/security/ProtectionDomain;)Ljava/lang/String;' in 'java/lang/ClassLoader')}
  0x00000203b3550350: fcff ff49 | bac8 0e01 | d003 0200 | 004c 8954 | 2408 48c7 | 0424 ffff 

  0x00000203b3550368: ;   {runtime_call counter_overflow Runtime1 stub}
  0x00000203b3550368: ffff e811 

  0x00000203b355036c: ; ImmutableOopMap {[120]=Oop [136]=Oop [128]=Oop rax=Oop [152]=Oop }
                      ;*synchronization entry
                      ; - java.lang.ClassLoader::defineClassSourceLocation@-1 (line 914)
                      ; - java.lang.ClassLoader::defineClass@12 (line 1016)
  0x00000203b355036c: b138 07e9 | f9fc ffff 

  0x00000203b3550374: ;   {runtime_call throw_null_pointer_exception Runtime1 stub}
  0x00000203b3550374: e827 6a38 

  0x00000203b3550378: ; ImmutableOopMap {[120]=Oop [136]=Oop [128]=Oop rax=Oop [152]=Oop }
                      ;*invokevirtual getCodeSource {reexecute=0 rethrow=0 return_oop=0}
                      ; - java.lang.ClassLoader::defineClassSourceLocation@1 (line 914)
                      ; - java.lang.ClassLoader::defineClass@12 (line 1016)
                      ;   {runtime_call throw_null_pointer_exception Runtime1 stub}
  0x00000203b3550378: 07e8 226a 

  0x00000203b355037c: ; ImmutableOopMap {[120]=Oop [136]=Oop [128]=Oop rax=Oop [152]=Oop r8=Oop }
                      ;*invokevirtual getLocation {reexecute=0 rethrow=0 return_oop=0}
                      ; - java.lang.ClassLoader::defineClassSourceLocation@12 (line 916)
                      ; - java.lang.ClassLoader::defineClass@12 (line 1016)
                      ;   {runtime_call throw_null_pointer_exception Runtime1 stub}
  0x00000203b355037c: 3807 e81d 

  0x00000203b3550380: ; ImmutableOopMap {[120]=Oop [136]=Oop [128]=Oop [152]=Oop rdx=Oop }
                      ;*invokevirtual toString {reexecute=0 rethrow=0 return_oop=0}
                      ; - java.lang.ClassLoader::defineClassSourceLocation@22 (line 917)
                      ; - java.lang.ClassLoader::defineClass@12 (line 1016)
                      ;   {metadata({method} {0x00000203d0069930} 'toString' '()Ljava/lang/String;' in 'java/net/URL')}
  0x00000203b3550380: 6a38 0749 | ba28 9906 | d003 0200 | 004c 8954 | 2408 48c7 | 0424 ffff 

  0x00000203b3550398: ;   {runtime_call counter_overflow Runtime1 stub}
  0x00000203b3550398: ffff e8e1 

  0x00000203b355039c: ; ImmutableOopMap {[120]=Oop [136]=Oop [128]=Oop [152]=Oop rdx=Oop }
                      ;*synchronization entry
                      ; - java.net.URL::toString@-1 (line 1025)
                      ; - java.lang.ClassLoader::defineClassSourceLocation@22 (line 917)
                      ; - java.lang.ClassLoader::defineClass@12 (line 1016)
  0x00000203b355039c: b038 07e9 | effd ffff 

  0x00000203b35503a4: ;   {metadata({method} {0x00000203d006a1c8} 'toExternalForm' '()Ljava/lang/String;' in 'java/net/URL')}
  0x00000203b35503a4: 49ba c0a1 | 06d0 0302 | 0000 4c89 | 5424 0848 | c704 24ff 

  0x00000203b35503b8: ;   {runtime_call counter_overflow Runtime1 stub}
  0x00000203b35503b8: ffff ffe8 

  0x00000203b35503bc: ; ImmutableOopMap {[120]=Oop [136]=Oop [128]=Oop [152]=Oop rdx=Oop }
                      ;*synchronization entry
                      ; - java.net.URL::toExternalForm@-1 (line 1039)
                      ; - java.net.URL::toString@1 (line 1025)
                      ; - java.lang.ClassLoader::defineClassSourceLocation@22 (line 917)
                      ; - java.lang.ClassLoader::defineClass@12 (line 1016)
  0x00000203b35503bc: c0b0 3807 | e90d feff 

  0x00000203b35503c4: ;   {runtime_call throw_null_pointer_exception Runtime1 stub}
  0x00000203b35503c4: ffe8 d669 

  0x00000203b35503c8: ; ImmutableOopMap {[120]=Oop [136]=Oop [128]=Oop [152]=Oop rdx=Oop rsi=Oop }
                      ;*invokevirtual toExternalForm {reexecute=0 rethrow=0 return_oop=0}
                      ; - java.net.URL::toExternalForm@5 (line 1039)
                      ; - java.net.URL::toString@1 (line 1025)
                      ; - java.lang.ClassLoader::defineClassSourceLocation@22 (line 917)
                      ; - java.lang.ClassLoader::defineClass@12 (line 1016)
                      ;   {internal_word}
  0x00000203b35503c8: 3807 49ba | 2403 55b3 | 0302 0000 | 4d89 9768 

  0x00000203b35503d8: ;   {runtime_call SafepointBlob}
  0x00000203b35503d8: 0300 00e9 | 2076 2e07 | 9090 498b | 87e0 0300 | 0049 c787 | e003 0000 | 0000 0000 | 49c7 87e8 
  0x00000203b35503f8: 0300 0000 | 0000 0048 | 81c4 b000 

  0x00000203b3550404: ;   {runtime_call unwind_exception Runtime1 stub}
  0x00000203b3550404: 0000 5de9 | 745a 3807 | f4f4 f4f4 | f4f4 f4f4 | f4f4 f4f4 | f4f4 f4f4 | f4f4 f4f4 
[Stub Code]
  0x00000203b3550420: ;   {no_reloc}
  0x00000203b3550420: 0f1f 4400 

  0x00000203b3550424: ;   {static_stub}
  0x00000203b3550424: 0048 bb00 | 0000 0000 

  0x00000203b355042c: ;   {runtime_call}
  0x00000203b355042c: 0000 00e9 | fbff ffff 

  0x00000203b3550434: ;   {static_stub}
  0x00000203b3550434: 9048 bb00 | 0000 0000 

  0x00000203b355043c: ;   {runtime_call}
  0x00000203b355043c: 0000 00e9 | fbff ffff 

  0x00000203b3550444: ;   {static_stub}
  0x00000203b3550444: 9048 bb00 | 0000 0000 

  0x00000203b355044c: ;   {runtime_call}
  0x00000203b355044c: 0000 00e9 | fbff ffff 

  0x00000203b3550454: ;   {static_stub}
  0x00000203b3550454: 9048 bb00 | 0000 0000 

  0x00000203b355045c: ;   {runtime_call}
  0x00000203b355045c: 0000 00e9 | fbff ffff 
[Exception Handler]
  0x00000203b3550464: ;   {runtime_call handle_exception_from_callee Runtime1 stub}
  0x00000203b3550464: e897 a138 

  0x00000203b3550468: ;   {external_word}
  0x00000203b3550468: 0748 b9d0 | 8838 48ff | 7f00 0048 

  0x00000203b3550474: ;   {runtime_call}
  0x00000203b3550474: 83e4 f049 | bae0 2301 | 48ff 7f00 | 0041 ffd2 

  0x00000203b3550484: ;   {section_word}
  0x00000203b3550484: f449 ba85 | 0455 b303 | 0200 0041 

  0x00000203b3550490: ;   {runtime_call DeoptimizationBlob}
  0x00000203b3550490: 52e9 0a68 | 2e07 f4f4 
[/MachCode]


Compiled method (c1)     953 1203       3       java.security.SecureClassLoader::defineClass (16 bytes)
 total in heap  [0x00000203b34f5510,0x00000203b34f5900] = 1008
 relocation     [0x00000203b34f5668,0x00000203b34f56b0] = 72
 main code      [0x00000203b34f56c0,0x00000203b34f5800] = 320
 stub code      [0x00000203b34f5800,0x00000203b34f5858] = 88
 metadata       [0x00000203b34f5858,0x00000203b34f5860] = 8
 scopes data    [0x00000203b34f5860,0x00000203b34f58a8] = 72
 scopes pcs     [0x00000203b34f58a8,0x00000203b34f58f8] = 80
 dependencies   [0x00000203b34f58f8,0x00000203b34f5900] = 8

[Constant Pool (empty)]

[MachCode]
[Entry Point]
  # {method} {0x00000203d0434348} 'defineClass' '(Ljava/lang/String;[BIILjava/security/CodeSource;)Ljava/lang/Class;' in 'java/security/SecureClassLoader'
  # this:     rdx:rdx   = 'java/security/SecureClassLoader'
  # parm0:    r8:r8     = 'java/lang/String'
  # parm1:    r9:r9     = '[B'
  # parm2:    rdi       = int
  # parm3:    rsi       = int
  # parm4:    rcx:rcx   = 'java/security/CodeSource'
  #           [sp+0x80]  (sp of caller)
  0x00000203b34f56c0: 448b 5208 | 49bb 0000 | 00d0 0302 | 0000 4d03 | d34c 3bd0 

  0x00000203b34f56d4: ;   {runtime_call ic_miss_stub}
  0x00000203b34f56d4: 0f85 a6b9 | 3307 660f | 1f44 0000 
[Verified Entry Point]
  0x00000203b34f56e0: 8984 2400 | 90ff ff55 | 4883 ec70 

  0x00000203b34f56ec: ;   {metadata(method data for {method} {0x00000203d0434348} 'defineClass' '(Ljava/lang/String;[BIILjava/security/CodeSource;)Ljava/lang/Class;' in 'java/security/SecureClassLoader')}
  0x00000203b34f56ec: 48bb c015 | 2011 0402 | 0000 8b83 | cc00 0000 | 83c0 0289 | 83cc 0000 | 0081 e0fe | 0700 0083 
  0x00000203b34f570c: f800 0f84 | 8b00 0000 | 8974 245c | 897c 2458 | 4c89 4c24 | 504c 8944 | 2448 488b 

  0x00000203b34f5728: ;   {metadata(method data for {method} {0x00000203d0434348} 'defineClass' '(Ljava/lang/String;[BIILjava/security/CodeSource;)Ljava/lang/Class;' in 'java/security/SecureClassLoader')}
  0x00000203b34f5728: da48 b8c0 | 1520 1104 | 0200 0048 | 8380 1001 | 0000 014c | 8bc1 488b | c248 8bd0 | 4889 4424 
  0x00000203b34f5748: 4066 0f1f 

  0x00000203b34f574c: ;   {optimized virtual_call}
  0x00000203b34f574c: 4400 00e8 

  0x00000203b34f5750: ; ImmutableOopMap {[80]=Oop [64]=Oop [72]=Oop }
                      ;*invokevirtual getProtectionDomain {reexecute=0 rethrow=0 return_oop=0}
                      ; - java.security.SecureClassLoader::defineClass@9 (line 150)
  0x00000203b34f5750: 4c43 fcff | 488b 5424 

  0x00000203b34f5758: ;   {metadata(method data for {method} {0x00000203d0434348} 'defineClass' '(Ljava/lang/String;[BIILjava/security/CodeSource;)Ljava/lang/Class;' in 'java/security/SecureClassLoader')}
  0x00000203b34f5758: 4049 b8c0 | 1520 1104 | 0200 0049 | 8380 4801 | 0000 014c | 8b44 2448 | 4c8b 4c24 | 508b 7c24 
  0x00000203b34f5778: 588b 7424 | 5c48 8bc8 | 488b 5424 

  0x00000203b34f5784: ;   {optimized virtual_call}
  0x00000203b34f5784: 4066 90e8 

  0x00000203b34f5788: ; ImmutableOopMap {}
                      ;*invokevirtual defineClass {reexecute=0 rethrow=0 return_oop=0}
                      ; - java.security.SecureClassLoader::defineClass@12 (line 150)
  0x00000203b34f5788: 14a8 0500 | 4883 c470 

  0x00000203b34f5790: ;   {poll_return}
  0x00000203b34f5790: 5d49 3ba7 | 5003 0000 | 0f87 2200 

  0x00000203b34f579c: ;   {metadata({method} {0x00000203d0434348} 'defineClass' '(Ljava/lang/String;[BIILjava/security/CodeSource;)Ljava/lang/Class;' in 'java/security/SecureClassLoader')}
  0x00000203b34f579c: 0000 c349 | ba40 4343 | d003 0200 | 004c 8954 | 2408 48c7 | 0424 ffff 

  0x00000203b34f57b4: ;   {runtime_call counter_overflow Runtime1 stub}
  0x00000203b34f57b4: ffff e8c5 

  0x00000203b34f57b8: ; ImmutableOopMap {rdx=Oop r8=Oop r9=Oop rcx=Oop }
                      ;*synchronization entry
                      ; - java.security.SecureClassLoader::defineClass@-1 (line 150)
  0x00000203b34f57b8: 5c3e 07e9 | 54ff ffff 

  0x00000203b34f57c0: ;   {internal_word}
  0x00000203b34f57c0: 49ba 9157 | 4fb3 0302 | 0000 4d89 | 9768 0300 

  0x00000203b34f57d0: ;   {runtime_call SafepointBlob}
  0x00000203b34f57d0: 00e9 2a22 | 3407 9090 | 498b 87e0 | 0300 0049 | c787 e003 | 0000 0000 | 0000 49c7 | 87e8 0300 
  0x00000203b34f57f0: 0000 0000 | 0048 83c4 

  0x00000203b34f57f8: ;   {runtime_call unwind_exception Runtime1 stub}
  0x00000203b34f57f8: 705d e981 | 063e 07f4 
[Stub Code]
  0x00000203b34f5800: ;   {no_reloc}
  0x00000203b34f5800: 0f1f 4400 

  0x00000203b34f5804: ;   {static_stub}
  0x00000203b34f5804: 0048 bb00 | 0000 0000 

  0x00000203b34f580c: ;   {runtime_call}
  0x00000203b34f580c: 0000 00e9 | fbff ffff 

  0x00000203b34f5814: ;   {static_stub}
  0x00000203b34f5814: 9048 bbb8 | 0c01 d003 

  0x00000203b34f581c: ;   {runtime_call I2C/C2I adapters}
  0x00000203b34f581c: 0200 00e9 | c71e 3307 
[Exception Handler]
  0x00000203b34f5824: ;   {runtime_call handle_exception_from_callee Runtime1 stub}
  0x00000203b34f5824: e8d7 4d3e 

  0x00000203b34f5828: ;   {external_word}
  0x00000203b34f5828: 0748 b9d0 | 8838 48ff | 7f00 0048 

  0x00000203b34f5834: ;   {runtime_call}
  0x00000203b34f5834: 83e4 f049 | bae0 2301 | 48ff 7f00 | 0041 ffd2 

  0x00000203b34f5844: ;   {section_word}
  0x00000203b34f5844: f449 ba45 | 584f b303 | 0200 0041 

  0x00000203b34f5850: ;   {runtime_call DeoptimizationBlob}
  0x00000203b34f5850: 52e9 4a14 | 3407 f4f4 
[/MachCode]


---------------  P R O C E S S  ---------------

Threads class SMR info:
_java_thread_list=0x00000203cf44ac20, length=14, elements={
0x00000203a9d4e930, 0x00000203cf1a95d0, 0x00000203cf1b3570, 0x00000203cf1c8380,
0x00000203cf1c8e50, 0x00000203cf1cb820, 0x00000203cf1cc1e0, 0x00000203cf1cd590,
0x00000203cf1cf370, 0x00000203cf1d22a0, 0x00000203cf3132b0, 0x00000203cf31a270,
0x00000203cf9a96f0, 0x00000203cf9c3a60
}

Java Threads: ( => current thread )
=>0x00000203a9d4e930 JavaThread "main" [_thread_in_vm, id=71148, stack(0x000000d0e4d00000,0x000000d0e4e00000)]
  0x00000203cf1a95d0 JavaThread "Reference Handler" daemon [_thread_blocked, id=81300, stack(0x000000d0e5400000,0x000000d0e5500000)]
  0x00000203cf1b3570 JavaThread "Finalizer" daemon [_thread_blocked, id=38696, stack(0x000000d0e5500000,0x000000d0e5600000)]
  0x00000203cf1c8380 JavaThread "Signal Dispatcher" daemon [_thread_blocked, id=75476, stack(0x000000d0e5600000,0x000000d0e5700000)]
  0x00000203cf1c8e50 JavaThread "Attach Listener" daemon [_thread_blocked, id=60868, stack(0x000000d0e5700000,0x000000d0e5800000)]
  0x00000203cf1cb820 JavaThread "Service Thread" daemon [_thread_blocked, id=66060, stack(0x000000d0e5800000,0x000000d0e5900000)]
  0x00000203cf1cc1e0 JavaThread "Monitor Deflation Thread" daemon [_thread_blocked, id=76200, stack(0x000000d0e5900000,0x000000d0e5a00000)]
  0x00000203cf1cd590 JavaThread "C2 CompilerThread0" daemon [_thread_blocked, id=65068, stack(0x000000d0e5a00000,0x000000d0e5b00000)]
  0x00000203cf1cf370 JavaThread "C1 CompilerThread0" daemon [_thread_blocked, id=81476, stack(0x000000d0e5b00000,0x000000d0e5c00000)]
  0x00000203cf1d22a0 JavaThread "Sweeper thread" daemon [_thread_blocked, id=70776, stack(0x000000d0e5c00000,0x000000d0e5d00000)]
  0x00000203cf3132b0 JavaThread "Notification Thread" daemon [_thread_blocked, id=84604, stack(0x000000d0e5d00000,0x000000d0e5e00000)]
  0x00000203cf31a270 JavaThread "Common-Cleaner" daemon [_thread_blocked, id=81388, stack(0x000000d0e5f00000,0x000000d0e6000000)]
  0x00000203cf9a96f0 JavaThread "surefire-forkedjvm-stream-flusher" daemon [_thread_blocked, id=78592, stack(0x000000d0e6000000,0x000000d0e6100000)]
  0x00000203cf9c3a60 JavaThread "surefire-forkedjvm-command-thread" daemon [_thread_in_native, id=67204, stack(0x000000d0e6100000,0x000000d0e6200000)]

Other Threads:
  0x00000203cf1a79e0 VMThread "VM Thread" [stack: 0x000000d0e5300000,0x000000d0e5400000] [id=66652]
  0x00000203cf319bc0 WatcherThread [stack: 0x000000d0e5e00000,0x000000d0e5f00000] [id=74240]
  0x00000203aa02be60 GCTaskThread "GC Thread#0" [stack: 0x000000d0e4e00000,0x000000d0e4f00000] [id=64080]
  0x00000203cfe2cb50 GCTaskThread "GC Thread#1" [stack: 0x000000d0e6200000,0x000000d0e6300000] [id=70348]
  0x00000203cfe2ce10 GCTaskThread "GC Thread#2" [stack: 0x000000d0e6300000,0x000000d0e6400000] [id=72600]
  0x0000020415176180 GCTaskThread "GC Thread#3" [stack: 0x000000d0e6400000,0x000000d0e6500000] [id=93364]
  0x0000020415144b50 GCTaskThread "GC Thread#4" [stack: 0x000000d0e6500000,0x000000d0e6600000] [id=84108]
  0x0000020415176440 GCTaskThread "GC Thread#5" [stack: 0x000000d0e6600000,0x000000d0e6700000] [id=29256]
  0x0000020415049880 GCTaskThread "GC Thread#6" [stack: 0x000000d0e6700000,0x000000d0e6800000] [id=93468]
  0x000002041529c390 GCTaskThread "GC Thread#7" [stack: 0x000000d0e6800000,0x000000d0e6900000] [id=84160]
  0x00000204152d0f20 GCTaskThread "GC Thread#8" [stack: 0x000000d0e6900000,0x000000d0e6a00000] [id=94072]
  0x0000020415265940 GCTaskThread "GC Thread#9" [stack: 0x000000d0e6a00000,0x000000d0e6b00000] [id=30144]
  0x00000203aa03c8b0 ConcurrentGCThread "G1 Main Marker" [stack: 0x000000d0e4f00000,0x000000d0e5000000] [id=91652]
  0x00000203aa03d2d0 ConcurrentGCThread "G1 Conc#0" [stack: 0x000000d0e5000000,0x000000d0e5100000] [id=68940]
  0x00000203cf061d50 ConcurrentGCThread "G1 Refine#0" [stack: 0x000000d0e5100000,0x000000d0e5200000] [id=7584]
  0x00000203cf062780 ConcurrentGCThread "G1 Service" [stack: 0x000000d0e5200000,0x000000d0e5300000] [id=20376]

Threads with active compile tasks:

VM state: not at safepoint (normal execution)

VM Mutex/Monitor currently owned by a thread: None

Heap address: 0x0000000705000000, size: 4016 MB, Compressed Oops mode: Zero based, Oop shift amount: 3

CDS archive(s) mapped at: [0x00000203d0000000-0x00000203d0bb0000-0x00000203d0bb0000), size 12255232, SharedBaseAddress: 0x00000203d0000000, ArchiveRelocationMode: 1.
Compressed class space mapped at: 0x00000203d1000000-0x0000020411000000, reserved size: 1073741824
Narrow klass base: 0x00000203d0000000, Narrow klass shift: 0, Narrow klass range: 0x100000000

GC Precious Log:
 CPUs: 12 total, 12 available
 Memory: 16057M
 Large Page Support: Disabled
 NUMA Support: Disabled
 Compressed Oops: Enabled (Zero based)
 Heap Region Size: 2M
 Heap Min Capacity: 8M
 Heap Initial Capacity: 252M
 Heap Max Capacity: 4016M
 Pre-touch: Disabled
 Parallel Workers: 10
 Concurrent Workers: 3
 Concurrent Refinement Workers: 10
 Periodic GC: Disabled

Heap:
 garbage-first heap   total 258048K, used 18698K [0x0000000705000000, 0x0000000800000000)
  region size 2048K, 6 young (12288K), 1 survivors (2048K)
 Metaspace       used 11420K, committed 11648K, reserved 1114112K
  class space    used 1438K, committed 1536K, reserved 1048576K

Heap Regions: E=young(eden), S=young(survivor), O=old, HS=humongous(starts), HC=humongous(continues), CS=collection set, F=free, OA=open archive, CA=closed archive, TAMS=top-at-mark-start (previous, next)
|   0|0x0000000705000000, 0x0000000705200000, 0x0000000705200000|100%| O|  |TAMS 0x0000000705000000, 0x0000000705000000| Untracked 
|   1|0x0000000705200000, 0x0000000705400000, 0x0000000705400000|100%| O|  |TAMS 0x0000000705200000, 0x0000000705200000| Untracked 
|   2|0x0000000705400000, 0x0000000705600000, 0x0000000705600000|100%| O|  |TAMS 0x0000000705400000, 0x0000000705400000| Untracked 
|   3|0x0000000705600000, 0x0000000705800000, 0x0000000705800000|100%| O|  |TAMS 0x0000000705600000, 0x0000000705600000| Untracked 
|   4|0x0000000705800000, 0x0000000705878000, 0x0000000705a00000| 23%| O|  |TAMS 0x0000000705800000, 0x0000000705800000| Untracked 
|   5|0x0000000705a00000, 0x0000000705a00000, 0x0000000705c00000|  0%| F|  |TAMS 0x0000000705a00000, 0x0000000705a00000| Untracked 
|   6|0x0000000705c00000, 0x0000000705c00000, 0x0000000705e00000|  0%| F|  |TAMS 0x0000000705c00000, 0x0000000705c00000| Untracked 
|   7|0x0000000705e00000, 0x0000000705e00000, 0x0000000706000000|  0%| F|  |TAMS 0x0000000705e00000, 0x0000000705e00000| Untracked 
|   8|0x0000000706000000, 0x0000000706000000, 0x0000000706200000|  0%| F|  |TAMS 0x0000000706000000, 0x0000000706000000| Untracked 
|   9|0x0000000706200000, 0x0000000706200000, 0x0000000706400000|  0%| F|  |TAMS 0x0000000706200000, 0x0000000706200000| Untracked 
|  10|0x0000000706400000, 0x0000000706400000, 0x0000000706600000|  0%| F|  |TAMS 0x0000000706400000, 0x0000000706400000| Untracked 
|  11|0x0000000706600000, 0x0000000706600000, 0x0000000706800000|  0%| F|  |TAMS 0x0000000706600000, 0x0000000706600000| Untracked 
|  12|0x0000000706800000, 0x0000000706800000, 0x0000000706a00000|  0%| F|  |TAMS 0x0000000706800000, 0x0000000706800000| Untracked 
|  13|0x0000000706a00000, 0x0000000706a00000, 0x0000000706c00000|  0%| F|  |TAMS 0x0000000706a00000, 0x0000000706a00000| Untracked 
|  14|0x0000000706c00000, 0x0000000706c00000, 0x0000000706e00000|  0%| F|  |TAMS 0x0000000706c00000, 0x0000000706c00000| Untracked 
|  15|0x0000000706e00000, 0x0000000706e00000, 0x0000000707000000|  0%| F|  |TAMS 0x0000000706e00000, 0x0000000706e00000| Untracked 
|  16|0x0000000707000000, 0x0000000707000000, 0x0000000707200000|  0%| F|  |TAMS 0x0000000707000000, 0x0000000707000000| Untracked 
|  17|0x0000000707200000, 0x0000000707200000, 0x0000000707400000|  0%| F|  |TAMS 0x0000000707200000, 0x0000000707200000| Untracked 
|  18|0x0000000707400000, 0x0000000707400000, 0x0000000707600000|  0%| F|  |TAMS 0x0000000707400000, 0x0000000707400000| Untracked 
|  19|0x0000000707600000, 0x0000000707600000, 0x0000000707800000|  0%| F|  |TAMS 0x0000000707600000, 0x0000000707600000| Untracked 
|  20|0x0000000707800000, 0x0000000707800000, 0x0000000707a00000|  0%| F|  |TAMS 0x0000000707800000, 0x0000000707800000| Untracked 
|  21|0x0000000707a00000, 0x0000000707a00000, 0x0000000707c00000|  0%| F|  |TAMS 0x0000000707a00000, 0x0000000707a00000| Untracked 
|  22|0x0000000707c00000, 0x0000000707c00000, 0x0000000707e00000|  0%| F|  |TAMS 0x0000000707c00000, 0x0000000707c00000| Untracked 
|  23|0x0000000707e00000, 0x0000000707e00000, 0x0000000708000000|  0%| F|  |TAMS 0x0000000707e00000, 0x0000000707e00000| Untracked 
|  24|0x0000000708000000, 0x0000000708000000, 0x0000000708200000|  0%| F|  |TAMS 0x0000000708000000, 0x0000000708000000| Untracked 
|  25|0x0000000708200000, 0x0000000708200000, 0x0000000708400000|  0%| F|  |TAMS 0x0000000708200000, 0x0000000708200000| Untracked 
|  26|0x0000000708400000, 0x0000000708400000, 0x0000000708600000|  0%| F|  |TAMS 0x0000000708400000, 0x0000000708400000| Untracked 
|  27|0x0000000708600000, 0x0000000708600000, 0x0000000708800000|  0%| F|  |TAMS 0x0000000708600000, 0x0000000708600000| Untracked 
|  28|0x0000000708800000, 0x0000000708800000, 0x0000000708a00000|  0%| F|  |TAMS 0x0000000708800000, 0x0000000708800000| Untracked 
|  29|0x0000000708a00000, 0x0000000708a00000, 0x0000000708c00000|  0%| F|  |TAMS 0x0000000708a00000, 0x0000000708a00000| Untracked 
|  30|0x0000000708c00000, 0x0000000708c00000, 0x0000000708e00000|  0%| F|  |TAMS 0x0000000708c00000, 0x0000000708c00000| Untracked 
|  31|0x0000000708e00000, 0x0000000708e00000, 0x0000000709000000|  0%| F|  |TAMS 0x0000000708e00000, 0x0000000708e00000| Untracked 
|  32|0x0000000709000000, 0x0000000709000000, 0x0000000709200000|  0%| F|  |TAMS 0x0000000709000000, 0x0000000709000000| Untracked 
|  33|0x0000000709200000, 0x0000000709200000, 0x0000000709400000|  0%| F|  |TAMS 0x0000000709200000, 0x0000000709200000| Untracked 
|  34|0x0000000709400000, 0x0000000709400000, 0x0000000709600000|  0%| F|  |TAMS 0x0000000709400000, 0x0000000709400000| Untracked 
|  35|0x0000000709600000, 0x0000000709600000, 0x0000000709800000|  0%| F|  |TAMS 0x0000000709600000, 0x0000000709600000| Untracked 
|  36|0x0000000709800000, 0x0000000709800000, 0x0000000709a00000|  0%| F|  |TAMS 0x0000000709800000, 0x0000000709800000| Untracked 
|  37|0x0000000709a00000, 0x0000000709a00000, 0x0000000709c00000|  0%| F|  |TAMS 0x0000000709a00000, 0x0000000709a00000| Untracked 
|  38|0x0000000709c00000, 0x0000000709c00000, 0x0000000709e00000|  0%| F|  |TAMS 0x0000000709c00000, 0x0000000709c00000| Untracked 
|  39|0x0000000709e00000, 0x0000000709e00000, 0x000000070a000000|  0%| F|  |TAMS 0x0000000709e00000, 0x0000000709e00000| Untracked 
|  40|0x000000070a000000, 0x000000070a000000, 0x000000070a200000|  0%| F|  |TAMS 0x000000070a000000, 0x000000070a000000| Untracked 
|  41|0x000000070a200000, 0x000000070a200000, 0x000000070a400000|  0%| F|  |TAMS 0x000000070a200000, 0x000000070a200000| Untracked 
|  42|0x000000070a400000, 0x000000070a400000, 0x000000070a600000|  0%| F|  |TAMS 0x000000070a400000, 0x000000070a400000| Untracked 
|  43|0x000000070a600000, 0x000000070a600000, 0x000000070a800000|  0%| F|  |TAMS 0x000000070a600000, 0x000000070a600000| Untracked 
|  44|0x000000070a800000, 0x000000070a800000, 0x000000070aa00000|  0%| F|  |TAMS 0x000000070a800000, 0x000000070a800000| Untracked 
|  45|0x000000070aa00000, 0x000000070aa00000, 0x000000070ac00000|  0%| F|  |TAMS 0x000000070aa00000, 0x000000070aa00000| Untracked 
|  46|0x000000070ac00000, 0x000000070ac00000, 0x000000070ae00000|  0%| F|  |TAMS 0x000000070ac00000, 0x000000070ac00000| Untracked 
|  47|0x000000070ae00000, 0x000000070ae00000, 0x000000070b000000|  0%| F|  |TAMS 0x000000070ae00000, 0x000000070ae00000| Untracked 
|  48|0x000000070b000000, 0x000000070b000000, 0x000000070b200000|  0%| F|  |TAMS 0x000000070b000000, 0x000000070b000000| Untracked 
|  49|0x000000070b200000, 0x000000070b200000, 0x000000070b400000|  0%| F|  |TAMS 0x000000070b200000, 0x000000070b200000| Untracked 
|  50|0x000000070b400000, 0x000000070b400000, 0x000000070b600000|  0%| F|  |TAMS 0x000000070b400000, 0x000000070b400000| Untracked 
|  51|0x000000070b600000, 0x000000070b600000, 0x000000070b800000|  0%| F|  |TAMS 0x000000070b600000, 0x000000070b600000| Untracked 
|  52|0x000000070b800000, 0x000000070b800000, 0x000000070ba00000|  0%| F|  |TAMS 0x000000070b800000, 0x000000070b800000| Untracked 
|  53|0x000000070ba00000, 0x000000070ba00000, 0x000000070bc00000|  0%| F|  |TAMS 0x000000070ba00000, 0x000000070ba00000| Untracked 
|  54|0x000000070bc00000, 0x000000070bc00000, 0x000000070be00000|  0%| F|  |TAMS 0x000000070bc00000, 0x000000070bc00000| Untracked 
|  55|0x000000070be00000, 0x000000070be00000, 0x000000070c000000|  0%| F|  |TAMS 0x000000070be00000, 0x000000070be00000| Untracked 
|  56|0x000000070c000000, 0x000000070c000000, 0x000000070c200000|  0%| F|  |TAMS 0x000000070c000000, 0x000000070c000000| Untracked 
|  57|0x000000070c200000, 0x000000070c200000, 0x000000070c400000|  0%| F|  |TAMS 0x000000070c200000, 0x000000070c200000| Untracked 
|  58|0x000000070c400000, 0x000000070c400000, 0x000000070c600000|  0%| F|  |TAMS 0x000000070c400000, 0x000000070c400000| Untracked 
|  59|0x000000070c600000, 0x000000070c600000, 0x000000070c800000|  0%| F|  |TAMS 0x000000070c600000, 0x000000070c600000| Untracked 
|  60|0x000000070c800000, 0x000000070c800000, 0x000000070ca00000|  0%| F|  |TAMS 0x000000070c800000, 0x000000070c800000| Untracked 
|  61|0x000000070ca00000, 0x000000070ca00000, 0x000000070cc00000|  0%| F|  |TAMS 0x000000070ca00000, 0x000000070ca00000| Untracked 
|  62|0x000000070cc00000, 0x000000070cc00000, 0x000000070ce00000|  0%| F|  |TAMS 0x000000070cc00000, 0x000000070cc00000| Untracked 
|  63|0x000000070ce00000, 0x000000070ce00000, 0x000000070d000000|  0%| F|  |TAMS 0x000000070ce00000, 0x000000070ce00000| Untracked 
|  64|0x000000070d000000, 0x000000070d000000, 0x000000070d200000|  0%| F|  |TAMS 0x000000070d000000, 0x000000070d000000| Untracked 
|  65|0x000000070d200000, 0x000000070d200000, 0x000000070d400000|  0%| F|  |TAMS 0x000000070d200000, 0x000000070d200000| Untracked 
|  66|0x000000070d400000, 0x000000070d400000, 0x000000070d600000|  0%| F|  |TAMS 0x000000070d400000, 0x000000070d400000| Untracked 
|  67|0x000000070d600000, 0x000000070d600000, 0x000000070d800000|  0%| F|  |TAMS 0x000000070d600000, 0x000000070d600000| Untracked 
|  68|0x000000070d800000, 0x000000070d800000, 0x000000070da00000|  0%| F|  |TAMS 0x000000070d800000, 0x000000070d800000| Untracked 
|  69|0x000000070da00000, 0x000000070da00000, 0x000000070dc00000|  0%| F|  |TAMS 0x000000070da00000, 0x000000070da00000| Untracked 
|  70|0x000000070dc00000, 0x000000070dc00000, 0x000000070de00000|  0%| F|  |TAMS 0x000000070dc00000, 0x000000070dc00000| Untracked 
|  71|0x000000070de00000, 0x000000070de00000, 0x000000070e000000|  0%| F|  |TAMS 0x000000070de00000, 0x000000070de00000| Untracked 
|  72|0x000000070e000000, 0x000000070e000000, 0x000000070e200000|  0%| F|  |TAMS 0x000000070e000000, 0x000000070e000000| Untracked 
|  73|0x000000070e200000, 0x000000070e200000, 0x000000070e400000|  0%| F|  |TAMS 0x000000070e200000, 0x000000070e200000| Untracked 
|  74|0x000000070e400000, 0x000000070e400000, 0x000000070e600000|  0%| F|  |TAMS 0x000000070e400000, 0x000000070e400000| Untracked 
|  75|0x000000070e600000, 0x000000070e600000, 0x000000070e800000|  0%| F|  |TAMS 0x000000070e600000, 0x000000070e600000| Untracked 
|  76|0x000000070e800000, 0x000000070e800000, 0x000000070ea00000|  0%| F|  |TAMS 0x000000070e800000, 0x000000070e800000| Untracked 
|  77|0x000000070ea00000, 0x000000070ea00000, 0x000000070ec00000|  0%| F|  |TAMS 0x000000070ea00000, 0x000000070ea00000| Untracked 
|  78|0x000000070ec00000, 0x000000070ec00000, 0x000000070ee00000|  0%| F|  |TAMS 0x000000070ec00000, 0x000000070ec00000| Untracked 
|  79|0x000000070ee00000, 0x000000070ee00000, 0x000000070f000000|  0%| F|  |TAMS 0x000000070ee00000, 0x000000070ee00000| Untracked 
|  80|0x000000070f000000, 0x000000070f000000, 0x000000070f200000|  0%| F|  |TAMS 0x000000070f000000, 0x000000070f000000| Untracked 
|  81|0x000000070f200000, 0x000000070f200000, 0x000000070f400000|  0%| F|  |TAMS 0x000000070f200000, 0x000000070f200000| Untracked 
|  82|0x000000070f400000, 0x000000070f400000, 0x000000070f600000|  0%| F|  |TAMS 0x000000070f400000, 0x000000070f400000| Untracked 
|  83|0x000000070f600000, 0x000000070f600000, 0x000000070f800000|  0%| F|  |TAMS 0x000000070f600000, 0x000000070f600000| Untracked 
|  84|0x000000070f800000, 0x000000070f800000, 0x000000070fa00000|  0%| F|  |TAMS 0x000000070f800000, 0x000000070f800000| Untracked 
|  85|0x000000070fa00000, 0x000000070fa00000, 0x000000070fc00000|  0%| F|  |TAMS 0x000000070fa00000, 0x000000070fa00000| Untracked 
|  86|0x000000070fc00000, 0x000000070fc00000, 0x000000070fe00000|  0%| F|  |TAMS 0x000000070fc00000, 0x000000070fc00000| Untracked 
|  87|0x000000070fe00000, 0x000000070fe00000, 0x0000000710000000|  0%| F|  |TAMS 0x000000070fe00000, 0x000000070fe00000| Untracked 
|  88|0x0000000710000000, 0x0000000710000000, 0x0000000710200000|  0%| F|  |TAMS 0x0000000710000000, 0x0000000710000000| Untracked 
|  89|0x0000000710200000, 0x0000000710200000, 0x0000000710400000|  0%| F|  |TAMS 0x0000000710200000, 0x0000000710200000| Untracked 
|  90|0x0000000710400000, 0x0000000710400000, 0x0000000710600000|  0%| F|  |TAMS 0x0000000710400000, 0x0000000710400000| Untracked 
|  91|0x0000000710600000, 0x0000000710600000, 0x0000000710800000|  0%| F|  |TAMS 0x0000000710600000, 0x0000000710600000| Untracked 
|  92|0x0000000710800000, 0x0000000710800000, 0x0000000710a00000|  0%| F|  |TAMS 0x0000000710800000, 0x0000000710800000| Untracked 
|  93|0x0000000710a00000, 0x0000000710a00000, 0x0000000710c00000|  0%| F|  |TAMS 0x0000000710a00000, 0x0000000710a00000| Untracked 
|  94|0x0000000710c00000, 0x0000000710c00000, 0x0000000710e00000|  0%| F|  |TAMS 0x0000000710c00000, 0x0000000710c00000| Untracked 
|  95|0x0000000710e00000, 0x0000000710e00000, 0x0000000711000000|  0%| F|  |TAMS 0x0000000710e00000, 0x0000000710e00000| Untracked 
|  96|0x0000000711000000, 0x0000000711000000, 0x0000000711200000|  0%| F|  |TAMS 0x0000000711000000, 0x0000000711000000| Untracked 
|  97|0x0000000711200000, 0x0000000711200000, 0x0000000711400000|  0%| F|  |TAMS 0x0000000711200000, 0x0000000711200000| Untracked 
|  98|0x0000000711400000, 0x0000000711400000, 0x0000000711600000|  0%| F|  |TAMS 0x0000000711400000, 0x0000000711400000| Untracked 
|  99|0x0000000711600000, 0x0000000711600000, 0x0000000711800000|  0%| F|  |TAMS 0x0000000711600000, 0x0000000711600000| Untracked 
| 100|0x0000000711800000, 0x0000000711800000, 0x0000000711a00000|  0%| F|  |TAMS 0x0000000711800000, 0x0000000711800000| Untracked 
| 101|0x0000000711a00000, 0x0000000711a00000, 0x0000000711c00000|  0%| F|  |TAMS 0x0000000711a00000, 0x0000000711a00000| Untracked 
| 102|0x0000000711c00000, 0x0000000711c00000, 0x0000000711e00000|  0%| F|  |TAMS 0x0000000711c00000, 0x0000000711c00000| Untracked 
| 103|0x0000000711e00000, 0x0000000711e00000, 0x0000000712000000|  0%| F|  |TAMS 0x0000000711e00000, 0x0000000711e00000| Untracked 
| 104|0x0000000712000000, 0x0000000712000000, 0x0000000712200000|  0%| F|  |TAMS 0x0000000712000000, 0x0000000712000000| Untracked 
| 105|0x0000000712200000, 0x0000000712200000, 0x0000000712400000|  0%| F|  |TAMS 0x0000000712200000, 0x0000000712200000| Untracked 
| 106|0x0000000712400000, 0x0000000712400000, 0x0000000712600000|  0%| F|  |TAMS 0x0000000712400000, 0x0000000712400000| Untracked 
| 107|0x0000000712600000, 0x0000000712600000, 0x0000000712800000|  0%| F|  |TAMS 0x0000000712600000, 0x0000000712600000| Untracked 
| 108|0x0000000712800000, 0x0000000712800000, 0x0000000712a00000|  0%| F|  |TAMS 0x0000000712800000, 0x0000000712800000| Untracked 
| 109|0x0000000712a00000, 0x0000000712a00000, 0x0000000712c00000|  0%| F|  |TAMS 0x0000000712a00000, 0x0000000712a00000| Untracked 
| 110|0x0000000712c00000, 0x0000000712c00000, 0x0000000712e00000|  0%| F|  |TAMS 0x0000000712c00000, 0x0000000712c00000| Untracked 
| 111|0x0000000712e00000, 0x0000000712e00000, 0x0000000713000000|  0%| F|  |TAMS 0x0000000712e00000, 0x0000000712e00000| Untracked 
| 112|0x0000000713000000, 0x0000000713000000, 0x0000000713200000|  0%| F|  |TAMS 0x0000000713000000, 0x0000000713000000| Untracked 
| 113|0x0000000713200000, 0x0000000713200000, 0x0000000713400000|  0%| F|  |TAMS 0x0000000713200000, 0x0000000713200000| Untracked 
| 114|0x0000000713400000, 0x0000000713400000, 0x0000000713600000|  0%| F|  |TAMS 0x0000000713400000, 0x0000000713400000| Untracked 
| 115|0x0000000713600000, 0x00000007137caa20, 0x0000000713800000| 89%| S|CS|TAMS 0x0000000713600000, 0x0000000713600000| Complete 
| 116|0x0000000713800000, 0x0000000713800000, 0x0000000713a00000|  0%| F|  |TAMS 0x0000000713800000, 0x0000000713800000| Untracked 
| 117|0x0000000713a00000, 0x0000000713a00000, 0x0000000713c00000|  0%| F|  |TAMS 0x0000000713a00000, 0x0000000713a00000| Untracked 
| 118|0x0000000713c00000, 0x0000000713c00000, 0x0000000713e00000|  0%| F|  |TAMS 0x0000000713c00000, 0x0000000713c00000| Untracked 
| 119|0x0000000713e00000, 0x0000000713e00000, 0x0000000714000000|  0%| F|  |TAMS 0x0000000713e00000, 0x0000000713e00000| Untracked 
| 120|0x0000000714000000, 0x0000000714000000, 0x0000000714200000|  0%| F|  |TAMS 0x0000000714000000, 0x0000000714000000| Untracked 
| 121|0x0000000714200000, 0x0000000714300800, 0x0000000714400000| 50%| E|  |TAMS 0x0000000714200000, 0x0000000714200000| Complete 
| 122|0x0000000714400000, 0x0000000714600000, 0x0000000714600000|100%| E|CS|TAMS 0x0000000714400000, 0x0000000714400000| Complete 
| 123|0x0000000714600000, 0x0000000714800000, 0x0000000714800000|100%| E|CS|TAMS 0x0000000714600000, 0x0000000714600000| Complete 
| 124|0x0000000714800000, 0x0000000714a00000, 0x0000000714a00000|100%| E|CS|TAMS 0x0000000714800000, 0x0000000714800000| Complete 
| 125|0x0000000714a00000, 0x0000000714c00000, 0x0000000714c00000|100%| E|CS|TAMS 0x0000000714a00000, 0x0000000714a00000| Complete 

Card table byte_map: [0x00000203c3730000,0x00000203c3f10000] _byte_map_base: 0x00000203bff08000

Marking Bits (Prev, Next): (CMBitMap*) 0x00000203aa02c480, (CMBitMap*) 0x00000203aa02c4c0
 Prev Bits: [0x00000203c46f0000, 0x00000203c85b0000)
 Next Bits: [0x00000203c85b0000, 0x00000203cc470000)

Polling page: 0x00000203aa070000

Metaspace:

Usage:
  Non-class:      9.75 MB used.
      Class:      1.41 MB used.
       Both:     11.15 MB used.

Virtual space:
  Non-class space:       64.00 MB reserved,       9.88 MB ( 15%) committed,  1 nodes.
      Class space:        1.00 GB reserved,       1.50 MB ( <1%) committed,  1 nodes.
             Both:        1.06 GB reserved,      11.38 MB (  1%) committed. 

Chunk freelists:
   Non-Class:  5.86 MB
       Class:  14.53 MB
        Both:  20.39 MB

MaxMetaspaceSize: unlimited
CompressedClassSpaceSize: 1.00 GB
Initial GC threshold: 21.00 MB
Current GC threshold: 21.00 MB
CDS: on
MetaspaceReclaimPolicy: balanced
 - commit_granule_bytes: 65536.
 - commit_granule_words: 8192.
 - virtual_space_node_default_size: 8388608.
 - enlarge_chunks_in_place: 1.
 - new_chunks_are_fully_committed: 0.
 - uncommit_free_chunks: 1.
 - use_allocation_guard: 0.
 - handle_deallocations: 1.


Internal statistics:

num_allocs_failed_limit: 0.
num_arena_births: 184.
num_arena_deaths: 0.
num_vsnodes_births: 2.
num_vsnodes_deaths: 0.
num_space_committed: 182.
num_space_uncommitted: 0.
num_chunks_returned_to_freelist: 0.
num_chunks_taken_from_freelist: 592.
num_chunk_merges: 0.
num_chunk_splits: 357.
num_chunks_enlarged: 247.
num_inconsistent_stats: 0.

CodeHeap 'non-profiled nmethods': size=120000Kb used=697Kb max_used=697Kb free=119302Kb
 bounds [0x00000203bad80000, 0x00000203baff0000, 0x00000203c22b0000]
CodeHeap 'profiled nmethods': size=120000Kb used=3394Kb max_used=3394Kb free=116605Kb
 bounds [0x00000203b32b0000, 0x00000203b3610000, 0x00000203ba7e0000]
CodeHeap 'non-nmethods': size=5760Kb used=1186Kb max_used=1234Kb free=4573Kb
 bounds [0x00000203ba7e0000, 0x00000203baa50000, 0x00000203bad80000]
 total_blobs=2162 nmethods=1678 adapters=396
 compilation: enabled
              stopped_count=0, restarted_count=0
 full_count=0

Compilation events (20 events):
Event: 0.903 Thread 0x00000203cf1cf370 1662       3       java.lang.invoke.DelegatingMethodHandle::chooseDelegatingForm (24 bytes)
Event: 0.903 Thread 0x00000203cf1cf370 nmethod 1662 0x00000203b35f9e90 code [0x00000203b35fa040, 0x00000203b35fa388]
Event: 0.905 Thread 0x00000203cf1cf370 1663       3       java.lang.invoke.DirectMethodHandle$Holder::newInvokeSpecial (24 bytes)
Event: 0.905 Thread 0x00000203cf1cf370 nmethod 1663 0x00000203b35fa490 code [0x00000203b35fa680, 0x00000203b35fae48]
Event: 0.911 Thread 0x00000203cf1cf370 1664       3       java.lang.Class::getDeclaredConstructors (27 bytes)
Event: 0.911 Thread 0x00000203cf1cf370 nmethod 1664 0x00000203b35fb010 code [0x00000203b35fb200, 0x00000203b35fb518]
Event: 0.911 Thread 0x00000203cf1cf370 1665       3       java.util.ArrayList$ArrayListSpliterator::getFence (35 bytes)
Event: 0.912 Thread 0x00000203cf1cf370 nmethod 1665 0x00000203b35fb690 code [0x00000203b35fb820, 0x00000203b35fb978]
Event: 0.912 Thread 0x00000203cf1cf370 1666       3       java.util.ArrayList$ArrayListSpliterator::tryAdvance (79 bytes)
Event: 0.912 Thread 0x00000203cf1cf370 nmethod 1666 0x00000203b35fba10 code [0x00000203b35fbc00, 0x00000203b35fc188]
Event: 0.912 Thread 0x00000203cf1cf370 1668       3       java.lang.invoke.InvokerBytecodeGenerator::emitReferenceCast (188 bytes)
Event: 0.912 Thread 0x00000203cf1cf370 nmethod 1668 0x00000203b35fc410 code [0x00000203b35fc6c0, 0x00000203b35fd388]
Event: 0.913 Thread 0x00000203cf1cf370 1674       3       java.lang.invoke.LambdaForm::normalize (322 bytes)
Event: 0.915 Thread 0x00000203cf1cf370 nmethod 1674 0x00000203b35fd710 code [0x00000203b35fd9c0, 0x00000203b35fed38]
Event: 0.915 Thread 0x00000203cf1cf370 1675       3       java.util.HashMap::prepareArray (38 bytes)
Event: 0.915 Thread 0x00000203cf1cf370 nmethod 1675 0x00000203b35ff390 code [0x00000203b35ff580, 0x00000203b35ffb98]
Event: 0.917 Thread 0x00000203cf1cf370 1677       3       java.lang.invoke.BoundMethodHandle$Species_L::<init> (12 bytes)
Event: 0.917 Thread 0x00000203cf1cf370 nmethod 1677 0x00000203b35ffd90 code [0x00000203b35fff40, 0x00000203b3600168]
Event: 0.918 Thread 0x00000203cf1cf370 1678       3       java.util.stream.Sink$ChainedReference::<init> (16 bytes)
Event: 0.919 Thread 0x00000203cf1cf370 nmethod 1678 0x00000203b3600290 code [0x00000203b3600460, 0x00000203b36008a8]

GC Heap History (4 events):
Event: 0.392 GC heap before
{Heap before GC invocations=0 (full 0):
 garbage-first heap   total 258048K, used 20480K [0x0000000705000000, 0x0000000800000000)
  region size 2048K, 11 young (22528K), 0 survivors (0K)
 Metaspace       used 3950K, committed 4096K, reserved 1114112K
  class space    used 436K, committed 512K, reserved 1048576K
}
Event: 0.396 GC heap after
{Heap after GC invocations=1 (full 0):
 garbage-first heap   total 258048K, used 8959K [0x0000000705000000, 0x0000000800000000)
  region size 2048K, 2 young (4096K), 2 survivors (4096K)
 Metaspace       used 3950K, committed 4096K, reserved 1114112K
  class space    used 436K, committed 512K, reserved 1048576K
}
Event: 0.789 GC heap before
{Heap before GC invocations=1 (full 0):
 garbage-first heap   total 258048K, used 29439K [0x0000000705000000, 0x0000000800000000)
  region size 2048K, 12 young (24576K), 2 survivors (4096K)
 Metaspace       used 9446K, committed 9664K, reserved 1114112K
  class space    used 1166K, committed 1280K, reserved 1048576K
}
Event: 0.792 GC heap after
{Heap after GC invocations=2 (full 0):
 garbage-first heap   total 258048K, used 10506K [0x0000000705000000, 0x0000000800000000)
  region size 2048K, 1 young (2048K), 1 survivors (2048K)
 Metaspace       used 9446K, committed 9664K, reserved 1114112K
  class space    used 1166K, committed 1280K, reserved 1048576K
}

Dll operation events (8 events):
Event: 0.004 Loaded shared library C:\Program Files\BellSoft\LibericaJDK-17\bin\java.dll
Event: 0.017 Loaded shared library C:\Program Files\BellSoft\LibericaJDK-17\bin\jsvml.dll
Event: 0.033 Loaded shared library C:\Program Files\BellSoft\LibericaJDK-17\bin\net.dll
Event: 0.034 Loaded shared library C:\Program Files\BellSoft\LibericaJDK-17\bin\nio.dll
Event: 0.036 Loaded shared library C:\Program Files\BellSoft\LibericaJDK-17\bin\zip.dll
Event: 0.075 Loaded shared library C:\Program Files\BellSoft\LibericaJDK-17\bin\management.dll
Event: 0.089 Loaded shared library C:\Program Files\BellSoft\LibericaJDK-17\bin\management_ext.dll
Event: 0.108 Loaded shared library C:\Program Files\BellSoft\LibericaJDK-17\bin\jimage.dll

Deoptimization events (20 events):
Event: 0.800 Thread 0x00000203a9d4e930 DEOPT PACKING pc=0x00000203baddc37c sp=0x000000d0e4dfba50
Event: 0.800 Thread 0x00000203a9d4e930 DEOPT UNPACKING pc=0x00000203ba8369a3 sp=0x000000d0e4dfb9d0 mode 2
Event: 0.810 Thread 0x00000203a9d4e930 DEOPT PACKING pc=0x00000203b33c807d sp=0x000000d0e4df92c0
Event: 0.810 Thread 0x00000203a9d4e930 DEOPT UNPACKING pc=0x00000203ba837143 sp=0x000000d0e4df8748 mode 0
Event: 0.829 Thread 0x00000203a9d4e930 Uncommon trap: trap_request=0xffffff45 fr.pc=0x00000203bade1c38 relative=0x0000000000000098
Event: 0.829 Thread 0x00000203a9d4e930 Uncommon trap: reason=unstable_if action=reinterpret pc=0x00000203bade1c38 method=sun.reflect.generics.parser.SignatureParser.current()C @ 39 c2
Event: 0.829 Thread 0x00000203a9d4e930 DEOPT PACKING pc=0x00000203bade1c38 sp=0x000000d0e4dfbd00
Event: 0.829 Thread 0x00000203a9d4e930 DEOPT UNPACKING pc=0x00000203ba8369a3 sp=0x000000d0e4dfbc98 mode 2
Event: 0.840 Thread 0x00000203a9d4e930 DEOPT PACKING pc=0x00000203b33c807d sp=0x000000d0e4dfc420
Event: 0.840 Thread 0x00000203a9d4e930 DEOPT UNPACKING pc=0x00000203ba837143 sp=0x000000d0e4dfb8a8 mode 0
Event: 0.877 Thread 0x00000203a9d4e930 Uncommon trap: trap_request=0xffffff45 fr.pc=0x00000203bade34c0 relative=0x0000000000000480
Event: 0.877 Thread 0x00000203a9d4e930 Uncommon trap: reason=unstable_if action=reinterpret pc=0x00000203bade34c0 method=java.util.HashMap.hash(Ljava/lang/Object;)I @ 1 c2
Event: 0.877 Thread 0x00000203a9d4e930 DEOPT PACKING pc=0x00000203bade34c0 sp=0x000000d0e4dfcf40
Event: 0.877 Thread 0x00000203a9d4e930 DEOPT UNPACKING pc=0x00000203ba8369a3 sp=0x000000d0e4dfcdd8 mode 2
Event: 0.895 Thread 0x00000203a9d4e930 DEOPT PACKING pc=0x00000203b33c807d sp=0x000000d0e4dfc850
Event: 0.895 Thread 0x00000203a9d4e930 DEOPT UNPACKING pc=0x00000203ba837143 sp=0x000000d0e4dfbcd8 mode 0
Event: 0.908 Thread 0x00000203a9d4e930 Uncommon trap: trap_request=0xffffff45 fr.pc=0x00000203bae16810 relative=0x00000000000015b0
Event: 0.908 Thread 0x00000203a9d4e930 Uncommon trap: reason=unstable_if action=reinterpret pc=0x00000203bae16810 method=java.util.concurrent.ConcurrentHashMap.transfer([Ljava/util/concurrent/ConcurrentHashMap$Node;[Ljava/util/concurrent/ConcurrentHashMap$Node;)V @ 26 c2
Event: 0.908 Thread 0x00000203a9d4e930 DEOPT PACKING pc=0x00000203bae16810 sp=0x000000d0e4dfc030
Event: 0.908 Thread 0x00000203a9d4e930 DEOPT UNPACKING pc=0x00000203ba8369a3 sp=0x000000d0e4dfbfa0 mode 2

Classes unloaded (0 events):
No events

Classes redefined (0 events):
No events

Internal exceptions (20 events):
Event: 0.688 Thread 0x00000203a9d4e930 Exception <a 'java/lang/NoSuchMethodError'{0x0000000713c7d638}: 'int java.lang.invoke.DirectMethodHandle$Holder.invokeInterface(java.lang.Object, java.lang.Object)'> (0x0000000713c7d638) 
thrown [s\src\hotspot\share\interpreter\linkResolver.cpp, line 759]
Event: 0.700 Thread 0x00000203a9d4e930 Exception <a 'java/lang/NoSuchMethodError'{0x0000000713d683d8}: 'void java.lang.invoke.DirectMethodHandle$Holder.invokeStaticInit(java.lang.Object, java.lang.Object)'> (0x0000000713d683d8) 
thrown [s\src\hotspot\share\interpreter\linkResolver.cpp, line 759]
Event: 0.718 Thread 0x00000203a9d4e930 Exception <a 'java/lang/NoSuchMethodError'{0x0000000713a3a0e0}: 'int java.lang.invoke.DirectMethodHandle$Holder.invokeVirtual(java.lang.Object, java.lang.Object, java.lang.Object)'> (0x0000000713a3a0e0) 
thrown [s\src\hotspot\share\interpreter\linkResolver.cpp, line 759]
Event: 0.746 Thread 0x00000203a9d4e930 Exception <a 'java/lang/IncompatibleClassChangeError'{0x0000000713bb1690}: Found class java.lang.Object, but interface was expected> (0x0000000713bb1690) 
thrown [s\src\hotspot\share\interpreter\linkResolver.cpp, line 826]
Event: 0.774 Thread 0x00000203a9d4e930 Exception <a 'java/lang/NoSuchMethodError'{0x00000007139151b8}: 'int java.lang.invoke.DirectMethodHandle$Holder.invokeSpecial(java.lang.Object, java.lang.Object, java.lang.Object, java.lang.Object)'> (0x00000007139151b8) 
thrown [s\src\hotspot\share\interpreter\linkResolver.cpp, line 759]
Event: 0.777 Thread 0x00000203a9d4e930 Exception <a 'sun/nio/fs/WindowsException'{0x0000000713932600}> (0x0000000713932600) 
thrown [s\src\hotspot\share\prims\jni.cpp, line 516]
Event: 0.777 Thread 0x00000203a9d4e930 Exception <a 'java/lang/NoSuchMethodError'{0x0000000713933dc8}: 'int java.lang.invoke.DirectMethodHandle$Holder.invokeSpecial(java.lang.Object, java.lang.Object, java.lang.Object, java.lang.Object, java.lang.Object)'> (0x0000000713933dc8) 
thrown [s\src\hotspot\share\interpreter\linkResolver.cpp, line 759]
Event: 0.779 Thread 0x00000203a9d4e930 Exception <a 'java/lang/NoSuchMethodError'{0x000000071393d058}: 'void java.lang.invoke.DirectMethodHandle$Holder.invokeVirtual(java.lang.Object, java.lang.Object)'> (0x000000071393d058) 
thrown [s\src\hotspot\share\interpreter\linkResolver.cpp, line 759]
Event: 0.782 Thread 0x00000203a9d4e930 Exception <a 'sun/nio/fs/WindowsException'{0x000000071395bd40}> (0x000000071395bd40) 
thrown [s\src\hotspot\share\prims\jni.cpp, line 516]
Event: 0.814 Thread 0x00000203a9d4e930 Exception <a 'java/lang/NoSuchMethodError'{0x0000000714820370}: 'void java.lang.invoke.DirectMethodHandle$Holder.invokeVirtual(java.lang.Object, java.lang.Object, java.lang.Object, java.lang.Object)'> (0x0000000714820370) 
thrown [s\src\hotspot\share\interpreter\linkResolver.cpp, line 759]
Event: 0.875 Thread 0x00000203a9d4e930 Exception <a 'java/lang/NoSuchMethodError'{0x000000071444ceb0}: 'java.lang.Object java.lang.invoke.DirectMethodHandle$Holder.newInvokeSpecial(java.lang.Object, java.lang.Object, java.lang.Object, java.lang.Object, java.lang.Object, java.lang.Object, java.lang.Object)'> (0x000000071444ceb0) 
thrown [s\src\hotspot\share\interpreter\linkResolver.cpp, line 759]
Event: 0.876 Thread 0x00000203a9d4e930 Exception <a 'java/lang/NoSuchMethodError'{0x0000000714451a68}: 'java.lang.Object java.lang.invoke.Invokers$Holder.linkToTargetMethod(java.lang.Object, java.lang.Object, java.lang.Object, java.lang.Object, java.lang.Object, java.lang.Object, java.lang.Object)'> (0x0000000714451a68) 
thrown [s\src\hotspot\share\interpreter\linkResolver.cpp, line 759]
Event: 0.877 Thread 0x00000203a9d4e930 Implicit null exception at 0x00000203bade3090 to 0x00000203bade34a0
Event: 0.896 Thread 0x00000203a9d4e930 Exception <a 'java/lang/reflect/InvocationTargetException'{0x000000071454e318}> (0x000000071454e318) 
thrown [s\src\hotspot\share\runtime\reflection.cpp, line 1121]
Event: 0.911 Thread 0x00000203a9d4e930 Exception <a 'java/lang/NoSuchMethodError'{0x0000000714221828}: 'java.lang.Object java.lang.invoke.DirectMethodHandle$Holder.invokeInterface(java.lang.Object, java.lang.Object, java.lang.Object, java.lang.Object)'> (0x0000000714221828) 
thrown [s\src\hotspot\share\interpreter\linkResolver.cpp, line 759]
Event: 0.913 Thread 0x00000203a9d4e930 Exception <a 'java/lang/NoSuchMethodError'{0x000000071423ee08}: 'java.lang.Object java.lang.invoke.DirectMethodHandle$Holder.newInvokeSpecial(java.lang.Object, java.lang.Object, java.lang.Object, java.lang.Object, int)'> (0x000000071423ee08) 
thrown [s\src\hotspot\share\interpreter\linkResolver.cpp, line 759]
Event: 0.913 Thread 0x00000203a9d4e930 Exception <a 'java/lang/NoSuchMethodError'{0x00000007142435d8}: 'java.lang.Object java.lang.invoke.DirectMethodHandle$Holder.invokeSpecial(java.lang.Object, java.lang.Object, java.lang.Object, java.lang.Object, java.lang.Object, int)'> (0x00000007142435d8) 
thrown [s\src\hotspot\share\interpreter\linkResolver.cpp, line 759]
Event: 0.914 Thread 0x00000203a9d4e930 Exception <a 'java/lang/NoSuchMethodError'{0x0000000714247568}: 'java.lang.Object java.lang.invoke.Invokers$Holder.linkToTargetMethod(java.lang.Object, java.lang.Object, java.lang.Object, int, java.lang.Object)'> (0x0000000714247568) 
thrown [s\src\hotspot\share\interpreter\linkResolver.cpp, line 759]
Event: 0.916 Thread 0x00000203a9d4e930 Exception <a 'java/lang/NoSuchMethodError'{0x000000071427b750}: 'java.lang.Object java.lang.invoke.DirectMethodHandle$Holder.invokeInterface(java.lang.Object, java.lang.Object, java.lang.Object, java.lang.Object, java.lang.Object)'> (0x000000071427b750) 
thrown [s\src\hotspot\share\interpreter\linkResolver.cpp, line 759]
Event: 0.916 Thread 0x00000203a9d4e930 Exception <a 'java/lang/IncompatibleClassChangeError'{0x000000071427f548}: Found class java.lang.Object, but interface was expected> (0x000000071427f548) 
thrown [s\src\hotspot\share\interpreter\linkResolver.cpp, line 826]

VM Operations (20 events):
Event: 0.353 Executing VM operation: HandshakeAllThreads
Event: 0.353 Executing VM operation: HandshakeAllThreads done
Event: 0.358 Executing VM operation: HandshakeAllThreads
Event: 0.358 Executing VM operation: HandshakeAllThreads done
Event: 0.392 Executing VM operation: G1CollectForAllocation
Event: 0.396 Executing VM operation: G1CollectForAllocation done
Event: 0.453 Executing VM operation: HandshakeAllThreads
Event: 0.453 Executing VM operation: HandshakeAllThreads done
Event: 0.502 Executing VM operation: HandshakeAllThreads
Event: 0.502 Executing VM operation: HandshakeAllThreads done
Event: 0.534 Executing VM operation: HandshakeAllThreads
Event: 0.534 Executing VM operation: HandshakeAllThreads done
Event: 0.689 Executing VM operation: HandshakeAllThreads
Event: 0.689 Executing VM operation: HandshakeAllThreads done
Event: 0.757 Executing VM operation: HandshakeAllThreads
Event: 0.757 Executing VM operation: HandshakeAllThreads done
Event: 0.789 Executing VM operation: G1CollectForAllocation
Event: 0.792 Executing VM operation: G1CollectForAllocation done
Event: 0.813 Executing VM operation: HandshakeAllThreads
Event: 0.813 Executing VM operation: HandshakeAllThreads done

Events (20 events):
Event: 0.858 loading class java/time/YearMonth
Event: 0.859 loading class java/time/YearMonth done
Event: 0.859 loading class java/time/MonthDay
Event: 0.859 loading class java/time/MonthDay done
Event: 0.862 loading class sun/reflect/generics/tree/CharSignature
Event: 0.862 loading class sun/reflect/generics/tree/CharSignature done
Event: 0.862 loading class sun/reflect/generics/tree/ArrayTypeSignature
Event: 0.862 loading class sun/reflect/generics/tree/ArrayTypeSignature done
Event: 0.862 loading class java/net/UnknownHostException
Event: 0.862 loading class java/net/UnknownHostException done
Event: 0.865 loading class sun/reflect/generics/tree/ByteSignature
Event: 0.865 loading class sun/reflect/generics/tree/ByteSignature done
Event: 0.871 loading class java/util/function/UnaryOperator
Event: 0.871 loading class java/util/function/UnaryOperator done
Event: 0.872 loading class java/util/ConcurrentModificationException
Event: 0.872 loading class java/util/ConcurrentModificationException done
Event: 0.882 loading class java/lang/ThreadLocal$SuppliedThreadLocal
Event: 0.883 loading class java/lang/ThreadLocal$SuppliedThreadLocal done
Event: 0.914 loading class java/util/EventObject
Event: 0.914 loading class java/util/EventObject done


Dynamic libraries:
0x00007ff783a80000 - 0x00007ff783a8e000 	C:\Program Files\BellSoft\LibericaJDK-17\bin\java.exe
0x00007ff82e270000 - 0x00007ff82e487000 	C:\Windows\SYSTEM32\ntdll.dll
0x00007ff82ce70000 - 0x00007ff82cf34000 	C:\Windows\System32\KERNEL32.DLL
0x00007ff82b830000 - 0x00007ff82bbe7000 	C:\Windows\System32\KERNELBASE.dll
0x00007ff82bd10000 - 0x00007ff82be21000 	C:\Windows\System32\ucrtbase.dll
0x00007ff81c900000 - 0x00007ff81c917000 	C:\Program Files\BellSoft\LibericaJDK-17\bin\jli.dll
0x00007ff81c860000 - 0x00007ff81c87b000 	C:\Program Files\BellSoft\LibericaJDK-17\bin\VCRUNTIME140.dll
0x00007ff82d420000 - 0x00007ff82d5cf000 	C:\Windows\System32\USER32.dll
0x00007ff82b790000 - 0x00007ff82b7b6000 	C:\Windows\System32\win32u.dll
0x00007ff82d5d0000 - 0x00007ff82d5f9000 	C:\Windows\System32\GDI32.dll
0x00007ff8069f0000 - 0x00007ff806c83000 	C:\Windows\WinSxS\amd64_microsoft.windows.common-controls_6595b64144ccf1df_6.0.22621.3672_none_2713b9d173822955\COMCTL32.dll
0x00007ff82b5b0000 - 0x00007ff82b6c8000 	C:\Windows\System32\gdi32full.dll
0x00007ff82cae0000 - 0x00007ff82cb87000 	C:\Windows\System32\msvcrt.dll
0x00007ff82bbf0000 - 0x00007ff82bc8a000 	C:\Windows\System32\msvcp_win.dll
0x00007ff82d3e0000 - 0x00007ff82d411000 	C:\Windows\System32\IMM32.DLL
0x00007ff81c8f0000 - 0x00007ff81c8fc000 	C:\Program Files\BellSoft\LibericaJDK-17\bin\vcruntime140_1.dll
0x00007ff808670000 - 0x00007ff8086fe000 	C:\Program Files\BellSoft\LibericaJDK-17\bin\msvcp140.dll
0x00007fff47a60000 - 0x00007fff486c5000 	C:\Program Files\BellSoft\LibericaJDK-17\bin\server\jvm.dll
0x00007ff82e170000 - 0x00007ff82e222000 	C:\Windows\System32\ADVAPI32.dll
0x00007ff82c370000 - 0x00007ff82c418000 	C:\Windows\System32\sechost.dll
0x00007ff82b580000 - 0x00007ff82b5a8000 	C:\Windows\System32\bcrypt.dll
0x00007ff82c010000 - 0x00007ff82c124000 	C:\Windows\System32\RPCRT4.dll
0x00007ff805130000 - 0x00007ff805139000 	C:\Windows\SYSTEM32\WSOCK32.dll
0x00007ff82c240000 - 0x00007ff82c2b1000 	C:\Windows\System32\WS2_32.dll
0x00007ff819c30000 - 0x00007ff819c3a000 	C:\Windows\SYSTEM32\VERSION.dll
0x00007ff824500000 - 0x00007ff824534000 	C:\Windows\SYSTEM32\WINMM.dll
0x00007ff82b3a0000 - 0x00007ff82b3ed000 	C:\Windows\SYSTEM32\POWRPROF.dll
0x00007ff82b280000 - 0x00007ff82b293000 	C:\Windows\SYSTEM32\UMPDC.dll
0x00007ff82a590000 - 0x00007ff82a5a8000 	C:\Windows\SYSTEM32\kernel.appcore.dll
0x00007ff81c730000 - 0x00007ff81c73a000 	C:\Program Files\BellSoft\LibericaJDK-17\bin\jimage.dll
0x00007ff8288f0000 - 0x00007ff828b22000 	C:\Windows\SYSTEM32\DBGHELP.DLL
0x00007ff82d040000 - 0x00007ff82d3ce000 	C:\Windows\System32\combase.dll
0x00007ff82cd10000 - 0x00007ff82cde7000 	C:\Windows\System32\OLEAUT32.dll
0x00007ff823c80000 - 0x00007ff823cb2000 	C:\Windows\SYSTEM32\dbgcore.DLL
0x00007ff82bc90000 - 0x00007ff82bd0b000 	C:\Windows\System32\bcryptPrimitives.dll
0x00007ff806eb0000 - 0x00007ff806ed5000 	C:\Program Files\BellSoft\LibericaJDK-17\bin\java.dll
0x00007ffff82e0000 - 0x00007ffff83b7000 	C:\Program Files\BellSoft\LibericaJDK-17\bin\jsvml.dll
0x00007ff82d600000 - 0x00007ff82de69000 	C:\Windows\System32\SHELL32.dll
0x00007ff8294a0000 - 0x00007ff829d9f000 	C:\Windows\SYSTEM32\windows.storage.dll
0x00007ff829360000 - 0x00007ff82949f000 	C:\Windows\SYSTEM32\wintypes.dll
0x00007ff82c130000 - 0x00007ff82c229000 	C:\Windows\System32\SHCORE.dll
0x00007ff82e0b0000 - 0x00007ff82e10e000 	C:\Windows\System32\shlwapi.dll
0x00007ff82b4b0000 - 0x00007ff82b4d7000 	C:\Windows\SYSTEM32\profapi.dll
0x00007ff817e20000 - 0x00007ff817e39000 	C:\Program Files\BellSoft\LibericaJDK-17\bin\net.dll
0x00007ff827af0000 - 0x00007ff827c26000 	C:\Windows\SYSTEM32\WINHTTP.dll
0x00007ff82a9f0000 - 0x00007ff82aa59000 	C:\Windows\system32\mswsock.dll
0x00007ff80ad00000 - 0x00007ff80ad16000 	C:\Program Files\BellSoft\LibericaJDK-17\bin\nio.dll
0x00007ff81b120000 - 0x00007ff81b138000 	C:\Program Files\BellSoft\LibericaJDK-17\bin\zip.dll
0x00007ff80aa30000 - 0x00007ff80aa3a000 	C:\Program Files\BellSoft\LibericaJDK-17\bin\management.dll
0x00007ff809680000 - 0x00007ff80968b000 	C:\Program Files\BellSoft\LibericaJDK-17\bin\management_ext.dll
0x00007ff82c230000 - 0x00007ff82c238000 	C:\Windows\System32\PSAPI.DLL

dbghelp: loaded successfully - version: 4.0.5 - missing functions: none
symbol engine: initialized successfully - sym options: 0x614 - pdb path: .;C:\Program Files\BellSoft\LibericaJDK-17\bin;C:\Windows\SYSTEM32;C:\Windows\WinSxS\amd64_microsoft.windows.common-controls_6595b64144ccf1df_6.0.22621.3672_none_2713b9d173822955;C:\Program Files\BellSoft\LibericaJDK-17\bin\server

VM Arguments:
java_command: C:\Users\X10\AppData\Local\Temp\surefire14963434740670436600\surefirebooter-20241128135354959_3.jar C:\Users\X10\AppData\Local\Temp\surefire14963434740670436600 2024-11-28T13-53-54_071-jvmRun1 surefire-20241128135354959_1tmp surefire_0-20241128135354959_2tmp
java_class_path (initial): C:\Users\X10\AppData\Local\Temp\surefire14963434740670436600\surefirebooter-20241128135354959_3.jar
Launcher Type: SUN_STANDARD

[Global flags]
     intx CICompilerCount                          = 4                                         {product} {ergonomic}
     uint ConcGCThreads                            = 3                                         {product} {ergonomic}
     uint G1ConcRefinementThreads                  = 10                                        {product} {ergonomic}
   size_t G1HeapRegionSize                         = 2097152                                   {product} {ergonomic}
    uintx GCDrainStackTargetSize                   = 64                                        {product} {ergonomic}
   size_t InitialHeapSize                          = 264241152                                 {product} {ergonomic}
   size_t MarkStackSize                            = 4194304                                   {product} {ergonomic}
   size_t MaxHeapSize                              = 4211081216                                {product} {ergonomic}
   size_t MaxNewSize                               = 2524971008                                {product} {ergonomic}
   size_t MinHeapDeltaBytes                        = 2097152                                   {product} {ergonomic}
   size_t MinHeapSize                              = 8388608                                   {product} {ergonomic}
    uintx NonNMethodCodeHeapSize                   = 5839372                                {pd product} {ergonomic}
    uintx NonProfiledCodeHeapSize                  = 122909434                              {pd product} {ergonomic}
    uintx ProfiledCodeHeapSize                     = 122909434                              {pd product} {ergonomic}
    uintx ReservedCodeCacheSize                    = 251658240                              {pd product} {ergonomic}
     bool SegmentedCodeCache                       = true                                      {product} {ergonomic}
   size_t SoftMaxHeapSize                          = 4211081216                             {manageable} {ergonomic}
     bool UseCompressedClassPointers               = true                           {product lp64_product} {ergonomic}
     bool UseCompressedOops                        = true                           {product lp64_product} {ergonomic}
     bool UseG1GC                                  = true                                      {product} {ergonomic}
     bool UseLargePagesIndividualAllocation        = false                                  {pd product} {ergonomic}

Logging:
Log output configuration:
 #0: stdout all=warning uptime,level,tags
 #1: stderr all=off uptime,level,tags

Environment Variables:
JAVA_HOME=C:\Program Files\BellSoft\LibericaJDK-17\
PATH=C:\Users\X10\bin;C:\Program Files\Git\mingw64\bin;C:\Program Files\Git\usr\local\bin;C:\Program Files\Git\usr\bin;C:\Program Files\Git\usr\bin;C:\Program Files\Git\mingw64\bin;C:\Program Files\Git\usr\bin;C:\Users\X10\bin;C:\Program Files\BellSoft\LibericaJDK-17\bin;C:\Windows\system32;C:\Windows;C:\Windows\System32\Wbem;C:\Windows\System32\WindowsPowerShell\v1.0;C:\Windows\System32\OpenSSH;C:\Program Files\Git\cmd;C:\Program Files\Docker\Docker\resources\bin;C:\Program Files\BellSoft\LibericaJDK-17\bin;%NVM_HOME%;%NVM_SYMLINK%;C:\Users\X10\AppData\Local\Microsoft\WindowsApps;C:\Users\X10\AppData\Local\Programs\Microsoft VS Code\bin;C:\Users\X10\AppData\Roaming\nvm;C:\Program Files\nodejs;C:\Program Files\JetBrains\IntelliJ IDEA 2024.1.1\bin;C:\Program Files\Git\usr\bin\vendor_perl;C:\Program Files\Git\usr\bin\core_perl
USERNAME=X10
SHELL=C:\Program Files\Git\usr\bin\bash.exe
DISPLAY=needs-to-be-defined
LANG=en_US.UTF-8
TERM=xterm-256color
TMPDIR=C:\Users\X10\AppData\Local\Temp
OS=Windows_NT
PROCESSOR_IDENTIFIER=Intel64 Family 6 Model 186 Stepping 3, GenuineIntel
TMP=C:\Users\X10\AppData\Local\Temp
TEMP=C:\Users\X10\AppData\Local\Temp



Periodic native trim disabled


---------------  S Y S T E M  ---------------

OS:
 Windows 11 , 64 bit Build 22621 (10.0.22621.3958)
OS uptime: 38 days 4:46 hours
Hyper-V role detected

CPU: total 12 (initial active 12) (6 cores per cpu, 2 threads per core) family 6 model 186 stepping 3 microcode 0x4121, cx8, cmov, fxsr, ht, mmx, 3dnowpref, sse, sse2, sse3, ssse3, sse4.1, sse4.2, popcnt, lzcnt, tsc, tscinvbit, avx, avx2, aes, erms, clmul, bmi1, bmi2, adx, sha, fma, vzeroupper, clflush, clflushopt, clwb, hv
Processor Information for processor 0
  Max Mhz: 1700, Current Mhz: 1700, Mhz Limit: 1700
Processor Information for processor 1
  Max Mhz: 1700, Current Mhz: 1700, Mhz Limit: 1700
Processor Information for processor 2
  Max Mhz: 1700, Current Mhz: 1700, Mhz Limit: 1700
Processor Information for processor 3
  Max Mhz: 1700, Current Mhz: 1700, Mhz Limit: 1700
Processor Information for processor 4
  Max Mhz: 1700, Current Mhz: 1200, Mhz Limit: 1190
Processor Information for processor 5
  Max Mhz: 1700, Current Mhz: 1200, Mhz Limit: 1190
Processor Information for processor 6
  Max Mhz: 1700, Current Mhz: 1200, Mhz Limit: 1190
Processor Information for processor 7
  Max Mhz: 1700, Current Mhz: 1200, Mhz Limit: 1190
Processor Information for processor 8
  Max Mhz: 1700, Current Mhz: 1200, Mhz Limit: 1190
Processor Information for processor 9
  Max Mhz: 1700, Current Mhz: 1200, Mhz Limit: 1190
Processor Information for processor 10
  Max Mhz: 1700, Current Mhz: 1200, Mhz Limit: 1190
Processor Information for processor 11
  Max Mhz: 1700, Current Mhz: 1200, Mhz Limit: 1190

Memory: 4k page, system-wide physical 16057M (185M free)
TotalPageFile size 51280M (AvailPageFile size 6M)
current process WorkingSet (physical memory assigned to process): 110M, peak: 113M
current process commit charge ("private bytes"): 382M, peak: 385M

vm_info: OpenJDK 64-Bit Server VM (17.0.11+10-LTS) for windows-amd64 JRE (17.0.11+10-LTS), built on Apr 10 2024 06:54:38 by "" with MS VC++ 17.1 (VS2022)

END.
