#
# There is insufficient memory for the Java Runtime Environment to continue.
# Native memory allocation (malloc) failed to allocate 1009024 bytes. Error detail: Chunk::new
# Possible reasons:
#   The system is out of physical RAM or swap space
#   This process is running with CompressedOops enabled, and the Java Heap may be blocking the growth of the native heap
# Possible solutions:
#   Reduce memory load on the system
#   Increase physical memory or swap space
#   Check if swap backing store is full
#   Decrease Java heap size (-Xmx/-Xms)
#   Decrease number of Java threads
#   Decrease Java thread stack sizes (-Xss)
#   Set larger code cache with -XX:ReservedCodeCacheSize=
#   JVM is running with Unscaled Compressed Oops mode in which the Java heap is
#     placed in the first 4GB address space. The Java Heap base address is the
#     maximum limit for the native heap growth. Please use -XX:HeapBaseMinAddress
#     to set the Java Heap base and to place the Java Heap above 4GB virtual address.
# This output file may be truncated or incomplete.
#
#  Out of Memory Error (arena.cpp:191), pid=103908, tid=110080
#
# JRE version: OpenJDK Runtime Environment Temurin-17.0.13+11 (17.0.13+11) (build 17.0.13+11)
# Java VM: OpenJDK 64-Bit Server VM Temurin-17.0.13+11 (17.0.13+11, mixed mode, tiered, compressed oops, compressed class ptrs, parallel gc, windows-amd64)
# No core dump will be written. Minidumps are not enabled by default on client versions of Windows
#

---------------  S U M M A R Y ------------

Command Line: --add-modules=ALL-SYSTEM --add-opens=java.base/java.util=ALL-UNNAMED --add-opens=java.base/java.lang=ALL-UNNAMED --add-opens=java.base/sun.nio.fs=ALL-UNNAMED -Declipse.application=org.eclipse.jdt.ls.core.id1 -Dosgi.bundles.defaultStartLevel=4 -Declipse.product=org.eclipse.jdt.ls.core.product -Djava.import.generatesMetadataFilesAtProjectRoot=false -DDetectVMInstallationsJob.disabled=true -Dfile.encoding=utf8 -XX:+UseParallelGC -XX:GCTimeRatio=4 -XX:AdaptiveSizePolicyWeight=90 -Dsun.zip.disableMemoryMapping=true -Xmx1G -Xms100m -Xlog:disable -javaagent:c:\Users\X10\.vscode\extensions\redhat.java-1.36.0-win32-x64\lombok\lombok-1.18.35.jar -XX:+HeapDumpOnOutOfMemoryError -XX:HeapDumpPath=c:\Users\X10\AppData\Roaming\Code\User\workspaceStorage\9f67e42c91538415417d6b88faae650a\redhat.java -Daether.dependencyCollector.impl=bf c:\Users\X10\.vscode\extensions\redhat.java-1.36.0-win32-x64\server\plugins\org.eclipse.equinox.launcher_1.6.900.v20240613-2009.jar -configuration c:\Users\X10\AppData\Roaming\Code\User\globalStorage\redhat.java\1.36.0\config_win -data c:\Users\X10\AppData\Roaming\Code\User\workspaceStorage\9f67e42c91538415417d6b88faae650a\redhat.java\jdt_ws --pipe=\\.\pipe\lsp-ccb458902e59048d1ea930603f226d62-sock

Host: 13th Gen Intel(R) Core(TM) i7-1355U, 12 cores, 15G,  Windows 11 , 64 bit Build 22621 (10.0.22621.3958)
Time: Thu Nov 28 14:21:25 2024 SE Asia Standard Time elapsed time: 14.783092 seconds (0d 0h 0m 14s)

---------------  T H R E A D  ---------------

Current thread (0x0000014665da2a00):  JavaThread "C2 CompilerThread0" daemon [_thread_in_native, id=110080, stack(0x0000002e41c00000,0x0000002e41d00000)]


Current CompileTask:
C2:  14783 9903       4       org.eclipse.jdt.internal.compiler.util.JRTUtil::getClassfileContent (7 bytes)

Stack: [0x0000002e41c00000,0x0000002e41d00000]
Native frames: (J=compiled Java code, j=interpreted, Vv=VM code, C=native code)
V  [jvm.dll+0x682a19]
V  [jvm.dll+0x839538]
V  [jvm.dll+0x83afe3]
V  [jvm.dll+0x83b653]
V  [jvm.dll+0x24704f]
V  [jvm.dll+0xace34]
V  [jvm.dll+0xad4cc]
V  [jvm.dll+0x36597e]
V  [jvm.dll+0x32fbd8]
V  [jvm.dll+0x32f05a]
V  [jvm.dll+0x21804f]
V  [jvm.dll+0x21748f]
V  [jvm.dll+0x1a3070]
V  [jvm.dll+0x22788c]
V  [jvm.dll+0x2259eb]
V  [jvm.dll+0x7eec98]
V  [jvm.dll+0x7e8ffc]
V  [jvm.dll+0x6818f7]
C  [ucrtbase.dll+0x29333]
C  [KERNEL32.DLL+0x1257d]
C  [ntdll.dll+0x5af08]


---------------  P R O C E S S  ---------------

Threads class SMR info:
_java_thread_list=0x000001466b10abc0, length=76, elements={
0x000001464aeaf8f0, 0x0000014665d77420, 0x0000014665d79a70, 0x0000014665d92000,
0x0000014665d92c90, 0x0000014665d941c0, 0x0000014665d9dcc0, 0x0000014665da2a00,
0x0000014665db3310, 0x0000014665dcb800, 0x0000014665e243e0, 0x000001466754f690,
0x0000014667d5caf0, 0x0000014667d4efc0, 0x0000014667d6c950, 0x0000014667eb13b0,
0x0000014667e5a680, 0x000001466827ba30, 0x000001466827bf40, 0x000001466827a0e0,
0x0000014668278790, 0x000001466827b010, 0x00000146682796c0, 0x0000014668279bd0,
0x00000146682791b0, 0x000001466827ab00, 0x00000146693948f0, 0x00000146693934b0,
0x00000146693980a0, 0x0000014669396240, 0x00000146693985b0, 0x00000146693994e0,
0x0000014669397680, 0x0000014669393ed0, 0x0000014669396c60, 0x00000146693943e0,
0x0000014669397170, 0x0000014669394e00, 0x0000014669397b90, 0x0000014669398ac0,
0x0000014669392fa0, 0x00000146693939c0, 0x0000014669392070, 0x0000014669392580,
0x0000014669392a90, 0x0000014669395310, 0x0000014669396750, 0x00000146693999f0,
0x0000014669395820, 0x0000014668278ca0, 0x000001466b56e390, 0x000001466b56e8a0,
0x000001466b56f7d0, 0x000001466b572f80, 0x000001466b573eb0, 0x000001466b56fce0,
0x000001466b5743c0, 0x000001466b56de80, 0x000001466b56edb0, 0x000001466b56f2c0,
0x000001466b574de0, 0x000001466b570c10, 0x000001466b571b40, 0x000001466b5701f0,
0x000001466b5748d0, 0x000001466b56d970, 0x000001466b5752f0, 0x000001466b570700,
0x000001466b571120, 0x000001466b571630, 0x000001466b572560, 0x000001466b572a70,
0x000001466b573490, 0x000001466b5739a0, 0x000001466827b520, 0x000001466b108140
}

Java Threads: ( => current thread )
  0x000001464aeaf8f0 JavaThread "main" [_thread_blocked, id=57740, stack(0x0000002e41300000,0x0000002e41400000)]
  0x0000014665d77420 JavaThread "Reference Handler" daemon [_thread_blocked, id=99320, stack(0x0000002e41600000,0x0000002e41700000)]
  0x0000014665d79a70 JavaThread "Finalizer" daemon [_thread_blocked, id=109924, stack(0x0000002e41700000,0x0000002e41800000)]
  0x0000014665d92000 JavaThread "Signal Dispatcher" daemon [_thread_blocked, id=97360, stack(0x0000002e41800000,0x0000002e41900000)]
  0x0000014665d92c90 JavaThread "Attach Listener" daemon [_thread_blocked, id=3112, stack(0x0000002e41900000,0x0000002e41a00000)]
  0x0000014665d941c0 JavaThread "Service Thread" daemon [_thread_blocked, id=109580, stack(0x0000002e41a00000,0x0000002e41b00000)]
  0x0000014665d9dcc0 JavaThread "Monitor Deflation Thread" daemon [_thread_blocked, id=84204, stack(0x0000002e41b00000,0x0000002e41c00000)]
=>0x0000014665da2a00 JavaThread "C2 CompilerThread0" daemon [_thread_in_native, id=110080, stack(0x0000002e41c00000,0x0000002e41d00000)]
  0x0000014665db3310 JavaThread "C1 CompilerThread0" daemon [_thread_blocked, id=110004, stack(0x0000002e41d00000,0x0000002e41e00000)]
  0x0000014665dcb800 JavaThread "Sweeper thread" daemon [_thread_blocked, id=94408, stack(0x0000002e41e00000,0x0000002e41f00000)]
  0x0000014665e243e0 JavaThread "Common-Cleaner" daemon [_thread_blocked, id=107632, stack(0x0000002e41f00000,0x0000002e42000000)]
  0x000001466754f690 JavaThread "Notification Thread" daemon [_thread_blocked, id=109328, stack(0x0000002e42100000,0x0000002e42200000)]
  0x0000014667d5caf0 JavaThread "Active Thread: Equinox Container: 82999389-bed0-4ecf-af94-b970fa49d683" [_thread_blocked, id=106196, stack(0x0000002e42900000,0x0000002e42a00000)]
  0x0000014667d4efc0 JavaThread "Refresh Thread: Equinox Container: 82999389-bed0-4ecf-af94-b970fa49d683" daemon [_thread_blocked, id=97956, stack(0x0000002e42a00000,0x0000002e42b00000)]
  0x0000014667d6c950 JavaThread "Framework Event Dispatcher: Equinox Container: 82999389-bed0-4ecf-af94-b970fa49d683" daemon [_thread_blocked, id=63248, stack(0x0000002e42b00000,0x0000002e42c00000)]
  0x0000014667eb13b0 JavaThread "Start Level: Equinox Container: 82999389-bed0-4ecf-af94-b970fa49d683" daemon [_thread_blocked, id=108788, stack(0x0000002e42c00000,0x0000002e42d00000)]
  0x0000014667e5a680 JavaThread "Bundle File Closer" daemon [_thread_blocked, id=109368, stack(0x0000002e42e00000,0x0000002e42f00000)]
  0x000001466827ba30 JavaThread "SCR Component Actor" daemon [_thread_blocked, id=101568, stack(0x0000002e42000000,0x0000002e42100000)]
  0x000001466827bf40 JavaThread "Worker-JM" [_thread_blocked, id=105448, stack(0x0000002e43200000,0x0000002e43300000)]
  0x000001466827a0e0 JavaThread "JNA Cleaner" daemon [_thread_blocked, id=107900, stack(0x0000002e43300000,0x0000002e43400000)]
  0x0000014668278790 JavaThread "Worker-0" [_thread_blocked, id=107164, stack(0x0000002e43400000,0x0000002e43500000)]
  0x000001466827b010 JavaThread "Worker-1" [_thread_blocked, id=109384, stack(0x0000002e43500000,0x0000002e43600000)]
  0x00000146682796c0 JavaThread "Worker-2" [_thread_blocked, id=97488, stack(0x0000002e43600000,0x0000002e43700000)]
  0x0000014668279bd0 JavaThread "Java indexing" daemon [_thread_in_Java, id=109964, stack(0x0000002e43700000,0x0000002e43800000)]
  0x00000146682791b0 JavaThread "Worker-3" [_thread_blocked, id=104304, stack(0x0000002e43800000,0x0000002e43900000)]
  0x000001466827ab00 JavaThread "Worker-4" [_thread_blocked, id=4316, stack(0x0000002e43b00000,0x0000002e43c00000)]
  0x00000146693948f0 JavaThread "Thread-2" daemon [_thread_in_native, id=105552, stack(0x0000002e43c00000,0x0000002e43d00000)]
  0x00000146693934b0 JavaThread "Thread-3" daemon [_thread_in_native, id=104940, stack(0x0000002e43d00000,0x0000002e43e00000)]
  0x00000146693980a0 JavaThread "Thread-4" daemon [_thread_in_native, id=109968, stack(0x0000002e43e00000,0x0000002e43f00000)]
  0x0000014669396240 JavaThread "Thread-5" daemon [_thread_in_native, id=79944, stack(0x0000002e43f00000,0x0000002e44000000)]
  0x00000146693985b0 JavaThread "Thread-6" daemon [_thread_in_native, id=58720, stack(0x0000002e44000000,0x0000002e44100000)]
  0x00000146693994e0 JavaThread "Thread-7" daemon [_thread_in_native, id=25788, stack(0x0000002e44100000,0x0000002e44200000)]
  0x0000014669397680 JavaThread "Thread-8" daemon [_thread_in_native, id=108676, stack(0x0000002e44200000,0x0000002e44300000)]
  0x0000014669393ed0 JavaThread "Thread-9" daemon [_thread_in_native, id=107156, stack(0x0000002e44300000,0x0000002e44400000)]
  0x0000014669396c60 JavaThread "Thread-10" daemon [_thread_in_native, id=101352, stack(0x0000002e44400000,0x0000002e44500000)]
  0x00000146693943e0 JavaThread "Thread-11" daemon [_thread_in_native, id=32956, stack(0x0000002e44500000,0x0000002e44600000)]
  0x0000014669397170 JavaThread "Thread-12" daemon [_thread_in_native, id=93384, stack(0x0000002e44600000,0x0000002e44700000)]
  0x0000014669394e00 JavaThread "Thread-13" daemon [_thread_in_native, id=97352, stack(0x0000002e44700000,0x0000002e44800000)]
  0x0000014669397b90 JavaThread "Thread-14" daemon [_thread_in_native, id=98700, stack(0x0000002e44800000,0x0000002e44900000)]
  0x0000014669398ac0 JavaThread "Worker-5: Java indexing... " [_thread_blocked, id=107344, stack(0x0000002e44900000,0x0000002e44a00000)]
  0x0000014669392fa0 JavaThread "Worker-6: Building" [_thread_in_vm, id=77572, stack(0x0000002e44a00000,0x0000002e44b00000)]
  0x00000146693939c0 JavaThread "Worker-7" [_thread_blocked, id=98624, stack(0x0000002e44b00000,0x0000002e44c00000)]
  0x0000014669392070 JavaThread "pool-2-thread-1" [_thread_blocked, id=104992, stack(0x0000002e44c00000,0x0000002e44d00000)]
  0x0000014669392580 JavaThread "WorkspaceEventsHandler" [_thread_blocked, id=108596, stack(0x0000002e44d00000,0x0000002e44e00000)]
  0x0000014669392a90 JavaThread "pool-1-thread-1" [_thread_blocked, id=104900, stack(0x0000002e44e00000,0x0000002e44f00000)]
  0x0000014669395310 JavaThread "LocalFile Deleter" daemon [_thread_blocked, id=110276, stack(0x0000002e44f00000,0x0000002e45000000)]
  0x0000014669396750 JavaThread "LocalFile Deleter" daemon [_thread_blocked, id=106540, stack(0x0000002e45000000,0x0000002e45100000)]
  0x00000146693999f0 JavaThread "LocalFile Deleter" daemon [_thread_blocked, id=104468, stack(0x0000002e45100000,0x0000002e45200000)]
  0x0000014669395820 JavaThread "LocalFile Deleter" daemon [_thread_blocked, id=100968, stack(0x0000002e45200000,0x0000002e45300000)]
  0x0000014668278ca0 JavaThread "LocalFile Deleter" daemon [_thread_blocked, id=103468, stack(0x0000002e45300000,0x0000002e45400000)]
  0x000001466b56e390 JavaThread "LocalFile Deleter" daemon [_thread_blocked, id=100424, stack(0x0000002e45400000,0x0000002e45500000)]
  0x000001466b56e8a0 JavaThread "LocalFile Deleter" daemon [_thread_blocked, id=109916, stack(0x0000002e45500000,0x0000002e45600000)]
  0x000001466b56f7d0 JavaThread "LocalFile Deleter" daemon [_thread_blocked, id=110088, stack(0x0000002e45600000,0x0000002e45700000)]
  0x000001466b572f80 JavaThread "LocalFile Deleter" daemon [_thread_blocked, id=110476, stack(0x0000002e45700000,0x0000002e45800000)]
  0x000001466b573eb0 JavaThread "LocalFile Deleter" daemon [_thread_blocked, id=110400, stack(0x0000002e45800000,0x0000002e45900000)]
  0x000001466b56fce0 JavaThread "LocalFile Deleter" daemon [_thread_blocked, id=70824, stack(0x0000002e45900000,0x0000002e45a00000)]
  0x000001466b5743c0 JavaThread "LocalFile Deleter" daemon [_thread_blocked, id=110208, stack(0x0000002e45a00000,0x0000002e45b00000)]
  0x000001466b56de80 JavaThread "Compiler Source File Reader" daemon [_thread_blocked, id=109528, stack(0x0000002e45b00000,0x0000002e45c00000)]
  0x000001466b56edb0 JavaThread "Compiler Source File Reader" daemon [_thread_blocked, id=110576, stack(0x0000002e45c00000,0x0000002e45d00000)]
  0x000001466b56f2c0 JavaThread "Compiler Source File Reader" daemon [_thread_blocked, id=44324, stack(0x0000002e45d00000,0x0000002e45e00000)]
  0x000001466b574de0 JavaThread "Compiler Source File Reader" daemon [_thread_blocked, id=110504, stack(0x0000002e45e00000,0x0000002e45f00000)]
  0x000001466b570c10 JavaThread "Compiler Source File Reader" daemon [_thread_blocked, id=110404, stack(0x0000002e45f00000,0x0000002e46000000)]
  0x000001466b571b40 JavaThread "Compiler Source File Reader" daemon [_thread_blocked, id=109736, stack(0x0000002e46000000,0x0000002e46100000)]
  0x000001466b5701f0 JavaThread "Compiler Source File Reader" daemon [_thread_blocked, id=109740, stack(0x0000002e46100000,0x0000002e46200000)]
  0x000001466b5748d0 JavaThread "Compiler Source File Reader" daemon [_thread_blocked, id=104688, stack(0x0000002e46200000,0x0000002e46300000)]
  0x000001466b56d970 JavaThread "Compiler Processing Task" daemon [_thread_blocked, id=109112, stack(0x0000002e43000000,0x0000002e43100000)]
  0x000001466b5752f0 JavaThread "Compiler Class File Writer" daemon [_thread_blocked, id=108476, stack(0x0000002e46300000,0x0000002e46400000)]
  0x000001466b570700 JavaThread "Compiler Class File Writer" daemon [_thread_blocked, id=103772, stack(0x0000002e46400000,0x0000002e46500000)]
  0x000001466b571120 JavaThread "Compiler Class File Writer" daemon [_thread_blocked, id=109484, stack(0x0000002e46500000,0x0000002e46600000)]
  0x000001466b571630 JavaThread "Compiler Class File Writer" daemon [_thread_blocked, id=25060, stack(0x0000002e46600000,0x0000002e46700000)]
  0x000001466b572560 JavaThread "Compiler Class File Writer" daemon [_thread_blocked, id=100348, stack(0x0000002e46700000,0x0000002e46800000)]
  0x000001466b572a70 JavaThread "Compiler Class File Writer" daemon [_thread_blocked, id=104476, stack(0x0000002e46800000,0x0000002e46900000)]
  0x000001466b573490 JavaThread "Compiler Class File Writer" daemon [_thread_blocked, id=109840, stack(0x0000002e46900000,0x0000002e46a00000)]
  0x000001466b5739a0 JavaThread "Compiler Class File Writer" daemon [_thread_blocked, id=69804, stack(0x0000002e46a00000,0x0000002e46b00000)]
  0x000001466827b520 JavaThread "Compiler Source File Reader" daemon [_thread_blocked, id=105416, stack(0x0000002e46b00000,0x0000002e46c00000)]
  0x000001466b108140 JavaThread "Compiler Class File Writer" daemon [_thread_blocked, id=97396, stack(0x0000002e46c00000,0x0000002e46d00000)]

Other Threads:
  0x000001464af5e8a0 VMThread "VM Thread" [stack: 0x0000002e41500000,0x0000002e41600000] [id=110176]
  0x00000146675487b0 WatcherThread [stack: 0x0000002e42200000,0x0000002e42300000] [id=109988]
  0x000001464aece040 GCTaskThread "GC Thread#0" [stack: 0x0000002e41400000,0x0000002e41500000] [id=106264]
  0x0000014667c8f030 GCTaskThread "GC Thread#1" [stack: 0x0000002e42300000,0x0000002e42400000] [id=109212]
  0x000001466756f030 GCTaskThread "GC Thread#2" [stack: 0x0000002e42400000,0x0000002e42500000] [id=100864]
  0x000001466756f2f0 GCTaskThread "GC Thread#3" [stack: 0x0000002e42500000,0x0000002e42600000] [id=108048]
  0x000001466756f5b0 GCTaskThread "GC Thread#4" [stack: 0x0000002e42600000,0x0000002e42700000] [id=105300]
  0x000001466777c820 GCTaskThread "GC Thread#5" [stack: 0x0000002e42700000,0x0000002e42800000] [id=107764]
  0x000001466777cae0 GCTaskThread "GC Thread#6" [stack: 0x0000002e42800000,0x0000002e42900000] [id=108872]
  0x0000014667e6ac30 GCTaskThread "GC Thread#7" [stack: 0x0000002e42d00000,0x0000002e42e00000] [id=110192]
  0x000001466814d470 GCTaskThread "GC Thread#8" [stack: 0x0000002e42f00000,0x0000002e43000000] [id=103504]
  0x0000014668147380 GCTaskThread "GC Thread#9" [stack: 0x0000002e43100000,0x0000002e43200000] [id=95248]

Threads with active compile tasks:
C2 CompilerThread0    14822 9903       4       org.eclipse.jdt.internal.compiler.util.JRTUtil::getClassfileContent (7 bytes)

VM state: not at safepoint (normal execution)

VM Mutex/Monitor currently owned by a thread: None

Heap address: 0x00000000c0000000, size: 1024 MB, Compressed Oops mode: 32-bit

CDS archive(s) not mapped
Compressed class space mapped at: 0x0000000100000000-0x0000000140000000, reserved size: 1073741824
Narrow klass base: 0x0000000000000000, Narrow klass shift: 3, Narrow klass range: 0x140000000

GC Precious Log:
 CPUs: 12 total, 12 available
 Memory: 16057M
 Large Page Support: Disabled
 NUMA Support: Disabled
 Compressed Oops: Enabled (32-bit)
 Alignments: Space 512K, Generation 512K, Heap 2M
 Heap Min Capacity: 100M
 Heap Initial Capacity: 100M
 Heap Max Capacity: 1G
 Pre-touch: Disabled
 Parallel Workers: 10

Heap:
 PSYoungGen      total 16896K, used 9318K [0x00000000eab00000, 0x00000000ec000000, 0x0000000100000000)
  eden space 12288K, 38% used [0x00000000eab00000,0x00000000eaf9b050,0x00000000eb700000)
  from space 4608K, 99% used [0x00000000ebb80000,0x00000000ebffeaa0,0x00000000ec000000)
  to   space 4608K, 0% used [0x00000000eb700000,0x00000000eb700000,0x00000000ebb80000)
 ParOldGen       total 227840K, used 217163K [0x00000000c0000000, 0x00000000cde80000, 0x00000000eab00000)
  object space 227840K, 95% used [0x00000000c0000000,0x00000000cd412c40,0x00000000cde80000)
 Metaspace       used 65914K, committed 67072K, reserved 1114112K
  class space    used 6912K, committed 7424K, reserved 1048576K

Card table byte_map: [0x000001465e550000,0x000001465e760000] _byte_map_base: 0x000001465df50000

Marking Bits: (ParMarkBitMap*) 0x00007fffc80b6940
 Begin Bits: [0x000001465e8c0000, 0x000001465f8c0000)
 End Bits:   [0x000001465f8c0000, 0x00000146608c0000)

Polling page: 0x000001464af60000

Metaspace:

Usage:
  Non-class:     57.62 MB used.
      Class:      6.75 MB used.
       Both:     64.37 MB used.

Virtual space:
  Non-class space:       64.00 MB reserved,      58.25 MB ( 91%) committed,  1 nodes.
      Class space:        1.00 GB reserved,       7.25 MB ( <1%) committed,  1 nodes.
             Both:        1.06 GB reserved,      65.50 MB (  6%) committed. 

Chunk freelists:
   Non-Class:  5.69 MB
       Class:  8.79 MB
        Both:  14.48 MB

MaxMetaspaceSize: unlimited
CompressedClassSpaceSize: 1.00 GB
Initial GC threshold: 21.00 MB
Current GC threshold: 107.62 MB
CDS: off
MetaspaceReclaimPolicy: balanced
 - commit_granule_bytes: 65536.
 - commit_granule_words: 8192.
 - virtual_space_node_default_size: 8388608.
 - enlarge_chunks_in_place: 1.
 - new_chunks_are_fully_committed: 0.
 - uncommit_free_chunks: 1.
 - use_allocation_guard: 0.
 - handle_deallocations: 1.


Internal statistics:

num_allocs_failed_limit: 6.
num_arena_births: 862.
num_arena_deaths: 14.
num_vsnodes_births: 2.
num_vsnodes_deaths: 0.
num_space_committed: 1047.
num_space_uncommitted: 0.
num_chunks_returned_to_freelist: 20.
num_chunks_taken_from_freelist: 3625.
num_chunk_merges: 11.
num_chunk_splits: 2167.
num_chunks_enlarged: 1162.
num_inconsistent_stats: 0.

CodeHeap 'non-profiled nmethods': size=120000Kb used=3837Kb max_used=3837Kb free=116162Kb
 bounds [0x0000014656e40000, 0x0000014657200000, 0x000001465e370000]
CodeHeap 'profiled nmethods': size=120000Kb used=17952Kb max_used=17952Kb free=102047Kb
 bounds [0x000001464f370000, 0x0000014650500000, 0x00000146568a0000]
CodeHeap 'non-nmethods': size=5760Kb used=1354Kb max_used=1407Kb free=4405Kb
 bounds [0x00000146568a0000, 0x0000014656b10000, 0x0000014656e40000]
 total_blobs=9785 nmethods=9085 adapters=612
 compilation: enabled
              stopped_count=0, restarted_count=0
 full_count=0

Compilation events (20 events):
Event: 14.780 Thread 0x0000014665db3310 10181       1       org.apache.maven.artifact.DefaultArtifact::setDependencyTrail (6 bytes)
Event: 14.780 Thread 0x0000014665db3310 nmethod 10181 0x00000146571fcc90 code [0x00000146571fce20, 0x00000146571fcef8]
Event: 14.780 Thread 0x0000014665db3310 10183       1       org.apache.maven.artifact.handler.DefaultArtifactHandler::setLanguage (6 bytes)
Event: 14.780 Thread 0x0000014665db3310 nmethod 10183 0x00000146571fcf90 code [0x00000146571fd120, 0x00000146571fd1f8]
Event: 14.780 Thread 0x0000014665db3310 10184       1       org.apache.maven.artifact.handler.DefaultArtifactHandler::setAddedToClasspath (6 bytes)
Event: 14.780 Thread 0x0000014665db3310 nmethod 10184 0x00000146571fd290 code [0x00000146571fd420, 0x00000146571fd4f8]
Event: 14.780 Thread 0x0000014665db3310 10186       1       org.apache.maven.artifact.DefaultArtifact::setFile (6 bytes)
Event: 14.781 Thread 0x0000014665db3310 nmethod 10186 0x00000146571fd590 code [0x00000146571fd720, 0x00000146571fd7f8]
Event: 14.781 Thread 0x0000014665db3310 10187       1       org.apache.maven.artifact.DefaultArtifact::setResolved (6 bytes)
Event: 14.781 Thread 0x0000014665db3310 nmethod 10187 0x00000146571fd890 code [0x00000146571fda20, 0x00000146571fdaf8]
Event: 14.781 Thread 0x0000014665db3310 10185       1       org.apache.maven.artifact.handler.DefaultArtifactHandler::setExtension (6 bytes)
Event: 14.781 Thread 0x0000014665db3310 nmethod 10185 0x00000146571fdb90 code [0x00000146571fdd20, 0x00000146571fddf8]
Event: 14.781 Thread 0x0000014665db3310 10188       1       org.apache.maven.artifact.handler.DefaultArtifactHandler::setIncludesDependencies (6 bytes)
Event: 14.781 Thread 0x0000014665db3310 nmethod 10188 0x00000146571fde90 code [0x00000146571fe020, 0x00000146571fe0f8]
Event: 14.781 Thread 0x0000014665db3310 10189       1       org.apache.maven.artifact.DefaultArtifact::setScope (6 bytes)
Event: 14.781 Thread 0x0000014665db3310 nmethod 10189 0x00000146571fe190 code [0x00000146571fe320, 0x00000146571fe3f8]
Event: 14.781 Thread 0x0000014665db3310 10190       1       org.apache.maven.artifact.DefaultArtifact::setOptional (6 bytes)
Event: 14.781 Thread 0x0000014665db3310 nmethod 10190 0x00000146571fe490 code [0x00000146571fe620, 0x00000146571fe6f8]
Event: 14.781 Thread 0x0000014665db3310 10191       1       org.apache.maven.artifact.DefaultArtifact::isResolved (5 bytes)
Event: 14.781 Thread 0x0000014665db3310 nmethod 10191 0x00000146571fe790 code [0x00000146571fe920, 0x00000146571fe9f8]

GC Heap History (20 events):
Event: 14.181 GC heap before
{Heap before GC invocations=174 (full 8):
 PSYoungGen      total 14336K, used 13159K [0x00000000eab00000, 0x00000000ebd00000, 0x0000000100000000)
  eden space 9216K, 100% used [0x00000000eab00000,0x00000000eb400000,0x00000000eb400000)
  from space 5120K, 77% used [0x00000000eb400000,0x00000000eb7d9e60,0x00000000eb900000)
  to   space 4096K, 0% used [0x00000000eb900000,0x00000000eb900000,0x00000000ebd00000)
 ParOldGen       total 227840K, used 198132K [0x00000000c0000000, 0x00000000cde80000, 0x00000000eab00000)
  object space 227840K, 86% used [0x00000000c0000000,0x00000000cc17d328,0x00000000cde80000)
 Metaspace       used 65406K, committed 66560K, reserved 1114112K
  class space    used 6883K, committed 7360K, reserved 1048576K
}
Event: 14.190 GC heap after
{Heap after GC invocations=174 (full 8):
 PSYoungGen      total 13312K, used 4083K [0x00000000eab00000, 0x00000000ebd00000, 0x0000000100000000)
  eden space 9216K, 0% used [0x00000000eab00000,0x00000000eab00000,0x00000000eb400000)
  from space 4096K, 99% used [0x00000000eb900000,0x00000000ebcfcd20,0x00000000ebd00000)
  to   space 5120K, 0% used [0x00000000eb400000,0x00000000eb400000,0x00000000eb900000)
 ParOldGen       total 227840K, used 199723K [0x00000000c0000000, 0x00000000cde80000, 0x00000000eab00000)
  object space 227840K, 87% used [0x00000000c0000000,0x00000000cc30ac20,0x00000000cde80000)
 Metaspace       used 65406K, committed 66560K, reserved 1114112K
  class space    used 6883K, committed 7360K, reserved 1048576K
}
Event: 14.226 GC heap before
{Heap before GC invocations=175 (full 8):
 PSYoungGen      total 13312K, used 13299K [0x00000000eab00000, 0x00000000ebd00000, 0x0000000100000000)
  eden space 9216K, 100% used [0x00000000eab00000,0x00000000eb400000,0x00000000eb400000)
  from space 4096K, 99% used [0x00000000eb900000,0x00000000ebcfcd20,0x00000000ebd00000)
  to   space 5120K, 0% used [0x00000000eb400000,0x00000000eb400000,0x00000000eb900000)
 ParOldGen       total 227840K, used 199723K [0x00000000c0000000, 0x00000000cde80000, 0x00000000eab00000)
  object space 227840K, 87% used [0x00000000c0000000,0x00000000cc30ac20,0x00000000cde80000)
 Metaspace       used 65453K, committed 66624K, reserved 1114112K
  class space    used 6884K, committed 7360K, reserved 1048576K
}
Event: 14.237 GC heap after
{Heap after GC invocations=175 (full 8):
 PSYoungGen      total 14336K, used 4173K [0x00000000eab00000, 0x00000000ebd00000, 0x0000000100000000)
  eden space 9216K, 0% used [0x00000000eab00000,0x00000000eab00000,0x00000000eb400000)
  from space 5120K, 81% used [0x00000000eb400000,0x00000000eb813518,0x00000000eb900000)
  to   space 4096K, 0% used [0x00000000eb900000,0x00000000eb900000,0x00000000ebd00000)
 ParOldGen       total 227840K, used 201160K [0x00000000c0000000, 0x00000000cde80000, 0x00000000eab00000)
  object space 227840K, 88% used [0x00000000c0000000,0x00000000cc472090,0x00000000cde80000)
 Metaspace       used 65453K, committed 66624K, reserved 1114112K
  class space    used 6884K, committed 7360K, reserved 1048576K
}
Event: 14.285 GC heap before
{Heap before GC invocations=176 (full 8):
 PSYoungGen      total 14336K, used 13389K [0x00000000eab00000, 0x00000000ebd00000, 0x0000000100000000)
  eden space 9216K, 100% used [0x00000000eab00000,0x00000000eb400000,0x00000000eb400000)
  from space 5120K, 81% used [0x00000000eb400000,0x00000000eb813518,0x00000000eb900000)
  to   space 4096K, 0% used [0x00000000eb900000,0x00000000eb900000,0x00000000ebd00000)
 ParOldGen       total 227840K, used 201160K [0x00000000c0000000, 0x00000000cde80000, 0x00000000eab00000)
  object space 227840K, 88% used [0x00000000c0000000,0x00000000cc472090,0x00000000cde80000)
 Metaspace       used 65511K, committed 66624K, reserved 1114112K
  class space    used 6885K, committed 7360K, reserved 1048576K
}
Event: 14.290 GC heap after
{Heap after GC invocations=176 (full 8):
 PSYoungGen      total 13312K, used 4081K [0x00000000eab00000, 0x00000000ebd00000, 0x0000000100000000)
  eden space 9216K, 0% used [0x00000000eab00000,0x00000000eab00000,0x00000000eb400000)
  from space 4096K, 99% used [0x00000000eb900000,0x00000000ebcfc760,0x00000000ebd00000)
  to   space 5120K, 0% used [0x00000000eb400000,0x00000000eb400000,0x00000000eb900000)
 ParOldGen       total 227840K, used 201624K [0x00000000c0000000, 0x00000000cde80000, 0x00000000eab00000)
  object space 227840K, 88% used [0x00000000c0000000,0x00000000cc4e60a8,0x00000000cde80000)
 Metaspace       used 65511K, committed 66624K, reserved 1114112K
  class space    used 6885K, committed 7360K, reserved 1048576K
}
Event: 14.322 GC heap before
{Heap before GC invocations=177 (full 8):
 PSYoungGen      total 13312K, used 13297K [0x00000000eab00000, 0x00000000ebd00000, 0x0000000100000000)
  eden space 9216K, 99% used [0x00000000eab00000,0x00000000eb3ffff0,0x00000000eb400000)
  from space 4096K, 99% used [0x00000000eb900000,0x00000000ebcfc760,0x00000000ebd00000)
  to   space 5120K, 0% used [0x00000000eb400000,0x00000000eb400000,0x00000000eb900000)
 ParOldGen       total 227840K, used 201624K [0x00000000c0000000, 0x00000000cde80000, 0x00000000eab00000)
  object space 227840K, 88% used [0x00000000c0000000,0x00000000cc4e60a8,0x00000000cde80000)
 Metaspace       used 65551K, committed 66752K, reserved 1114112K
  class space    used 6885K, committed 7360K, reserved 1048576K
}
Event: 14.330 GC heap after
{Heap after GC invocations=177 (full 8):
 PSYoungGen      total 14336K, used 3540K [0x00000000eab00000, 0x00000000ebd00000, 0x0000000100000000)
  eden space 9216K, 0% used [0x00000000eab00000,0x00000000eab00000,0x00000000eb400000)
  from space 5120K, 69% used [0x00000000eb400000,0x00000000eb775210,0x00000000eb900000)
  to   space 4096K, 0% used [0x00000000eb900000,0x00000000eb900000,0x00000000ebd00000)
 ParOldGen       total 227840K, used 203986K [0x00000000c0000000, 0x00000000cde80000, 0x00000000eab00000)
  object space 227840K, 89% used [0x00000000c0000000,0x00000000cc734900,0x00000000cde80000)
 Metaspace       used 65551K, committed 66752K, reserved 1114112K
  class space    used 6885K, committed 7360K, reserved 1048576K
}
Event: 14.368 GC heap before
{Heap before GC invocations=178 (full 8):
 PSYoungGen      total 14336K, used 12756K [0x00000000eab00000, 0x00000000ebd00000, 0x0000000100000000)
  eden space 9216K, 100% used [0x00000000eab00000,0x00000000eb400000,0x00000000eb400000)
  from space 5120K, 69% used [0x00000000eb400000,0x00000000eb775210,0x00000000eb900000)
  to   space 4096K, 0% used [0x00000000eb900000,0x00000000eb900000,0x00000000ebd00000)
 ParOldGen       total 227840K, used 203986K [0x00000000c0000000, 0x00000000cde80000, 0x00000000eab00000)
  object space 227840K, 89% used [0x00000000c0000000,0x00000000cc734900,0x00000000cde80000)
 Metaspace       used 65583K, committed 66752K, reserved 1114112K
  class space    used 6886K, committed 7360K, reserved 1048576K
}
Event: 14.376 GC heap after
{Heap after GC invocations=178 (full 8):
 PSYoungGen      total 14336K, used 3595K [0x00000000eab00000, 0x00000000ebd00000, 0x0000000100000000)
  eden space 10240K, 0% used [0x00000000eab00000,0x00000000eab00000,0x00000000eb500000)
  from space 4096K, 87% used [0x00000000eb900000,0x00000000ebc82dc8,0x00000000ebd00000)
  to   space 4096K, 0% used [0x00000000eb500000,0x00000000eb500000,0x00000000eb900000)
 ParOldGen       total 227840K, used 205042K [0x00000000c0000000, 0x00000000cde80000, 0x00000000eab00000)
  object space 227840K, 89% used [0x00000000c0000000,0x00000000cc83cad8,0x00000000cde80000)
 Metaspace       used 65583K, committed 66752K, reserved 1114112K
  class space    used 6886K, committed 7360K, reserved 1048576K
}
Event: 14.434 GC heap before
{Heap before GC invocations=179 (full 8):
 PSYoungGen      total 14336K, used 13835K [0x00000000eab00000, 0x00000000ebd00000, 0x0000000100000000)
  eden space 10240K, 100% used [0x00000000eab00000,0x00000000eb500000,0x00000000eb500000)
  from space 4096K, 87% used [0x00000000eb900000,0x00000000ebc82dc8,0x00000000ebd00000)
  to   space 4096K, 0% used [0x00000000eb500000,0x00000000eb500000,0x00000000eb900000)
 ParOldGen       total 227840K, used 205042K [0x00000000c0000000, 0x00000000cde80000, 0x00000000eab00000)
  object space 227840K, 89% used [0x00000000c0000000,0x00000000cc83cad8,0x00000000cde80000)
 Metaspace       used 65597K, committed 66752K, reserved 1114112K
  class space    used 6886K, committed 7360K, reserved 1048576K
}
Event: 14.443 GC heap after
{Heap after GC invocations=179 (full 8):
 PSYoungGen      total 14336K, used 4080K [0x00000000eab00000, 0x00000000ec200000, 0x0000000100000000)
  eden space 10240K, 0% used [0x00000000eab00000,0x00000000eab00000,0x00000000eb500000)
  from space 4096K, 99% used [0x00000000eb500000,0x00000000eb8fc010,0x00000000eb900000)
  to   space 6144K, 0% used [0x00000000ebc00000,0x00000000ebc00000,0x00000000ec200000)
 ParOldGen       total 227840K, used 206611K [0x00000000c0000000, 0x00000000cde80000, 0x00000000eab00000)
  object space 227840K, 90% used [0x00000000c0000000,0x00000000cc9c4ff0,0x00000000cde80000)
 Metaspace       used 65597K, committed 66752K, reserved 1114112K
  class space    used 6886K, committed 7360K, reserved 1048576K
}
Event: 14.488 GC heap before
{Heap before GC invocations=180 (full 8):
 PSYoungGen      total 14336K, used 14320K [0x00000000eab00000, 0x00000000ec200000, 0x0000000100000000)
  eden space 10240K, 100% used [0x00000000eab00000,0x00000000eb500000,0x00000000eb500000)
  from space 4096K, 99% used [0x00000000eb500000,0x00000000eb8fc010,0x00000000eb900000)
  to   space 6144K, 0% used [0x00000000ebc00000,0x00000000ebc00000,0x00000000ec200000)
 ParOldGen       total 227840K, used 206611K [0x00000000c0000000, 0x00000000cde80000, 0x00000000eab00000)
  object space 227840K, 90% used [0x00000000c0000000,0x00000000cc9c4ff0,0x00000000cde80000)
 Metaspace       used 65649K, committed 66816K, reserved 1114112K
  class space    used 6889K, committed 7360K, reserved 1048576K
}
Event: 14.492 GC heap after
{Heap after GC invocations=180 (full 8):
 PSYoungGen      total 15360K, used 3608K [0x00000000eab00000, 0x00000000ec000000, 0x0000000100000000)
  eden space 11264K, 0% used [0x00000000eab00000,0x00000000eab00000,0x00000000eb600000)
  from space 4096K, 88% used [0x00000000ebc00000,0x00000000ebf862b8,0x00000000ec000000)
  to   space 4608K, 0% used [0x00000000eb700000,0x00000000eb700000,0x00000000ebb80000)
 ParOldGen       total 227840K, used 208637K [0x00000000c0000000, 0x00000000cde80000, 0x00000000eab00000)
  object space 227840K, 91% used [0x00000000c0000000,0x00000000ccbbf598,0x00000000cde80000)
 Metaspace       used 65649K, committed 66816K, reserved 1114112K
  class space    used 6889K, committed 7360K, reserved 1048576K
}
Event: 14.558 GC heap before
{Heap before GC invocations=181 (full 8):
 PSYoungGen      total 15360K, used 14872K [0x00000000eab00000, 0x00000000ec000000, 0x0000000100000000)
  eden space 11264K, 100% used [0x00000000eab00000,0x00000000eb600000,0x00000000eb600000)
  from space 4096K, 88% used [0x00000000ebc00000,0x00000000ebf862b8,0x00000000ec000000)
  to   space 4608K, 0% used [0x00000000eb700000,0x00000000eb700000,0x00000000ebb80000)
 ParOldGen       total 227840K, used 208637K [0x00000000c0000000, 0x00000000cde80000, 0x00000000eab00000)
  object space 227840K, 91% used [0x00000000c0000000,0x00000000ccbbf598,0x00000000cde80000)
 Metaspace       used 65667K, committed 66816K, reserved 1114112K
  class space    used 6889K, committed 7360K, reserved 1048576K
}
Event: 14.563 GC heap after
{Heap after GC invocations=181 (full 8):
 PSYoungGen      total 15872K, used 4591K [0x00000000eab00000, 0x00000000ec000000, 0x0000000100000000)
  eden space 11264K, 0% used [0x00000000eab00000,0x00000000eab00000,0x00000000eb600000)
  from space 4608K, 99% used [0x00000000eb700000,0x00000000ebb7bd38,0x00000000ebb80000)
  to   space 4096K, 0% used [0x00000000ebc00000,0x00000000ebc00000,0x00000000ec000000)
 ParOldGen       total 227840K, used 209897K [0x00000000c0000000, 0x00000000cde80000, 0x00000000eab00000)
  object space 227840K, 92% used [0x00000000c0000000,0x00000000cccfa450,0x00000000cde80000)
 Metaspace       used 65667K, committed 66816K, reserved 1114112K
  class space    used 6889K, committed 7360K, reserved 1048576K
}
Event: 14.644 GC heap before
{Heap before GC invocations=182 (full 8):
 PSYoungGen      total 15872K, used 15855K [0x00000000eab00000, 0x00000000ec000000, 0x0000000100000000)
  eden space 11264K, 100% used [0x00000000eab00000,0x00000000eb600000,0x00000000eb600000)
  from space 4608K, 99% used [0x00000000eb700000,0x00000000ebb7bd38,0x00000000ebb80000)
  to   space 4096K, 0% used [0x00000000ebc00000,0x00000000ebc00000,0x00000000ec000000)
 ParOldGen       total 227840K, used 209897K [0x00000000c0000000, 0x00000000cde80000, 0x00000000eab00000)
  object space 227840K, 92% used [0x00000000c0000000,0x00000000cccfa450,0x00000000cde80000)
 Metaspace       used 65667K, committed 66816K, reserved 1114112K
  class space    used 6889K, committed 7360K, reserved 1048576K
}
Event: 14.653 GC heap after
{Heap after GC invocations=182 (full 8):
 PSYoungGen      total 15360K, used 4079K [0x00000000eab00000, 0x00000000ec000000, 0x0000000100000000)
  eden space 11264K, 0% used [0x00000000eab00000,0x00000000eab00000,0x00000000eb600000)
  from space 4096K, 99% used [0x00000000ebc00000,0x00000000ebffbf60,0x00000000ec000000)
  to   space 4608K, 0% used [0x00000000eb700000,0x00000000eb700000,0x00000000ebb80000)
 ParOldGen       total 227840K, used 212783K [0x00000000c0000000, 0x00000000cde80000, 0x00000000eab00000)
  object space 227840K, 93% used [0x00000000c0000000,0x00000000ccfcbdb0,0x00000000cde80000)
 Metaspace       used 65667K, committed 66816K, reserved 1114112K
  class space    used 6889K, committed 7360K, reserved 1048576K
}
Event: 14.745 GC heap before
{Heap before GC invocations=183 (full 8):
 PSYoungGen      total 15360K, used 15343K [0x00000000eab00000, 0x00000000ec000000, 0x0000000100000000)
  eden space 11264K, 100% used [0x00000000eab00000,0x00000000eb600000,0x00000000eb600000)
  from space 4096K, 99% used [0x00000000ebc00000,0x00000000ebffbf60,0x00000000ec000000)
  to   space 4608K, 0% used [0x00000000eb700000,0x00000000eb700000,0x00000000ebb80000)
 ParOldGen       total 227840K, used 212783K [0x00000000c0000000, 0x00000000cde80000, 0x00000000eab00000)
  object space 227840K, 93% used [0x00000000c0000000,0x00000000ccfcbdb0,0x00000000cde80000)
 Metaspace       used 65705K, committed 66880K, reserved 1114112K
  class space    used 6889K, committed 7360K, reserved 1048576K
}
Event: 14.751 GC heap after
{Heap after GC invocations=183 (full 8):
 PSYoungGen      total 16896K, used 2482K [0x00000000eab00000, 0x00000000ec000000, 0x0000000100000000)
  eden space 12288K, 0% used [0x00000000eab00000,0x00000000eab00000,0x00000000eb700000)
  from space 4608K, 53% used [0x00000000eb700000,0x00000000eb96cb38,0x00000000ebb80000)
  to   space 4608K, 0% used [0x00000000ebb80000,0x00000000ebb80000,0x00000000ec000000)
 ParOldGen       total 227840K, used 216713K [0x00000000c0000000, 0x00000000cde80000, 0x00000000eab00000)
  object space 227840K, 95% used [0x00000000c0000000,0x00000000cd3a27a0,0x00000000cde80000)
 Metaspace       used 65705K, committed 66880K, reserved 1114112K
  class space    used 6889K, committed 7360K, reserved 1048576K
}

Dll operation events (10 events):
Event: 0.011 Loaded shared library c:\Users\X10\.vscode\extensions\redhat.java-1.36.0-win32-x64\jre\17.0.13-win32-x86_64\bin\java.dll
Event: 0.159 Loaded shared library c:\Users\X10\.vscode\extensions\redhat.java-1.36.0-win32-x64\jre\17.0.13-win32-x86_64\bin\zip.dll
Event: 0.165 Loaded shared library C:\Users\X10\.vscode\extensions\redhat.java-1.36.0-win32-x64\jre\17.0.13-win32-x86_64\bin\instrument.dll
Event: 0.177 Loaded shared library C:\Users\X10\.vscode\extensions\redhat.java-1.36.0-win32-x64\jre\17.0.13-win32-x86_64\bin\net.dll
Event: 0.179 Loaded shared library C:\Users\X10\.vscode\extensions\redhat.java-1.36.0-win32-x64\jre\17.0.13-win32-x86_64\bin\nio.dll
Event: 0.186 Loaded shared library C:\Users\X10\.vscode\extensions\redhat.java-1.36.0-win32-x64\jre\17.0.13-win32-x86_64\bin\zip.dll
Event: 0.211 Loaded shared library C:\Users\X10\.vscode\extensions\redhat.java-1.36.0-win32-x64\jre\17.0.13-win32-x86_64\bin\jimage.dll
Event: 0.346 Loaded shared library c:\Users\X10\.vscode\extensions\redhat.java-1.36.0-win32-x64\jre\17.0.13-win32-x86_64\bin\verify.dll
Event: 1.669 Loaded shared library C:\Users\X10\AppData\Roaming\Code\User\globalStorage\redhat.java\1.36.0\config_win\org.eclipse.equinox.launcher\org.eclipse.equinox.launcher.win32.win32.x86_64_1.2.1100.v20240722-2106\eclipse_11904.dll
Event: 3.722 Loaded shared library C:\Users\X10\AppData\Local\Temp\jna-86135\jna4389598437214944899.dll

Deoptimization events (20 events):
Event: 14.176 Thread 0x000001466b102620 DEOPT PACKING pc=0x000001464faa3efe sp=0x0000002e470fe2d0
Event: 14.176 Thread 0x000001466b102620 DEOPT UNPACKING pc=0x00000146568f6e43 sp=0x0000002e470fd7c0 mode 0
Event: 14.194 Thread 0x000001466b1067f0 DEOPT PACKING pc=0x000001464f626264 sp=0x0000002e46ffe370
Event: 14.194 Thread 0x000001466b1067f0 DEOPT UNPACKING pc=0x00000146568f6e43 sp=0x0000002e46ffd8f0 mode 0
Event: 14.319 Thread 0x0000014668279bd0 DEOPT PACKING pc=0x00000146500e1d1f sp=0x0000002e437febe0
Event: 14.319 Thread 0x0000014668279bd0 DEOPT UNPACKING pc=0x00000146568f6e43 sp=0x0000002e437fe080 mode 0
Event: 14.363 Thread 0x000001466b1058c0 DEOPT PACKING pc=0x0000014650278999 sp=0x0000002e46dfe1c0
Event: 14.363 Thread 0x000001466b1058c0 DEOPT UNPACKING pc=0x00000146568f6e43 sp=0x0000002e46dfd6f8 mode 0
Event: 14.453 Thread 0x000001466b1058c0 DEOPT PACKING pc=0x000001464f626264 sp=0x0000002e46dfdc00
Event: 14.453 Thread 0x000001466b1058c0 DEOPT UNPACKING pc=0x00000146568f6e43 sp=0x0000002e46dfd180 mode 0
Event: 14.476 Thread 0x0000014669392fa0 Uncommon trap: trap_request=0xffffff45 fr.pc=0x00000146571e3c5c relative=0x000000000000023c
Event: 14.476 Thread 0x0000014669392fa0 Uncommon trap: reason=unstable_if action=reinterpret pc=0x00000146571e3c5c method=java.util.HashMap.getNode(Ljava/lang/Object;)Ljava/util/HashMap$Node; @ 57 c2
Event: 14.476 Thread 0x0000014669392fa0 DEOPT PACKING pc=0x00000146571e3c5c sp=0x0000002e44afda30
Event: 14.476 Thread 0x0000014669392fa0 DEOPT UNPACKING pc=0x00000146568f66a3 sp=0x0000002e44afd9a0 mode 2
Event: 14.483 Thread 0x0000014668279bd0 DEOPT PACKING pc=0x00000146500e1d1f sp=0x0000002e437febe0
Event: 14.483 Thread 0x0000014668279bd0 DEOPT UNPACKING pc=0x00000146568f6e43 sp=0x0000002e437fe080 mode 0
Event: 14.624 Thread 0x0000014668279bd0 DEOPT PACKING pc=0x00000146500e1d1f sp=0x0000002e437febe0
Event: 14.624 Thread 0x0000014668279bd0 DEOPT UNPACKING pc=0x00000146568f6e43 sp=0x0000002e437fe080 mode 0
Event: 14.696 Thread 0x0000014669392fa0 DEOPT PACKING pc=0x000001464f626264 sp=0x0000002e44afd360
Event: 14.696 Thread 0x0000014669392fa0 DEOPT UNPACKING pc=0x00000146568f6e43 sp=0x0000002e44afc8e0 mode 0

Classes loaded (20 events):
Event: 9.481 Loading class java/util/EnumMap$EntryIterator
Event: 9.481 Loading class java/util/EnumMap$EnumMapIterator
Event: 9.481 Loading class java/util/EnumMap$EnumMapIterator done
Event: 9.481 Loading class java/util/EnumMap$EntryIterator done
Event: 9.481 Loading class java/util/EnumMap$EntryIterator$Entry
Event: 9.481 Loading class java/util/EnumMap$EntryIterator$Entry done
Event: 9.522 Loading class jdk/internal/module/IllegalAccessLogger
Event: 9.522 Loading class jdk/internal/module/IllegalAccessLogger done
Event: 9.530 Loading class java/util/concurrent/ArrayBlockingQueue
Event: 9.531 Loading class java/util/concurrent/ArrayBlockingQueue done
Event: 9.639 Loading class java/util/Hashtable$ValueCollection
Event: 9.639 Loading class java/util/Hashtable$ValueCollection done
Event: 9.646 Loading class java/util/concurrent/ConcurrentHashMap$KeySpliterator
Event: 9.647 Loading class java/util/concurrent/ConcurrentHashMap$KeySpliterator done
Event: 9.655 Loading class java/nio/channels/Channels$1
Event: 9.655 Loading class java/nio/channels/Channels$1 done
Event: 9.952 Loading class jdk/internal/module/IllegalAccessLogger
Event: 9.952 Loading class jdk/internal/module/IllegalAccessLogger done
Event: 14.257 Loading class sun/nio/cs/ISO_8859_1$Decoder
Event: 14.257 Loading class sun/nio/cs/ISO_8859_1$Decoder done

Classes unloaded (7 events):
Event: 4.738 Thread 0x000001464af5e8a0 Unloading class 0x0000000100252000 'java/lang/invoke/LambdaForm$MH+0x0000000100252000'
Event: 4.738 Thread 0x000001464af5e8a0 Unloading class 0x0000000100251c00 'java/lang/invoke/LambdaForm$MH+0x0000000100251c00'
Event: 4.738 Thread 0x000001464af5e8a0 Unloading class 0x0000000100251800 'java/lang/invoke/LambdaForm$MH+0x0000000100251800'
Event: 4.738 Thread 0x000001464af5e8a0 Unloading class 0x0000000100251400 'java/lang/invoke/LambdaForm$MH+0x0000000100251400'
Event: 4.738 Thread 0x000001464af5e8a0 Unloading class 0x0000000100251000 'java/lang/invoke/LambdaForm$BMH+0x0000000100251000'
Event: 4.738 Thread 0x000001464af5e8a0 Unloading class 0x0000000100250c00 'java/lang/invoke/LambdaForm$DMH+0x0000000100250c00'
Event: 4.738 Thread 0x000001464af5e8a0 Unloading class 0x000000010024c400 'java/lang/invoke/LambdaForm$DMH+0x000000010024c400'

Classes redefined (0 events):
No events

Internal exceptions (20 events):
Event: 7.786 Thread 0x000001466b572f80 Exception <a 'sun/nio/fs/WindowsException'{0x00000000eabf6a68}> (0x00000000eabf6a68) 
thrown [s\src\hotspot\share\prims\jni.cpp, line 516]
Event: 7.787 Thread 0x0000014669395820 Exception <a 'sun/nio/fs/WindowsException'{0x00000000eabca420}> (0x00000000eabca420) 
thrown [s\src\hotspot\share\prims\jni.cpp, line 516]
Event: 8.864 Thread 0x0000014669392fa0 Exception <a 'java/lang/NoSuchMethodError'{0x00000000ead82e08}: 'int java.lang.invoke.DirectMethodHandle$Holder.invokeSpecialIFC(java.lang.Object, java.lang.Object, java.lang.Object)'> (0x00000000ead82e08) 
thrown [s\src\hotspot\share\interpreter\linkResolver.cpp, line 759]
Event: 9.505 Thread 0x0000014669392fa0 Exception <a 'java/lang/reflect/InvocationTargetException'{0x00000000eaeb5b40}> (0x00000000eaeb5b40) 
thrown [s\src\hotspot\share\runtime\reflection.cpp, line 1128]
Event: 9.604 Thread 0x000001466b56d970 Exception <a 'java/lang/NoSuchMethodError'{0x00000000eae2de88}: 'void java.lang.invoke.DirectMethodHandle$Holder.invokeStatic(java.lang.Object, int, java.lang.Object)'> (0x00000000eae2de88) 
thrown [s\src\hotspot\share\interpreter\linkResolver.cpp, line 759]
Event: 9.627 Thread 0x000001466b56d970 Exception <a 'java/lang/NoSuchMethodError'{0x00000000eac24008}: 'int java.lang.invoke.DirectMethodHandle$Holder.invokeStatic(java.lang.Object, int, java.lang.Object)'> (0x00000000eac24008) 
thrown [s\src\hotspot\share\interpreter\linkResolver.cpp, line 759]
Event: 9.647 Thread 0x0000014669392fa0 Exception <a 'java/lang/NoSuchMethodError'{0x00000000eaea5640}: 'java.lang.Object java.lang.invoke.DirectMethodHandle$Holder.invokeInterface(java.lang.Object, java.lang.Object, java.lang.Object)'> (0x00000000eaea5640) 
thrown [s\src\hotspot\share\interpreter\linkResolver.cpp, line 759]
Event: 9.650 Thread 0x0000014669392fa0 Exception <a 'java/lang/NoSuchMethodError'{0x00000000eaef6890}: 'java.lang.Object java.lang.invoke.DirectMethodHandle$Holder.newInvokeSpecial(java.lang.Object, java.lang.Object, int, int, java.lang.Object)'> (0x00000000eaef6890) 
thrown [s\src\hotspot\share\interpreter\linkResolver.cpp, line 759]
Event: 9.837 Thread 0x0000014669392fa0 Exception <a 'sun/nio/fs/WindowsException'{0x00000000eaeb9018}> (0x00000000eaeb9018) 
thrown [s\src\hotspot\share\prims\jni.cpp, line 516]
Event: 9.837 Thread 0x0000014669395310 Exception <a 'sun/nio/fs/WindowsException'{0x00000000eaecec08}> (0x00000000eaecec08) 
thrown [s\src\hotspot\share\prims\jni.cpp, line 516]
Event: 9.838 Thread 0x0000014669396750 Exception <a 'sun/nio/fs/WindowsException'{0x00000000eaee4148}> (0x00000000eaee4148) 
thrown [s\src\hotspot\share\prims\jni.cpp, line 516]
Event: 9.947 Thread 0x0000014669392fa0 Implicit null exception at 0x000001465706411e to 0x0000014657064268
Event: 9.952 Thread 0x0000014669392fa0 Exception <a 'java/lang/reflect/InvocationTargetException'{0x00000000ead28ba0}> (0x00000000ead28ba0) 
thrown [s\src\hotspot\share\runtime\reflection.cpp, line 1128]
Event: 10.124 Thread 0x0000014669392fa0 Exception <a 'sun/nio/fs/WindowsException'{0x00000000ead53468}> (0x00000000ead53468) 
thrown [s\src\hotspot\share\prims\jni.cpp, line 516]
Event: 10.124 Thread 0x0000014669392fa0 Exception <a 'sun/nio/fs/WindowsException'{0x00000000ead53af8}> (0x00000000ead53af8) 
thrown [s\src\hotspot\share\prims\jni.cpp, line 516]
Event: 13.648 Thread 0x0000014669392fa0 Exception <a 'java/lang/NoSuchMethodError'{0x00000000eaf13a50}: 'void java.lang.invoke.DirectMethodHandle$Holder.invokeInterface(java.lang.Object, java.lang.Object)'> (0x00000000eaf13a50) 
thrown [s\src\hotspot\share\interpreter\linkResolver.cpp, line 759]
Event: 13.692 Thread 0x0000014669392fa0 Exception <a 'java/lang/NoSuchMethodError'{0x00000000eab28898}: 'java.lang.Object java.lang.invoke.DirectMethodHandle$Holder.newInvokeSpecial(java.lang.Object, java.lang.Object, java.lang.Object, java.lang.Object, java.lang.Object, java.lang.Object)'> (0x00000000eab28898) 
thrown [s\src\hotspot\share\interpreter\linkResolver.cpp, line 759]
Event: 13.702 Thread 0x000001466b104990 Exception <a 'java/lang/NoSuchMethodError'{0x00000000ead55360}: 'java.lang.Object java.lang.invoke.Invokers$Holder.linkToTargetMethod(java.lang.Object, java.lang.Object, java.lang.Object, java.lang.Object, java.lang.Object, java.lang.Object, java.lang.Object)'> (0x00000000ead55360) 
thrown [s\src\hotspot\share\interpreter\linkResolver.cpp, line 759]
Event: 13.702 Thread 0x000001466b1067f0 Exception <a 'java/lang/NoSuchMethodError'{0x00000000ead67178}: 'java.lang.Object java.lang.invoke.Invokers$Holder.linkToTargetMethod(java.lang.Object, java.lang.Object, java.lang.Object, java.lang.Object, java.lang.Object, java.lang.Object, java.lang.Object)'> (0x00000000ead67178) 
thrown [s\src\hotspot\share\interpreter\linkResolver.cpp, line 759]
Event: 13.703 Thread 0x000001466b102620 Exception <a 'java/lang/NoSuchMethodError'{0x00000000ead60910}: 'java.lang.Object java.lang.invoke.Invokers$Holder.linkToTargetMethod(java.lang.Object, java.lang.Object, java.lang.Object, java.lang.Object, java.lang.Object, java.lang.Object, java.lang.Object)'> (0x00000000ead60910) 
thrown [s\src\hotspot\share\interpreter\linkResolver.cpp, line 759]

VM Operations (20 events):
Event: 14.181 Executing VM operation: ParallelGCFailedAllocation
Event: 14.190 Executing VM operation: ParallelGCFailedAllocation done
Event: 14.226 Executing VM operation: ParallelGCFailedAllocation
Event: 14.237 Executing VM operation: ParallelGCFailedAllocation done
Event: 14.285 Executing VM operation: ParallelGCFailedAllocation
Event: 14.290 Executing VM operation: ParallelGCFailedAllocation done
Event: 14.322 Executing VM operation: ParallelGCFailedAllocation
Event: 14.330 Executing VM operation: ParallelGCFailedAllocation done
Event: 14.368 Executing VM operation: ParallelGCFailedAllocation
Event: 14.376 Executing VM operation: ParallelGCFailedAllocation done
Event: 14.434 Executing VM operation: ParallelGCFailedAllocation
Event: 14.443 Executing VM operation: ParallelGCFailedAllocation done
Event: 14.488 Executing VM operation: ParallelGCFailedAllocation
Event: 14.493 Executing VM operation: ParallelGCFailedAllocation done
Event: 14.558 Executing VM operation: ParallelGCFailedAllocation
Event: 14.563 Executing VM operation: ParallelGCFailedAllocation done
Event: 14.644 Executing VM operation: ParallelGCFailedAllocation
Event: 14.653 Executing VM operation: ParallelGCFailedAllocation done
Event: 14.745 Executing VM operation: ParallelGCFailedAllocation
Event: 14.751 Executing VM operation: ParallelGCFailedAllocation done

Memory protections (0 events):
No events

Nmethod flushes (20 events):
Event: 6.122 Thread 0x0000014665dcb800 flushing  nmethod 0x000001464fead290
Event: 6.122 Thread 0x0000014665dcb800 flushing  nmethod 0x000001464feadd10
Event: 6.122 Thread 0x0000014665dcb800 flushing  nmethod 0x000001464feb1890
Event: 6.122 Thread 0x0000014665dcb800 flushing  nmethod 0x000001464feb6290
Event: 6.122 Thread 0x0000014665dcb800 flushing  nmethod 0x000001464feb6890
Event: 6.122 Thread 0x0000014665dcb800 flushing  nmethod 0x000001464feb7810
Event: 6.122 Thread 0x0000014665dcb800 flushing  nmethod 0x000001464fec8490
Event: 6.122 Thread 0x0000014665dcb800 flushing  nmethod 0x000001464feca010
Event: 6.122 Thread 0x0000014665dcb800 flushing  nmethod 0x000001464feca390
Event: 6.122 Thread 0x0000014665dcb800 flushing  nmethod 0x000001464fecdf90
Event: 6.122 Thread 0x0000014665dcb800 flushing  nmethod 0x000001464fed7410
Event: 6.122 Thread 0x0000014665dcb800 flushing  nmethod 0x000001464fed9910
Event: 6.122 Thread 0x0000014665dcb800 flushing  nmethod 0x000001464feda090
Event: 6.122 Thread 0x0000014665dcb800 flushing  nmethod 0x000001464feda410
Event: 6.122 Thread 0x0000014665dcb800 flushing  nmethod 0x000001464fedc790
Event: 6.122 Thread 0x0000014665dcb800 flushing  nmethod 0x000001464fef9290
Event: 9.874 Thread 0x0000014665dcb800 flushing  nmethod 0x000001464fcfe110
Event: 9.875 Thread 0x0000014665dcb800 flushing  nmethod 0x000001464fda8990
Event: 9.875 Thread 0x0000014665dcb800 flushing  nmethod 0x000001464fda9010
Event: 9.875 Thread 0x0000014665dcb800 flushing  nmethod 0x000001464fe0e710

Events (20 events):
Event: 9.652 Thread 0x0000014669392fa0 Thread added: 0x000001466b5752f0
Event: 9.658 Thread 0x0000014669392fa0 Thread added: 0x000001466b570700
Event: 9.658 Thread 0x0000014669392fa0 Thread added: 0x000001466b571120
Event: 9.711 Thread 0x0000014669392fa0 Thread added: 0x000001466b571630
Event: 9.714 Thread 0x0000014669392fa0 Thread added: 0x000001466b572560
Event: 9.739 Thread 0x0000014669392fa0 Thread added: 0x000001466b572a70
Event: 9.752 Thread 0x0000014669392fa0 Thread added: 0x000001466b573490
Event: 9.755 Thread 0x0000014669392fa0 Thread added: 0x000001466b5739a0
Event: 9.848 Thread 0x0000014669392fa0 Thread added: 0x000001466827b520
Event: 9.956 Thread 0x0000014669392fa0 Thread added: 0x000001466b108140
Event: 13.696 Thread 0x0000014669392fa0 Thread added: 0x000001466b1058c0
Event: 13.697 Thread 0x0000014669392fa0 Thread added: 0x000001466b105dd0
Event: 13.698 Thread 0x0000014669392fa0 Thread added: 0x000001466b1067f0
Event: 13.698 Thread 0x0000014669392fa0 Thread added: 0x000001466b102620
Event: 13.698 Thread 0x0000014669392fa0 Thread added: 0x000001466b104990
Event: 14.466 Thread 0x000001466b104990 Thread exited: 0x000001466b104990
Event: 14.466 Thread 0x000001466b1058c0 Thread exited: 0x000001466b1058c0
Event: 14.466 Thread 0x000001466b102620 Thread exited: 0x000001466b102620
Event: 14.466 Thread 0x000001466b105dd0 Thread exited: 0x000001466b105dd0
Event: 14.466 Thread 0x000001466b1067f0 Thread exited: 0x000001466b1067f0


Dynamic libraries:
0x00007ff616610000 - 0x00007ff61661e000 	c:\Users\X10\.vscode\extensions\redhat.java-1.36.0-win32-x64\jre\17.0.13-win32-x86_64\bin\java.exe
0x00007ff82e270000 - 0x00007ff82e487000 	C:\Windows\SYSTEM32\ntdll.dll
0x00007ff82ce70000 - 0x00007ff82cf34000 	C:\Windows\System32\KERNEL32.DLL
0x00007ff82b830000 - 0x00007ff82bbe7000 	C:\Windows\System32\KERNELBASE.dll
0x00007ff82bd10000 - 0x00007ff82be21000 	C:\Windows\System32\ucrtbase.dll
0x00007ff81df60000 - 0x00007ff81df77000 	c:\Users\X10\.vscode\extensions\redhat.java-1.36.0-win32-x64\jre\17.0.13-win32-x86_64\bin\jli.dll
0x00007ff81d050000 - 0x00007ff81d06e000 	c:\Users\X10\.vscode\extensions\redhat.java-1.36.0-win32-x64\jre\17.0.13-win32-x86_64\bin\VCRUNTIME140.dll
0x00007ff82d420000 - 0x00007ff82d5cf000 	C:\Windows\System32\USER32.dll
0x00007ff8069f0000 - 0x00007ff806c83000 	C:\Windows\WinSxS\amd64_microsoft.windows.common-controls_6595b64144ccf1df_6.0.22621.3672_none_2713b9d173822955\COMCTL32.dll
0x00007ff82b790000 - 0x00007ff82b7b6000 	C:\Windows\System32\win32u.dll
0x00007ff82d5d0000 - 0x00007ff82d5f9000 	C:\Windows\System32\GDI32.dll
0x00007ff82cae0000 - 0x00007ff82cb87000 	C:\Windows\System32\msvcrt.dll
0x00007ff82b5b0000 - 0x00007ff82b6c8000 	C:\Windows\System32\gdi32full.dll
0x00007ff82bbf0000 - 0x00007ff82bc8a000 	C:\Windows\System32\msvcp_win.dll
0x00007ff82d3e0000 - 0x00007ff82d411000 	C:\Windows\System32\IMM32.DLL
0x00007ff824b30000 - 0x00007ff824b3c000 	c:\Users\X10\.vscode\extensions\redhat.java-1.36.0-win32-x64\jre\17.0.13-win32-x86_64\bin\vcruntime140_1.dll
0x00007fffe6200000 - 0x00007fffe628d000 	c:\Users\X10\.vscode\extensions\redhat.java-1.36.0-win32-x64\jre\17.0.13-win32-x86_64\bin\msvcp140.dll
0x00007fffc7510000 - 0x00007fffc817b000 	c:\Users\X10\.vscode\extensions\redhat.java-1.36.0-win32-x64\jre\17.0.13-win32-x86_64\bin\server\jvm.dll
0x00007ff82e170000 - 0x00007ff82e222000 	C:\Windows\System32\ADVAPI32.dll
0x00007ff82c370000 - 0x00007ff82c418000 	C:\Windows\System32\sechost.dll
0x00007ff82b580000 - 0x00007ff82b5a8000 	C:\Windows\System32\bcrypt.dll
0x00007ff82c010000 - 0x00007ff82c124000 	C:\Windows\System32\RPCRT4.dll
0x00007ff82c240000 - 0x00007ff82c2b1000 	C:\Windows\System32\WS2_32.dll
0x00007ff82b3a0000 - 0x00007ff82b3ed000 	C:\Windows\SYSTEM32\POWRPROF.dll
0x00007ff819c30000 - 0x00007ff819c3a000 	C:\Windows\SYSTEM32\VERSION.dll
0x00007ff824500000 - 0x00007ff824534000 	C:\Windows\SYSTEM32\WINMM.dll
0x00007ff82b280000 - 0x00007ff82b293000 	C:\Windows\SYSTEM32\UMPDC.dll
0x00007ff82a590000 - 0x00007ff82a5a8000 	C:\Windows\SYSTEM32\kernel.appcore.dll
0x00007ff823b10000 - 0x00007ff823b1a000 	c:\Users\X10\.vscode\extensions\redhat.java-1.36.0-win32-x64\jre\17.0.13-win32-x86_64\bin\jimage.dll
0x00007ff8288f0000 - 0x00007ff828b22000 	C:\Windows\SYSTEM32\DBGHELP.DLL
0x00007ff82d040000 - 0x00007ff82d3ce000 	C:\Windows\System32\combase.dll
0x00007ff82cd10000 - 0x00007ff82cde7000 	C:\Windows\System32\OLEAUT32.dll
0x00007ff823c80000 - 0x00007ff823cb2000 	C:\Windows\SYSTEM32\dbgcore.DLL
0x00007ff82bc90000 - 0x00007ff82bd0b000 	C:\Windows\System32\bcryptPrimitives.dll
0x00007ff8281d0000 - 0x00007ff8281de000 	c:\Users\X10\.vscode\extensions\redhat.java-1.36.0-win32-x64\jre\17.0.13-win32-x86_64\bin\instrument.dll
0x00007ff81a830000 - 0x00007ff81a855000 	c:\Users\X10\.vscode\extensions\redhat.java-1.36.0-win32-x64\jre\17.0.13-win32-x86_64\bin\java.dll
0x00007ff81cf90000 - 0x00007ff81cfa8000 	c:\Users\X10\.vscode\extensions\redhat.java-1.36.0-win32-x64\jre\17.0.13-win32-x86_64\bin\zip.dll
0x00007ff82d600000 - 0x00007ff82de69000 	C:\Windows\System32\SHELL32.dll
0x00007ff8294a0000 - 0x00007ff829d9f000 	C:\Windows\SYSTEM32\windows.storage.dll
0x00007ff829360000 - 0x00007ff82949f000 	C:\Windows\SYSTEM32\wintypes.dll
0x00007ff82c130000 - 0x00007ff82c229000 	C:\Windows\System32\SHCORE.dll
0x00007ff82e0b0000 - 0x00007ff82e10e000 	C:\Windows\System32\shlwapi.dll
0x00007ff82b4b0000 - 0x00007ff82b4d7000 	C:\Windows\SYSTEM32\profapi.dll
0x00007ff81cda0000 - 0x00007ff81cdb9000 	C:\Users\X10\.vscode\extensions\redhat.java-1.36.0-win32-x64\jre\17.0.13-win32-x86_64\bin\net.dll
0x00007ff827af0000 - 0x00007ff827c26000 	C:\Windows\SYSTEM32\WINHTTP.dll
0x00007ff82a9f0000 - 0x00007ff82aa59000 	C:\Windows\system32\mswsock.dll
0x00007ff81cd00000 - 0x00007ff81cd16000 	C:\Users\X10\.vscode\extensions\redhat.java-1.36.0-win32-x64\jre\17.0.13-win32-x86_64\bin\nio.dll
0x00007ff81e8a0000 - 0x00007ff81e8b0000 	c:\Users\X10\.vscode\extensions\redhat.java-1.36.0-win32-x64\jre\17.0.13-win32-x86_64\bin\verify.dll
0x00007ff8232c0000 - 0x00007ff823305000 	C:\Users\X10\AppData\Roaming\Code\User\globalStorage\redhat.java\1.36.0\config_win\org.eclipse.equinox.launcher\org.eclipse.equinox.launcher.win32.win32.x86_64_1.2.1100.v20240722-2106\eclipse_11904.dll
0x00007ff82de70000 - 0x00007ff82e015000 	C:\Windows\System32\ole32.dll
0x00007ff82ad40000 - 0x00007ff82ad5b000 	C:\Windows\SYSTEM32\CRYPTSP.dll
0x00007ff82a4f0000 - 0x00007ff82a525000 	C:\Windows\system32\rsaenh.dll
0x00007ff82aa90000 - 0x00007ff82aab8000 	C:\Windows\SYSTEM32\USERENV.dll
0x00007ff82ad20000 - 0x00007ff82ad2c000 	C:\Windows\SYSTEM32\CRYPTBASE.dll
0x00007ff82a000000 - 0x00007ff82a02d000 	C:\Windows\SYSTEM32\IPHLPAPI.DLL
0x00007ff82cdf0000 - 0x00007ff82cdf9000 	C:\Windows\System32\NSI.dll
0x00007ff827970000 - 0x00007ff827989000 	C:\Windows\SYSTEM32\dhcpcsvc6.DLL
0x00007ff827950000 - 0x00007ff82796f000 	C:\Windows\SYSTEM32\dhcpcsvc.DLL
0x00007ff82a030000 - 0x00007ff82a132000 	C:\Windows\SYSTEM32\DNSAPI.dll
0x00007ff81cea0000 - 0x00007ff81cee9000 	C:\Users\X10\AppData\Local\Temp\jna-86135\jna4389598437214944899.dll
0x00007ff82c230000 - 0x00007ff82c238000 	C:\Windows\System32\PSAPI.DLL

dbghelp: loaded successfully - version: 4.0.5 - missing functions: none
symbol engine: initialized successfully - sym options: 0x614 - pdb path: .;c:\Users\X10\.vscode\extensions\redhat.java-1.36.0-win32-x64\jre\17.0.13-win32-x86_64\bin;C:\Windows\SYSTEM32;C:\Windows\WinSxS\amd64_microsoft.windows.common-controls_6595b64144ccf1df_6.0.22621.3672_none_2713b9d173822955;c:\Users\X10\.vscode\extensions\redhat.java-1.36.0-win32-x64\jre\17.0.13-win32-x86_64\bin\server;C:\Users\X10\AppData\Roaming\Code\User\globalStorage\redhat.java\1.36.0\config_win\org.eclipse.equinox.launcher\org.eclipse.equinox.launcher.win32.win32.x86_64_1.2.1100.v20240722-2106;C:\Users\X10\AppData\Local\Temp\jna-86135

VM Arguments:
jvm_args: --add-modules=ALL-SYSTEM --add-opens=java.base/java.util=ALL-UNNAMED --add-opens=java.base/java.lang=ALL-UNNAMED --add-opens=java.base/sun.nio.fs=ALL-UNNAMED -Declipse.application=org.eclipse.jdt.ls.core.id1 -Dosgi.bundles.defaultStartLevel=4 -Declipse.product=org.eclipse.jdt.ls.core.product -Djava.import.generatesMetadataFilesAtProjectRoot=false -DDetectVMInstallationsJob.disabled=true -Dfile.encoding=utf8 -XX:+UseParallelGC -XX:GCTimeRatio=4 -XX:AdaptiveSizePolicyWeight=90 -Dsun.zip.disableMemoryMapping=true -Xmx1G -Xms100m -Xlog:disable -javaagent:c:\Users\X10\.vscode\extensions\redhat.java-1.36.0-win32-x64\lombok\lombok-1.18.35.jar -XX:+HeapDumpOnOutOfMemoryError -XX:HeapDumpPath=c:\Users\X10\AppData\Roaming\Code\User\workspaceStorage\9f67e42c91538415417d6b88faae650a\redhat.java -Daether.dependencyCollector.impl=bf 
java_command: c:\Users\X10\.vscode\extensions\redhat.java-1.36.0-win32-x64\server\plugins\org.eclipse.equinox.launcher_1.6.900.v20240613-2009.jar -configuration c:\Users\X10\AppData\Roaming\Code\User\globalStorage\redhat.java\1.36.0\config_win -data c:\Users\X10\AppData\Roaming\Code\User\workspaceStorage\9f67e42c91538415417d6b88faae650a\redhat.java\jdt_ws --pipe=\\.\pipe\lsp-ccb458902e59048d1ea930603f226d62-sock
java_class_path (initial): c:\Users\X10\.vscode\extensions\redhat.java-1.36.0-win32-x64\server\plugins\org.eclipse.equinox.launcher_1.6.900.v20240613-2009.jar
Launcher Type: SUN_STANDARD

[Global flags]
    uintx AdaptiveSizePolicyWeight                 = 90                                        {product} {command line}
     intx CICompilerCount                          = 4                                         {product} {ergonomic}
    uintx GCTimeRatio                              = 4                                         {product} {command line}
     bool HeapDumpOnOutOfMemoryError               = true                                   {manageable} {command line}
    ccstr HeapDumpPath                             = c:\Users\X10\AppData\Roaming\Code\User\workspaceStorage\9f67e42c91538415417d6b88faae650a\redhat.java         {manageable} {command line}
   size_t InitialHeapSize                          = 104857600                                 {product} {command line}
   size_t MaxHeapSize                              = 1073741824                                {product} {command line}
   size_t MaxNewSize                               = 357564416                                 {product} {ergonomic}
   size_t MinHeapDeltaBytes                        = 524288                                    {product} {ergonomic}
   size_t MinHeapSize                              = 104857600                                 {product} {command line}
   size_t NewSize                                  = 34603008                                  {product} {ergonomic}
    uintx NonNMethodCodeHeapSize                   = 5839372                                {pd product} {ergonomic}
    uintx NonProfiledCodeHeapSize                  = 122909434                              {pd product} {ergonomic}
   size_t OldSize                                  = 70254592                                  {product} {ergonomic}
    uintx ProfiledCodeHeapSize                     = 122909434                              {pd product} {ergonomic}
    uintx ReservedCodeCacheSize                    = 251658240                              {pd product} {ergonomic}
     bool SegmentedCodeCache                       = true                                      {product} {ergonomic}
   size_t SoftMaxHeapSize                          = 1073741824                             {manageable} {ergonomic}
     bool UseCompressedClassPointers               = true                           {product lp64_product} {ergonomic}
     bool UseCompressedOops                        = true                           {product lp64_product} {ergonomic}
     bool UseLargePagesIndividualAllocation        = false                                  {pd product} {ergonomic}
     bool UseParallelGC                            = true                                      {product} {command line}

Logging:
Log output configuration:
 #0: stdout all=off uptime,level,tags
 #1: stderr all=off uptime,level,tags

Environment Variables:
JAVA_HOME=C:\Program Files\BellSoft\LibericaJDK-17\
PATH=C:\Program Files\BellSoft\LibericaJDK-17\bin\;C:\Windows\system32;C:\Windows;C:\Windows\System32\Wbem;C:\Windows\System32\WindowsPowerShell\v1.0\;C:\Windows\System32\OpenSSH\;C:\Program Files\Git\cmd;C:\Program Files\Docker\Docker\resources\bin;C:\Program Files\BellSoft\LibericaJDK-17\\bin;%NVM_HOME%;%NVM_SYMLINK%;C:\Users\X10\AppData\Local\Microsoft\WindowsApps;C:\Users\X10\AppData\Local\Programs\Microsoft VS Code\bin;C:\Users\X10\AppData\Roaming\nvm;C:\Program Files\nodejs;C:\Program Files\JetBrains\IntelliJ IDEA 2024.1.1\bin;
USERNAME=X10
OS=Windows_NT
PROCESSOR_IDENTIFIER=Intel64 Family 6 Model 186 Stepping 3, GenuineIntel
TMP=C:\Users\X10\AppData\Local\Temp
TEMP=C:\Users\X10\AppData\Local\Temp



Periodic native trim disabled


---------------  S Y S T E M  ---------------

OS:
 Windows 11 , 64 bit Build 22621 (10.0.22621.3958)
OS uptime: 38 days 5:13 hours
Hyper-V role detected

CPU: total 12 (initial active 12) (6 cores per cpu, 2 threads per core) family 6 model 186 stepping 3 microcode 0x4121, cx8, cmov, fxsr, ht, mmx, 3dnowpref, sse, sse2, sse3, ssse3, sse4.1, sse4.2, popcnt, lzcnt, tsc, tscinvbit, avx, avx2, aes, erms, clmul, bmi1, bmi2, adx, sha, fma, vzeroupper, clflush, clflushopt, clwb, hv
Processor Information for processor 0
  Max Mhz: 1700, Current Mhz: 1700, Mhz Limit: 1700
Processor Information for processor 1
  Max Mhz: 1700, Current Mhz: 1700, Mhz Limit: 1700
Processor Information for processor 2
  Max Mhz: 1700, Current Mhz: 1700, Mhz Limit: 1700
Processor Information for processor 3
  Max Mhz: 1700, Current Mhz: 1700, Mhz Limit: 1700
Processor Information for processor 4
  Max Mhz: 1700, Current Mhz: 1200, Mhz Limit: 1190
Processor Information for processor 5
  Max Mhz: 1700, Current Mhz: 1200, Mhz Limit: 1190
Processor Information for processor 6
  Max Mhz: 1700, Current Mhz: 1200, Mhz Limit: 1190
Processor Information for processor 7
  Max Mhz: 1700, Current Mhz: 1200, Mhz Limit: 1190
Processor Information for processor 8
  Max Mhz: 1700, Current Mhz: 1200, Mhz Limit: 1190
Processor Information for processor 9
  Max Mhz: 1700, Current Mhz: 1200, Mhz Limit: 1190
Processor Information for processor 10
  Max Mhz: 1700, Current Mhz: 1200, Mhz Limit: 1190
Processor Information for processor 11
  Max Mhz: 1700, Current Mhz: 1200, Mhz Limit: 1190

Memory: 4k page, system-wide physical 16057M (28M free)
TotalPageFile size 51280M (AvailPageFile size 5M)
current process WorkingSet (physical memory assigned to process): 503M, peak: 503M
current process commit charge ("private bytes"): 481M, peak: 486M

vm_info: OpenJDK 64-Bit Server VM (17.0.13+11) for windows-amd64 JRE (17.0.13+11), built on Oct 16 2024 00:10:08 by "admin" with MS VC++ 17.7 (VS2022)

END.
