#
# There is insufficient memory for the Java Runtime Environment to continue.
# Native memory allocation (mmap) failed to map 264241152 bytes. Error detail: G1 virtual space
# Possible reasons:
#   The system is out of physical RAM or swap space
#   This process is running with CompressedOops enabled, and the Java Heap may be blocking the growth of the native heap
# Possible solutions:
#   Reduce memory load on the system
#   Increase physical memory or swap space
#   Check if swap backing store is full
#   Decrease Java heap size (-Xmx/-Xms)
#   Decrease number of Java threads
#   Decrease Java thread stack sizes (-Xss)
#   Set larger code cache with -XX:ReservedCodeCacheSize=
#   JVM is running with Zero Based Compressed Oops mode in which the Java heap is
#     placed in the first 32GB address space. The Java Heap base address is the
#     maximum limit for the native heap growth. Please use -XX:HeapBaseMinAddress
#     to set the Java Heap base and to place the Java Heap above 32GB virtual address.
# This output file may be truncated or incomplete.
#
#  Out of Memory Error (os_windows.cpp:3613), pid=55396, tid=84380
#
# JRE version:  (17.0.11+10) (build )
# Java VM: OpenJDK 64-Bit Server VM (17.0.11+10-LTS, mixed mode, sharing, tiered, compressed oops, compressed class ptrs, g1 gc, windows-amd64)
# No core dump will be written. Minidumps are not enabled by default on client versions of Windows
#

---------------  S U M M A R Y ------------

Command Line: C:\Users\X10\AppData\Local\Temp\surefire14793175473885466657\surefirebooter-20241128135453410_3.jar C:\Users\X10\AppData\Local\Temp\surefire14793175473885466657 2024-11-28T13-54-53_068-jvmRun1 surefire-20241128135453410_1tmp surefire_0-20241128135453410_2tmp

Host: 13th Gen Intel(R) Core(TM) i7-1355U, 12 cores, 15G,  Windows 11 , 64 bit Build 22621 (10.0.22621.3958)
Time: Thu Nov 28 13:54:53 2024 SE Asia Standard Time elapsed time: 0.010882 seconds (0d 0h 0m 0s)

---------------  T H R E A D  ---------------

Current thread (0x000001af2270f1a0):  JavaThread "Unknown thread" [_thread_in_vm, id=84380, stack(0x0000008a66c00000,0x0000008a66d00000)]

Stack: [0x0000008a66c00000,0x0000008a66d00000]
Native frames: (J=compiled Java code, j=interpreted, Vv=VM code, C=native code)
V  [jvm.dll+0x67c789]
V  [jvm.dll+0x832ce8]
V  [jvm.dll+0x8347ae]
V  [jvm.dll+0x834e13]
V  [jvm.dll+0x24827f]
V  [jvm.dll+0x6795b9]
V  [jvm.dll+0x66e11a]
V  [jvm.dll+0x306a66]
V  [jvm.dll+0x30de56]
V  [jvm.dll+0x35d80e]
V  [jvm.dll+0x35da3f]
V  [jvm.dll+0x2dd808]
V  [jvm.dll+0x2de774]
V  [jvm.dll+0x8047d1]
V  [jvm.dll+0x36b4b1]
V  [jvm.dll+0x7e3252]
V  [jvm.dll+0x3ef39f]
V  [jvm.dll+0x3f0ef1]
C  [jli.dll+0x5287]
C  [ucrtbase.dll+0x29333]
C  [KERNEL32.DLL+0x1257d]
C  [ntdll.dll+0x5af08]


---------------  P R O C E S S  ---------------

Threads class SMR info:
_java_thread_list=0x00007fff48592538, length=0, elements={
}

Java Threads: ( => current thread )

Other Threads:
  0x000001af2277c790 GCTaskThread "GC Thread#0" [stack: 0x0000008a66d00000,0x0000008a66e00000] [id=91228]
  0x000001af2278d1e0 ConcurrentGCThread "G1 Main Marker" [stack: 0x0000008a66e00000,0x0000008a66f00000] [id=94180]
  0x000001af2278dc00 ConcurrentGCThread "G1 Conc#0" [stack: 0x0000008a66f00000,0x0000008a67000000] [id=92272]

[error occurred during error reporting (printing all threads), id 0xc0000005, EXCEPTION_ACCESS_VIOLATION (0xc0000005) at pc=0x00007fff47d4e5e7]

VM state: not at safepoint (not fully initialized)

VM Mutex/Monitor currently owned by a thread:  ([mutex/lock_event])
[0x000001af2270ad20] Heap_lock - owner thread: 0x000001af2270f1a0

Heap address: 0x0000000705000000, size: 4016 MB, Compressed Oops mode: Zero based, Oop shift amount: 3

CDS archive(s) mapped at: [0x0000000000000000-0x0000000000000000-0x0000000000000000), size 0, SharedBaseAddress: 0x0000000800000000, ArchiveRelocationMode: 1.
Narrow klass base: 0x0000000000000000, Narrow klass shift: 0, Narrow klass range: 0x0

GC Precious Log:
<Empty>

Heap:
 garbage-first heap   total 0K, used 0K [0x0000000705000000, 0x0000000800000000)
  region size 2048K, 0 young (0K), 0 survivors (0K)

[error occurred during error reporting (printing heap information), id 0xc0000005, EXCEPTION_ACCESS_VIOLATION (0xc0000005) at pc=0x00007fff48135f89]

GC Heap History (0 events):
No events

Dll operation events (1 events):
Event: 0.007 Loaded shared library C:\Program Files\BellSoft\LibericaJDK-17\bin\java.dll

Deoptimization events (0 events):
No events

Classes unloaded (0 events):
No events

Classes redefined (0 events):
No events

Internal exceptions (0 events):
No events

VM Operations (0 events):
No events

Events (0 events):
No events


Dynamic libraries:
0x00007ff783a80000 - 0x00007ff783a8e000 	C:\Program Files\BellSoft\LibericaJDK-17\bin\java.exe
0x00007ff82e270000 - 0x00007ff82e487000 	C:\Windows\SYSTEM32\ntdll.dll
0x00007ff82ce70000 - 0x00007ff82cf34000 	C:\Windows\System32\KERNEL32.DLL
0x00007ff82b830000 - 0x00007ff82bbe7000 	C:\Windows\System32\KERNELBASE.dll
0x00007ff82bd10000 - 0x00007ff82be21000 	C:\Windows\System32\ucrtbase.dll
0x00007ff81c900000 - 0x00007ff81c917000 	C:\Program Files\BellSoft\LibericaJDK-17\bin\jli.dll
0x00007ff81c860000 - 0x00007ff81c87b000 	C:\Program Files\BellSoft\LibericaJDK-17\bin\VCRUNTIME140.dll
0x00007ff82d420000 - 0x00007ff82d5cf000 	C:\Windows\System32\USER32.dll
0x00007ff82b790000 - 0x00007ff82b7b6000 	C:\Windows\System32\win32u.dll
0x00007ff8069f0000 - 0x00007ff806c83000 	C:\Windows\WinSxS\amd64_microsoft.windows.common-controls_6595b64144ccf1df_6.0.22621.3672_none_2713b9d173822955\COMCTL32.dll
0x00007ff82d5d0000 - 0x00007ff82d5f9000 	C:\Windows\System32\GDI32.dll
0x00007ff82b5b0000 - 0x00007ff82b6c8000 	C:\Windows\System32\gdi32full.dll
0x00007ff82cae0000 - 0x00007ff82cb87000 	C:\Windows\System32\msvcrt.dll
0x00007ff82bbf0000 - 0x00007ff82bc8a000 	C:\Windows\System32\msvcp_win.dll
0x00007ff82d3e0000 - 0x00007ff82d411000 	C:\Windows\System32\IMM32.DLL
0x00007ff81c8f0000 - 0x00007ff81c8fc000 	C:\Program Files\BellSoft\LibericaJDK-17\bin\vcruntime140_1.dll
0x00007ff808670000 - 0x00007ff8086fe000 	C:\Program Files\BellSoft\LibericaJDK-17\bin\msvcp140.dll
0x00007fff47a60000 - 0x00007fff486c5000 	C:\Program Files\BellSoft\LibericaJDK-17\bin\server\jvm.dll
0x00007ff82e170000 - 0x00007ff82e222000 	C:\Windows\System32\ADVAPI32.dll
0x00007ff82c370000 - 0x00007ff82c418000 	C:\Windows\System32\sechost.dll
0x00007ff82b580000 - 0x00007ff82b5a8000 	C:\Windows\System32\bcrypt.dll
0x00007ff82c010000 - 0x00007ff82c124000 	C:\Windows\System32\RPCRT4.dll
0x00007ff805130000 - 0x00007ff805139000 	C:\Windows\SYSTEM32\WSOCK32.dll
0x00007ff82c240000 - 0x00007ff82c2b1000 	C:\Windows\System32\WS2_32.dll
0x00007ff82b3a0000 - 0x00007ff82b3ed000 	C:\Windows\SYSTEM32\POWRPROF.dll
0x00007ff824500000 - 0x00007ff824534000 	C:\Windows\SYSTEM32\WINMM.dll
0x00007ff819c30000 - 0x00007ff819c3a000 	C:\Windows\SYSTEM32\VERSION.dll
0x00007ff82b280000 - 0x00007ff82b293000 	C:\Windows\SYSTEM32\UMPDC.dll
0x00007ff82a590000 - 0x00007ff82a5a8000 	C:\Windows\SYSTEM32\kernel.appcore.dll
0x00007ff81c730000 - 0x00007ff81c73a000 	C:\Program Files\BellSoft\LibericaJDK-17\bin\jimage.dll
0x00007ff8288f0000 - 0x00007ff828b22000 	C:\Windows\SYSTEM32\DBGHELP.DLL
0x00007ff82d040000 - 0x00007ff82d3ce000 	C:\Windows\System32\combase.dll
0x00007ff82cd10000 - 0x00007ff82cde7000 	C:\Windows\System32\OLEAUT32.dll
0x00007ff823c80000 - 0x00007ff823cb2000 	C:\Windows\SYSTEM32\dbgcore.DLL
0x00007ff82bc90000 - 0x00007ff82bd0b000 	C:\Windows\System32\bcryptPrimitives.dll
0x00007ff806eb0000 - 0x00007ff806ed5000 	C:\Program Files\BellSoft\LibericaJDK-17\bin\java.dll

dbghelp: loaded successfully - version: 4.0.5 - missing functions: none
symbol engine: initialized successfully - sym options: 0x614 - pdb path: .;C:\Program Files\BellSoft\LibericaJDK-17\bin;C:\Windows\SYSTEM32;C:\Windows\WinSxS\amd64_microsoft.windows.common-controls_6595b64144ccf1df_6.0.22621.3672_none_2713b9d173822955;C:\Program Files\BellSoft\LibericaJDK-17\bin\server

VM Arguments:
java_command: C:\Users\X10\AppData\Local\Temp\surefire14793175473885466657\surefirebooter-20241128135453410_3.jar C:\Users\X10\AppData\Local\Temp\surefire14793175473885466657 2024-11-28T13-54-53_068-jvmRun1 surefire-20241128135453410_1tmp surefire_0-20241128135453410_2tmp
java_class_path (initial): C:\Users\X10\AppData\Local\Temp\surefire14793175473885466657\surefirebooter-20241128135453410_3.jar
Launcher Type: SUN_STANDARD

[Global flags]
     intx CICompilerCount                          = 4                                         {product} {ergonomic}
     uint ConcGCThreads                            = 3                                         {product} {ergonomic}
     uint G1ConcRefinementThreads                  = 10                                        {product} {ergonomic}
   size_t G1HeapRegionSize                         = 2097152                                   {product} {ergonomic}
    uintx GCDrainStackTargetSize                   = 64                                        {product} {ergonomic}
   size_t InitialHeapSize                          = 264241152                                 {product} {ergonomic}
   size_t MarkStackSize                            = 4194304                                   {product} {ergonomic}
   size_t MaxHeapSize                              = 4211081216                                {product} {ergonomic}
   size_t MinHeapDeltaBytes                        = 2097152                                   {product} {ergonomic}
   size_t MinHeapSize                              = 8388608                                   {product} {ergonomic}
    uintx NonNMethodCodeHeapSize                   = 5839372                                {pd product} {ergonomic}
    uintx NonProfiledCodeHeapSize                  = 122909434                              {pd product} {ergonomic}
    uintx ProfiledCodeHeapSize                     = 122909434                              {pd product} {ergonomic}
    uintx ReservedCodeCacheSize                    = 251658240                              {pd product} {ergonomic}
     bool SegmentedCodeCache                       = true                                      {product} {ergonomic}
   size_t SoftMaxHeapSize                          = 4211081216                             {manageable} {ergonomic}
     bool UseCompressedClassPointers               = true                           {product lp64_product} {ergonomic}
     bool UseCompressedOops                        = true                           {product lp64_product} {ergonomic}
     bool UseG1GC                                  = true                                      {product} {ergonomic}
     bool UseLargePagesIndividualAllocation        = false                                  {pd product} {ergonomic}

Logging:
Log output configuration:
 #0: stdout all=warning uptime,level,tags
 #1: stderr all=off uptime,level,tags

Environment Variables:
JAVA_HOME=C:\Program Files\BellSoft\LibericaJDK-17\
PATH=C:\Users\X10\bin;C:\Program Files\Git\mingw64\bin;C:\Program Files\Git\usr\local\bin;C:\Program Files\Git\usr\bin;C:\Program Files\Git\usr\bin;C:\Program Files\Git\mingw64\bin;C:\Program Files\Git\usr\bin;C:\Users\X10\bin;C:\Program Files\BellSoft\LibericaJDK-17\bin;C:\Windows\system32;C:\Windows;C:\Windows\System32\Wbem;C:\Windows\System32\WindowsPowerShell\v1.0;C:\Windows\System32\OpenSSH;C:\Program Files\Git\cmd;C:\Program Files\Docker\Docker\resources\bin;C:\Program Files\BellSoft\LibericaJDK-17\bin;%NVM_HOME%;%NVM_SYMLINK%;C:\Users\X10\AppData\Local\Microsoft\WindowsApps;C:\Users\X10\AppData\Local\Programs\Microsoft VS Code\bin;C:\Users\X10\AppData\Roaming\nvm;C:\Program Files\nodejs;C:\Program Files\JetBrains\IntelliJ IDEA 2024.1.1\bin;C:\Program Files\Git\usr\bin\vendor_perl;C:\Program Files\Git\usr\bin\core_perl
USERNAME=X10
SHELL=C:\Program Files\Git\usr\bin\bash.exe
DISPLAY=needs-to-be-defined
LANG=en_US.UTF-8
TERM=xterm-256color
TMPDIR=C:\Users\X10\AppData\Local\Temp
OS=Windows_NT
PROCESSOR_IDENTIFIER=Intel64 Family 6 Model 186 Stepping 3, GenuineIntel
TMP=C:\Users\X10\AppData\Local\Temp
TEMP=C:\Users\X10\AppData\Local\Temp



Periodic native trim disabled


---------------  S Y S T E M  ---------------

OS:
 Windows 11 , 64 bit Build 22621 (10.0.22621.3958)
OS uptime: 38 days 4:47 hours
Hyper-V role detected

CPU: total 12 (initial active 12) (6 cores per cpu, 2 threads per core) family 6 model 186 stepping 3 microcode 0x4121, cx8, cmov, fxsr, ht, mmx, 3dnowpref, sse, sse2, sse3, ssse3, sse4.1, sse4.2, popcnt, lzcnt, tsc, tscinvbit, avx, avx2, aes, erms, clmul, bmi1, bmi2, adx, sha, fma, vzeroupper, clflush, clflushopt, clwb, hv
Processor Information for processor 0
  Max Mhz: 1700, Current Mhz: 1700, Mhz Limit: 1700
Processor Information for processor 1
  Max Mhz: 1700, Current Mhz: 1700, Mhz Limit: 1700
Processor Information for processor 2
  Max Mhz: 1700, Current Mhz: 1700, Mhz Limit: 1700
Processor Information for processor 3
  Max Mhz: 1700, Current Mhz: 1700, Mhz Limit: 1700
Processor Information for processor 4
  Max Mhz: 1700, Current Mhz: 1200, Mhz Limit: 1190
Processor Information for processor 5
  Max Mhz: 1700, Current Mhz: 1200, Mhz Limit: 1190
Processor Information for processor 6
  Max Mhz: 1700, Current Mhz: 1200, Mhz Limit: 1190
Processor Information for processor 7
  Max Mhz: 1700, Current Mhz: 1200, Mhz Limit: 1190
Processor Information for processor 8
  Max Mhz: 1700, Current Mhz: 1200, Mhz Limit: 1190
Processor Information for processor 9
  Max Mhz: 1700, Current Mhz: 1200, Mhz Limit: 1190
Processor Information for processor 10
  Max Mhz: 1700, Current Mhz: 1200, Mhz Limit: 1190
Processor Information for processor 11
  Max Mhz: 1700, Current Mhz: 1200, Mhz Limit: 1190

Memory: 4k page, system-wide physical 16057M (612M free)
TotalPageFile size 51280M (AvailPageFile size 263M)
current process WorkingSet (physical memory assigned to process): 11M, peak: 11M
current process commit charge ("private bytes"): 64M, peak: 316M

vm_info: OpenJDK 64-Bit Server VM (17.0.11+10-LTS) for windows-amd64 JRE (17.0.11+10-LTS), built on Apr 10 2024 06:54:38 by "" with MS VC++ 17.1 (VS2022)

END.
