#
# There is insufficient memory for the Java Runtime Environment to continue.
# Native memory allocation (malloc) failed to allocate 834016 bytes. Error detail: Chunk::new
# Possible reasons:
#   The system is out of physical RAM or swap space
#   This process is running with CompressedOops enabled, and the Java Heap may be blocking the growth of the native heap
# Possible solutions:
#   Reduce memory load on the system
#   Increase physical memory or swap space
#   Check if swap backing store is full
#   Decrease Java heap size (-Xmx/-Xms)
#   Decrease number of Java threads
#   Decrease Java thread stack sizes (-Xss)
#   Set larger code cache with -XX:ReservedCodeCacheSize=
#   JVM is running with Unscaled Compressed Oops mode in which the Java heap is
#     placed in the first 4GB address space. The Java Heap base address is the
#     maximum limit for the native heap growth. Please use -XX:HeapBaseMinAddress
#     to set the Java Heap base and to place the Java Heap above 4GB virtual address.
# This output file may be truncated or incomplete.
#
#  Out of Memory Error (arena.cpp:191), pid=88756, tid=91696
#
# JRE version: OpenJDK Runtime Environment Temurin-17.0.13+11 (17.0.13+11) (build 17.0.13+11)
# Java VM: OpenJDK 64-Bit Server VM Temurin-17.0.13+11 (17.0.13+11, mixed mode, tiered, compressed oops, compressed class ptrs, parallel gc, windows-amd64)
# No core dump will be written. Minidumps are not enabled by default on client versions of Windows
#

---------------  S U M M A R Y ------------

Command Line: --add-modules=ALL-SYSTEM --add-opens=java.base/java.util=ALL-UNNAMED --add-opens=java.base/java.lang=ALL-UNNAMED --add-opens=java.base/sun.nio.fs=ALL-UNNAMED -Declipse.application=org.eclipse.jdt.ls.core.id1 -Dosgi.bundles.defaultStartLevel=4 -Declipse.product=org.eclipse.jdt.ls.core.product -Djava.import.generatesMetadataFilesAtProjectRoot=false -DDetectVMInstallationsJob.disabled=true -Dfile.encoding=utf8 -XX:+UseParallelGC -XX:GCTimeRatio=4 -XX:AdaptiveSizePolicyWeight=90 -Dsun.zip.disableMemoryMapping=true -Xmx1G -Xms100m -Xlog:disable -javaagent:c:\Users\X10\.vscode\extensions\redhat.java-1.36.0-win32-x64\lombok\lombok-1.18.35.jar -XX:+HeapDumpOnOutOfMemoryError -XX:HeapDumpPath=c:\Users\X10\AppData\Roaming\Code\User\workspaceStorage\9f67e42c91538415417d6b88faae650a\redhat.java -Daether.dependencyCollector.impl=bf c:\Users\X10\.vscode\extensions\redhat.java-1.36.0-win32-x64\server\plugins\org.eclipse.equinox.launcher_1.6.900.v20240613-2009.jar -configuration c:\Users\X10\AppData\Roaming\Code\User\globalStorage\redhat.java\1.36.0\config_win -data c:\Users\X10\AppData\Roaming\Code\User\workspaceStorage\9f67e42c91538415417d6b88faae650a\redhat.java\jdt_ws --pipe=\\.\pipe\lsp-6c6022f4b8ecf04c0844aac57ed5660f-sock

Host: 13th Gen Intel(R) Core(TM) i7-1355U, 12 cores, 15G,  Windows 11 , 64 bit Build 22621 (10.0.22621.3958)
Time: Thu Nov 28 14:21:09 2024 SE Asia Standard Time elapsed time: 2151.510195 seconds (0d 0h 35m 51s)

---------------  T H R E A D  ---------------

Current thread (0x000001985d3e2e90):  JavaThread "C2 CompilerThread0" daemon [_thread_in_native, id=91696, stack(0x0000002fc5c00000,0x0000002fc5d00000)]


Current CompileTask:
C2:2151510 31076 % !   4       org.eclipse.jdt.internal.core.SearchableEnvironment::hasSubPackageInUnnamedModule @ 63 (132 bytes)

Stack: [0x0000002fc5c00000,0x0000002fc5d00000]
Native frames: (J=compiled Java code, j=interpreted, Vv=VM code, C=native code)
V  [jvm.dll+0x682a19]
V  [jvm.dll+0x839538]
V  [jvm.dll+0x83afe3]
V  [jvm.dll+0x83b653]
V  [jvm.dll+0x24704f]
V  [jvm.dll+0xace34]
V  [jvm.dll+0xad4cc]
V  [jvm.dll+0x2ac84f]
V  [jvm.dll+0x588a79]
V  [jvm.dll+0x220ea2]
V  [jvm.dll+0x22129f]
V  [jvm.dll+0x21a2b0]
V  [jvm.dll+0x21738b]
V  [jvm.dll+0x1a3070]
V  [jvm.dll+0x22788c]
V  [jvm.dll+0x2259eb]
V  [jvm.dll+0x7eec98]
V  [jvm.dll+0x7e8ffc]
V  [jvm.dll+0x6818f7]
C  [ucrtbase.dll+0x29333]
C  [KERNEL32.DLL+0x1257d]
C  [ntdll.dll+0x5af08]


---------------  P R O C E S S  ---------------

Threads class SMR info:
_java_thread_list=0x0000019871fbc550, length=64, elements={
0x00000198424ceee0, 0x00000198582a1030, 0x00000198582a32b0, 0x000001985d3d9450,
0x000001985d3d9d20, 0x000001985d3dad90, 0x000001985d3df990, 0x000001985d3e2e90,
0x000001985d3e5000, 0x000001985d3e60b0, 0x00000198425327a0, 0x000001985d7273a0,
0x000001985f140820, 0x000001985f13f8f0, 0x000001985f13fe00, 0x000001985f13d070,
0x000001985f140310, 0x000001985f13eed0, 0x000001985f13dfa0, 0x000001985fa84d20,
0x000001985fa84810, 0x000001985fa85c50, 0x000001985fa86160, 0x000001985fa82ec0,
0x000001985fa85740, 0x000001985fa86670, 0x000001985fa86b80, 0x000001985fa89400,
0x000001985fa8a840, 0x000001985fa838e0, 0x000001985fa89910, 0x000001985fa875a0,
0x000001985fa89e20, 0x000001985fa87fc0, 0x000001985fa884d0, 0x000001985fa85230,
0x000001985fa889e0, 0x0000019861edc0c0, 0x0000019861edd500, 0x0000019861edda10,
0x0000019861ede940, 0x0000019861edf360, 0x000001985f13e9c0, 0x000001985f13d580,
0x000001985f13da90, 0x000001985fa833d0, 0x0000019863b93d20, 0x0000019864835120,
0x00000198648379a0, 0x0000019864831460, 0x0000019864831e80, 0x00000198648328a0,
0x0000019861ee2600, 0x0000019864831970, 0x0000019864833ce0, 0x0000019863b923d0,
0x0000019863b94c50, 0x0000019863b95b80, 0x0000019863b90060, 0x0000019863b91ec0,
0x0000019863b90570, 0x0000019863b979e0, 0x0000019863b90f90, 0x0000019863b95670
}

Java Threads: ( => current thread )
  0x00000198424ceee0 JavaThread "main" [_thread_blocked, id=68580, stack(0x0000002fc5300000,0x0000002fc5400000)]
  0x00000198582a1030 JavaThread "Reference Handler" daemon [_thread_blocked, id=91924, stack(0x0000002fc5600000,0x0000002fc5700000)]
  0x00000198582a32b0 JavaThread "Finalizer" daemon [_thread_blocked, id=88364, stack(0x0000002fc5700000,0x0000002fc5800000)]
  0x000001985d3d9450 JavaThread "Signal Dispatcher" daemon [_thread_blocked, id=74924, stack(0x0000002fc5800000,0x0000002fc5900000)]
  0x000001985d3d9d20 JavaThread "Attach Listener" daemon [_thread_blocked, id=29484, stack(0x0000002fc5900000,0x0000002fc5a00000)]
  0x000001985d3dad90 JavaThread "Service Thread" daemon [_thread_blocked, id=75244, stack(0x0000002fc5a00000,0x0000002fc5b00000)]
  0x000001985d3df990 JavaThread "Monitor Deflation Thread" daemon [_thread_blocked, id=57392, stack(0x0000002fc5b00000,0x0000002fc5c00000)]
=>0x000001985d3e2e90 JavaThread "C2 CompilerThread0" daemon [_thread_in_native, id=91696, stack(0x0000002fc5c00000,0x0000002fc5d00000)]
  0x000001985d3e5000 JavaThread "C1 CompilerThread0" daemon [_thread_blocked, id=7996, stack(0x0000002fc5d00000,0x0000002fc5e00000)]
  0x000001985d3e60b0 JavaThread "Sweeper thread" daemon [_thread_blocked, id=89372, stack(0x0000002fc5e00000,0x0000002fc5f00000)]
  0x00000198425327a0 JavaThread "Common-Cleaner" daemon [_thread_blocked, id=86472, stack(0x0000002fc5f00000,0x0000002fc6000000)]
  0x000001985d7273a0 JavaThread "Notification Thread" daemon [_thread_blocked, id=58612, stack(0x0000002fc6000000,0x0000002fc6100000)]
  0x000001985f140820 JavaThread "Active Thread: Equinox Container: e5bafad5-c807-4fce-9cc7-7da49b719cc3" [_thread_blocked, id=69748, stack(0x0000002fc6a00000,0x0000002fc6b00000)]
  0x000001985f13f8f0 JavaThread "Refresh Thread: Equinox Container: e5bafad5-c807-4fce-9cc7-7da49b719cc3" daemon [_thread_blocked, id=69216, stack(0x0000002fc6b00000,0x0000002fc6c00000)]
  0x000001985f13fe00 JavaThread "Framework Event Dispatcher: Equinox Container: e5bafad5-c807-4fce-9cc7-7da49b719cc3" daemon [_thread_blocked, id=91600, stack(0x0000002fc6c00000,0x0000002fc6d00000)]
  0x000001985f13d070 JavaThread "Start Level: Equinox Container: e5bafad5-c807-4fce-9cc7-7da49b719cc3" daemon [_thread_blocked, id=66896, stack(0x0000002fc6d00000,0x0000002fc6e00000)]
  0x000001985f140310 JavaThread "Bundle File Closer" daemon [_thread_blocked, id=78812, stack(0x0000002fc6f00000,0x0000002fc7000000)]
  0x000001985f13eed0 JavaThread "SCR Component Actor" daemon [_thread_blocked, id=86100, stack(0x0000002fc6300000,0x0000002fc6400000)]
  0x000001985f13dfa0 JavaThread "Worker-JM" [_thread_blocked, id=91848, stack(0x0000002fc7200000,0x0000002fc7300000)]
  0x000001985fa84d20 JavaThread "Java indexing" daemon [_thread_blocked, id=82140, stack(0x0000002fc7700000,0x0000002fc7800000)]
  0x000001985fa84810 JavaThread "JNA Cleaner" daemon [_thread_blocked, id=27556, stack(0x0000002fc7600000,0x0000002fc7700000)]
  0x000001985fa85c50 JavaThread "Thread-2" daemon [_thread_in_native, id=53028, stack(0x0000002fc7a00000,0x0000002fc7b00000)]
  0x000001985fa86160 JavaThread "Thread-3" daemon [_thread_in_native, id=72096, stack(0x0000002fc7b00000,0x0000002fc7c00000)]
  0x000001985fa82ec0 JavaThread "Thread-4" daemon [_thread_in_native, id=91620, stack(0x0000002fc7c00000,0x0000002fc7d00000)]
  0x000001985fa85740 JavaThread "Thread-5" daemon [_thread_in_native, id=91752, stack(0x0000002fc7d00000,0x0000002fc7e00000)]
  0x000001985fa86670 JavaThread "Thread-6" daemon [_thread_in_native, id=89488, stack(0x0000002fc7e00000,0x0000002fc7f00000)]
  0x000001985fa86b80 JavaThread "Thread-7" daemon [_thread_in_native, id=84524, stack(0x0000002fc7f00000,0x0000002fc8000000)]
  0x000001985fa89400 JavaThread "Thread-8" daemon [_thread_in_native, id=76384, stack(0x0000002fc8000000,0x0000002fc8100000)]
  0x000001985fa8a840 JavaThread "Thread-9" daemon [_thread_in_native, id=84876, stack(0x0000002fc8100000,0x0000002fc8200000)]
  0x000001985fa838e0 JavaThread "Thread-10" daemon [_thread_in_native, id=91672, stack(0x0000002fc8200000,0x0000002fc8300000)]
  0x000001985fa89910 JavaThread "Thread-11" daemon [_thread_in_native, id=61880, stack(0x0000002fc8300000,0x0000002fc8400000)]
  0x000001985fa875a0 JavaThread "Thread-12" daemon [_thread_in_native, id=81908, stack(0x0000002fc8400000,0x0000002fc8500000)]
  0x000001985fa89e20 JavaThread "Thread-13" daemon [_thread_in_native, id=91992, stack(0x0000002fc8500000,0x0000002fc8600000)]
  0x000001985fa87fc0 JavaThread "Thread-14" daemon [_thread_in_native, id=61960, stack(0x0000002fc8600000,0x0000002fc8700000)]
  0x000001985fa884d0 JavaThread "pool-2-thread-1" [_thread_blocked, id=89388, stack(0x0000002fc8800000,0x0000002fc8900000)]
  0x000001985fa85230 JavaThread "WorkspaceEventsHandler" [_thread_blocked, id=76344, stack(0x0000002fc8a00000,0x0000002fc8b00000)]
  0x000001985fa889e0 JavaThread "pool-1-thread-1" [_thread_blocked, id=49436, stack(0x0000002fc8b00000,0x0000002fc8c00000)]
  0x0000019861edc0c0 JavaThread "ForkJoinPool.commonPool-worker-1" daemon [_thread_blocked, id=93204, stack(0x0000002fc9600000,0x0000002fc9700000)]
  0x0000019861edd500 JavaThread "ForkJoinPool.commonPool-worker-2" daemon [_thread_blocked, id=93372, stack(0x0000002fc9700000,0x0000002fc9800000)]
  0x0000019861edda10 JavaThread "ForkJoinPool.commonPool-worker-3" daemon [_thread_blocked, id=93440, stack(0x0000002fc9800000,0x0000002fc9900000)]
  0x0000019861ede940 JavaThread "ForkJoinPool.commonPool-worker-4" daemon [_thread_blocked, id=93480, stack(0x0000002fc9900000,0x0000002fc9a00000)]
  0x0000019861edf360 JavaThread "ForkJoinPool.commonPool-worker-5" daemon [_thread_blocked, id=93640, stack(0x0000002fc9a00000,0x0000002fc9b00000)]
  0x000001985f13e9c0 JavaThread "ForkJoinPool.commonPool-worker-6" daemon [_thread_blocked, id=93472, stack(0x0000002fc8c00000,0x0000002fc8d00000)]
  0x000001985f13d580 JavaThread "ForkJoinPool.commonPool-worker-7" daemon [_thread_blocked, id=93280, stack(0x0000002fc9500000,0x0000002fc9600000)]
  0x000001985f13da90 JavaThread "ForkJoinPool.commonPool-worker-8" daemon [_thread_blocked, id=93296, stack(0x0000002fc9b00000,0x0000002fc9c00000)]
  0x000001985fa833d0 JavaThread "ForkJoinPool.commonPool-worker-9" daemon [_thread_blocked, id=93392, stack(0x0000002fc9c00000,0x0000002fc9d00000)]
  0x0000019863b93d20 JavaThread "ForkJoinPool.commonPool-worker-11" daemon [_thread_blocked, id=93380, stack(0x0000002fc9e00000,0x0000002fc9f00000)]
  0x0000019864835120 JavaThread "Java Debug Server" daemon [_thread_in_native, id=6188, stack(0x0000002fcb800000,0x0000002fcb900000)]
  0x00000198648379a0 JavaThread "pool-25-thread-1" [_thread_in_native, id=81640, stack(0x0000002fcb900000,0x0000002fcba00000)]
  0x0000019864831460 JavaThread "RxSchedulerPurge-1" daemon [_thread_blocked, id=91872, stack(0x0000002fcba00000,0x0000002fcbb00000)]
  0x0000019864831e80 JavaThread "RxCachedWorkerPoolEvictor-1" daemon [_thread_blocked, id=93944, stack(0x0000002fcbb00000,0x0000002fcbc00000)]
  0x00000198648328a0 JavaThread "RxNewThreadScheduler-1" daemon [_thread_blocked, id=78572, stack(0x0000002fcbc00000,0x0000002fcbd00000)]
  0x0000019861ee2600 JavaThread "process reaper (pid 81748)" daemon [_thread_in_native, id=71668, stack(0x0000002fcbe00000,0x0000002fcbe20000)]
  0x0000019864831970 JavaThread "Cleaner-0" daemon [_thread_blocked, id=91916, stack(0x0000002fcbe20000,0x0000002fcbf20000)]
  0x0000019864833ce0 JavaThread "Worker-16" [_thread_blocked, id=95736, stack(0x0000002fc8700000,0x0000002fc8800000)]
  0x0000019863b923d0 JavaThread "ForkJoinPool.commonPool-worker-12" daemon [_thread_blocked, id=99836, stack(0x0000002fc5000000,0x0000002fc5100000)]
  0x0000019863b94c50 JavaThread "Worker-17" [_thread_blocked, id=89876, stack(0x0000002fc5100000,0x0000002fc5200000)]
  0x0000019863b95b80 JavaThread "Worker-18" [_thread_blocked, id=100232, stack(0x0000002fc5200000,0x0000002fc5300000)]
  0x0000019863b90060 JavaThread "Worker-19" [_thread_blocked, id=100344, stack(0x0000002fc7400000,0x0000002fc7500000)]
  0x0000019863b91ec0 JavaThread "Worker-20" [_thread_blocked, id=100472, stack(0x0000002fc7300000,0x0000002fc7400000)]
  0x0000019863b90570 JavaThread "Compiler Source File Reader" daemon [_thread_blocked, id=101168, stack(0x0000002fc7500000,0x0000002fc7600000)]
  0x0000019863b979e0 JavaThread "Compiler Source File Reader" daemon [_thread_blocked, id=18684, stack(0x0000002fc7100000,0x0000002fc7200000)]
  0x0000019863b90f90 JavaThread "Compiler Source File Reader" daemon [_thread_blocked, id=102376, stack(0x0000002fc7900000,0x0000002fc7a00000)]
  0x0000019863b95670 JavaThread "Compiler Source File Reader" daemon [_thread_blocked, id=105336, stack(0x0000002fc8900000,0x0000002fc8a00000)]

Other Threads:
  0x000001985d3b4870 VMThread "VM Thread" [stack: 0x0000002fc5500000,0x0000002fc5600000] [id=82196]
  0x000001985d728020 WatcherThread [stack: 0x0000002fc6100000,0x0000002fc6200000] [id=52928]
  0x00000198424e3af0 GCTaskThread "GC Thread#0" [stack: 0x0000002fc5400000,0x0000002fc5500000] [id=85560]
  0x000001985ef037c0 GCTaskThread "GC Thread#1" [stack: 0x0000002fc6400000,0x0000002fc6500000] [id=68752]
  0x000001985ef03e90 GCTaskThread "GC Thread#2" [stack: 0x0000002fc6500000,0x0000002fc6600000] [id=16448]
  0x000001985f42e050 GCTaskThread "GC Thread#3" [stack: 0x0000002fc6600000,0x0000002fc6700000] [id=91784]
  0x000001985f42e310 GCTaskThread "GC Thread#4" [stack: 0x0000002fc6700000,0x0000002fc6800000] [id=38556]
  0x000001985f42e5d0 GCTaskThread "GC Thread#5" [stack: 0x0000002fc6800000,0x0000002fc6900000] [id=88896]
  0x000001985eca8a60 GCTaskThread "GC Thread#6" [stack: 0x0000002fc6900000,0x0000002fc6a00000] [id=91276]
  0x000001985f7764c0 GCTaskThread "GC Thread#7" [stack: 0x0000002fc6e00000,0x0000002fc6f00000] [id=19872]
  0x000001985f5ea240 GCTaskThread "GC Thread#8" [stack: 0x0000002fc7000000,0x0000002fc7100000] [id=79736]
  0x000001985fb68140 GCTaskThread "GC Thread#9" [stack: 0x0000002fc6200000,0x0000002fc6300000] [id=92120]

Threads with active compile tasks:
C2 CompilerThread0  2151541 31076 % !   4       org.eclipse.jdt.internal.core.SearchableEnvironment::hasSubPackageInUnnamedModule @ 63 (132 bytes)

VM state: not at safepoint (normal execution)

VM Mutex/Monitor currently owned by a thread: None

Heap address: 0x00000000c0000000, size: 1024 MB, Compressed Oops mode: 32-bit

CDS archive(s) not mapped
Compressed class space mapped at: 0x0000000100000000-0x0000000140000000, reserved size: 1073741824
Narrow klass base: 0x0000000000000000, Narrow klass shift: 3, Narrow klass range: 0x140000000

GC Precious Log:
 CPUs: 12 total, 12 available
 Memory: 16057M
 Large Page Support: Disabled
 NUMA Support: Disabled
 Compressed Oops: Enabled (32-bit)
 Alignments: Space 512K, Generation 512K, Heap 2M
 Heap Min Capacity: 100M
 Heap Initial Capacity: 100M
 Heap Max Capacity: 1G
 Pre-touch: Disabled
 Parallel Workers: 10

Heap:
 PSYoungGen      total 4096K, used 1883K [0x00000000eab00000, 0x00000000eb000000, 0x0000000100000000)
  eden space 3584K, 39% used [0x00000000eab00000,0x00000000eac643d0,0x00000000eae80000)
  from space 512K, 89% used [0x00000000eaf00000,0x00000000eaf72910,0x00000000eaf80000)
  to   space 512K, 0% used [0x00000000eaf80000,0x00000000eaf80000,0x00000000eb000000)
 ParOldGen       total 180736K, used 161378K [0x00000000c0000000, 0x00000000cb080000, 0x00000000eab00000)
  object space 180736K, 89% used [0x00000000c0000000,0x00000000c9d989a0,0x00000000cb080000)
 Metaspace       used 107835K, committed 109312K, reserved 1179648K
  class space    used 10785K, committed 11392K, reserved 1048576K

Card table byte_map: [0x0000019855b20000,0x0000019855d30000] _byte_map_base: 0x0000019855520000

Marking Bits: (ParMarkBitMap*) 0x00007fffc80b6940
 Begin Bits: [0x0000019855e90000, 0x0000019856e90000)
 End Bits:   [0x0000019856e90000, 0x0000019857e90000)

Polling page: 0x0000019842580000

Metaspace:

Usage:
  Non-class:     94.78 MB used.
      Class:     10.53 MB used.
       Both:    105.31 MB used.

Virtual space:
  Non-class space:      128.00 MB reserved,      95.62 MB ( 75%) committed,  2 nodes.
      Class space:        1.00 GB reserved,      11.12 MB (  1%) committed,  1 nodes.
             Both:        1.12 GB reserved,     106.75 MB (  9%) committed. 

Chunk freelists:
   Non-Class:  16.00 KB
       Class:  4.87 MB
        Both:  4.89 MB

MaxMetaspaceSize: unlimited
CompressedClassSpaceSize: 1.00 GB
Initial GC threshold: 21.00 MB
Current GC threshold: 177.75 MB
CDS: off
MetaspaceReclaimPolicy: balanced
 - commit_granule_bytes: 65536.
 - commit_granule_words: 8192.
 - virtual_space_node_default_size: 8388608.
 - enlarge_chunks_in_place: 1.
 - new_chunks_are_fully_committed: 0.
 - uncommit_free_chunks: 1.
 - use_allocation_guard: 0.
 - handle_deallocations: 1.


Internal statistics:

num_allocs_failed_limit: 11.
num_arena_births: 1480.
num_arena_deaths: 440.
num_vsnodes_births: 3.
num_vsnodes_deaths: 0.
num_space_committed: 1724.
num_space_uncommitted: 17.
num_chunks_returned_to_freelist: 658.
num_chunks_taken_from_freelist: 6498.
num_chunk_merges: 203.
num_chunk_splits: 3837.
num_chunks_enlarged: 2177.
num_inconsistent_stats: 0.

CodeHeap 'non-profiled nmethods': size=120000Kb used=26417Kb max_used=26417Kb free=93582Kb
 bounds [0x000001984e400000, 0x000001984fdd0000, 0x0000019855930000]
CodeHeap 'profiled nmethods': size=120000Kb used=48075Kb max_used=48075Kb free=71924Kb
 bounds [0x0000019846930000, 0x0000019849830000, 0x000001984de60000]
CodeHeap 'non-nmethods': size=5760Kb used=1491Kb max_used=1555Kb free=4269Kb
 bounds [0x000001984de60000, 0x000001984e0d0000, 0x000001984e400000]
 total_blobs=23087 nmethods=22232 adapters=764
 compilation: enabled
              stopped_count=0, restarted_count=0
 full_count=0

Compilation events (20 events):
Event: 2151.428 Thread 0x000001985d3e5000 31074   !   3       org.eclipse.jdt.internal.core.SearchableEnvironment::getModulesDeclaringPackage (526 bytes)
Event: 2151.430 Thread 0x000001985d3e5000 nmethod 31074 0x0000019849820110 code [0x0000019849820620, 0x0000019849823158]
Event: 2151.438 Thread 0x000001985d3e2e90 nmethod 31062 0x000001984fdc3f10 code [0x000001984fdc4340, 0x000001984fdc88f8]
Event: 2151.438 Thread 0x000001985d3e2e90 31066       4       org.eclipse.jdt.internal.compiler.parser.Parser::consumeNestedType (84 bytes)
Event: 2151.439 Thread 0x000001985d3e2e90 nmethod 31066 0x000001984fdcbf90 code [0x000001984fdcc120, 0x000001984fdcc238]
Event: 2151.439 Thread 0x000001985d3e2e90 31073       4       org.eclipse.jdt.internal.core.SearchableEnvironment$$Lambda$910/0x000000010092c988::<init> (10 bytes)
Event: 2151.439 Thread 0x000001985d3e2e90 nmethod 31073 0x000001984fdcc390 code [0x000001984fdcc500, 0x000001984fdcc598]
Event: 2151.439 Thread 0x000001985d3e5000 31075       3       org.eclipse.jdt.internal.core.util.BindingKeyParser::consumeType (1 bytes)
Event: 2151.439 Thread 0x000001985d3e5000 nmethod 31075 0x0000019849084a90 code [0x0000019849084c20, 0x0000019849084d38]
Event: 2151.445 Thread 0x000001985d3e2e90 31076 % !   4       org.eclipse.jdt.internal.core.SearchableEnvironment::hasSubPackageInUnnamedModule @ 63 (132 bytes)
Event: 2151.457 Thread 0x000001985d3e5000 31077       3       java.lang.invoke.LambdaForm$Name::<init> (99 bytes)
Event: 2151.457 Thread 0x000001985d3e5000 nmethod 31077 0x0000019849824610 code [0x00000198498247a0, 0x0000019849824998]
Event: 2151.472 Thread 0x000001985d3e5000 31078       3       org.eclipse.jdt.core.dom.BindingComparator::isEqual (840 bytes)
Event: 2151.474 Thread 0x000001985d3e5000 nmethod 31078 0x0000019849824a90 code [0x0000019849825200, 0x0000019849829a18]
Event: 2151.480 Thread 0x000001985d3e5000 31079       3       org.eclipse.jdt.internal.compiler.lookup.BinaryTypeBinding::resolveType (207 bytes)
Event: 2151.481 Thread 0x000001985d3e5000 nmethod 31079 0x000001984982a990 code [0x000001984982ac40, 0x000001984982bc08]
Event: 2151.481 Thread 0x000001985d3e5000 31080   !   3       org.eclipse.jdt.internal.core.BinaryType::getTypeQualifiedName (10 bytes)
Event: 2151.481 Thread 0x000001985d3e5000 nmethod 31080 0x000001984982c010 code [0x000001984982c1c0, 0x000001984982c3c8]
Event: 2151.495 Thread 0x000001985d3e5000 31081       3       org.eclipse.jdt.internal.core.util.BindingKeyParser::parse (347 bytes)
Event: 2151.496 Thread 0x000001985d3e5000 nmethod 31081 0x000001984982c490 code [0x000001984982c980, 0x000001984982ead8]

GC Heap History (20 events):
Event: 2151.437 GC heap before
{Heap before GC invocations=4752 (full 88):
 PSYoungGen      total 4096K, used 3872K [0x00000000eab00000, 0x00000000eb000000, 0x0000000100000000)
  eden space 3584K, 100% used [0x00000000eab00000,0x00000000eae80000,0x00000000eae80000)
  from space 512K, 56% used [0x00000000eaf00000,0x00000000eaf48000,0x00000000eaf80000)
  to   space 512K, 0% used [0x00000000eaf80000,0x00000000eaf80000,0x00000000eb000000)
 ParOldGen       total 180736K, used 160642K [0x00000000c0000000, 0x00000000cb080000, 0x00000000eab00000)
  object space 180736K, 88% used [0x00000000c0000000,0x00000000c9ce09a0,0x00000000cb080000)
 Metaspace       used 107802K, committed 109312K, reserved 1179648K
  class space    used 10782K, committed 11392K, reserved 1048576K
}
Event: 2151.438 GC heap after
{Heap after GC invocations=4752 (full 88):
 PSYoungGen      total 4096K, used 490K [0x00000000eab00000, 0x00000000eb080000, 0x0000000100000000)
  eden space 3584K, 0% used [0x00000000eab00000,0x00000000eab00000,0x00000000eae80000)
  from space 512K, 95% used [0x00000000eaf80000,0x00000000eaffa910,0x00000000eb000000)
  to   space 1024K, 0% used [0x00000000eae80000,0x00000000eae80000,0x00000000eaf80000)
 ParOldGen       total 180736K, used 160762K [0x00000000c0000000, 0x00000000cb080000, 0x00000000eab00000)
  object space 180736K, 88% used [0x00000000c0000000,0x00000000c9cfe9a0,0x00000000cb080000)
 Metaspace       used 107802K, committed 109312K, reserved 1179648K
  class space    used 10782K, committed 11392K, reserved 1048576K
}
Event: 2151.443 GC heap before
{Heap before GC invocations=4753 (full 88):
 PSYoungGen      total 4096K, used 4074K [0x00000000eab00000, 0x00000000eb080000, 0x0000000100000000)
  eden space 3584K, 100% used [0x00000000eab00000,0x00000000eae80000,0x00000000eae80000)
  from space 512K, 95% used [0x00000000eaf80000,0x00000000eaffa910,0x00000000eb000000)
  to   space 1024K, 0% used [0x00000000eae80000,0x00000000eae80000,0x00000000eaf80000)
 ParOldGen       total 180736K, used 160762K [0x00000000c0000000, 0x00000000cb080000, 0x00000000eab00000)
  object space 180736K, 88% used [0x00000000c0000000,0x00000000c9cfe9a0,0x00000000cb080000)
 Metaspace       used 107803K, committed 109312K, reserved 1179648K
  class space    used 10782K, committed 11392K, reserved 1048576K
}
Event: 2151.444 GC heap after
{Heap after GC invocations=4753 (full 88):
 PSYoungGen      total 4608K, used 426K [0x00000000eab00000, 0x00000000eb000000, 0x0000000100000000)
  eden space 3584K, 0% used [0x00000000eab00000,0x00000000eab00000,0x00000000eae80000)
  from space 1024K, 41% used [0x00000000eae80000,0x00000000eaeea910,0x00000000eaf80000)
  to   space 512K, 0% used [0x00000000eaf80000,0x00000000eaf80000,0x00000000eb000000)
 ParOldGen       total 180736K, used 160850K [0x00000000c0000000, 0x00000000cb080000, 0x00000000eab00000)
  object space 180736K, 88% used [0x00000000c0000000,0x00000000c9d149a0,0x00000000cb080000)
 Metaspace       used 107803K, committed 109312K, reserved 1179648K
  class space    used 10782K, committed 11392K, reserved 1048576K
}
Event: 2151.448 GC heap before
{Heap before GC invocations=4754 (full 88):
 PSYoungGen      total 4608K, used 4010K [0x00000000eab00000, 0x00000000eb000000, 0x0000000100000000)
  eden space 3584K, 100% used [0x00000000eab00000,0x00000000eae80000,0x00000000eae80000)
  from space 1024K, 41% used [0x00000000eae80000,0x00000000eaeea910,0x00000000eaf80000)
  to   space 512K, 0% used [0x00000000eaf80000,0x00000000eaf80000,0x00000000eb000000)
 ParOldGen       total 180736K, used 160850K [0x00000000c0000000, 0x00000000cb080000, 0x00000000eab00000)
  object space 180736K, 88% used [0x00000000c0000000,0x00000000c9d149a0,0x00000000cb080000)
 Metaspace       used 107803K, committed 109312K, reserved 1179648K
  class space    used 10782K, committed 11392K, reserved 1048576K
}
Event: 2151.449 GC heap after
{Heap after GC invocations=4754 (full 88):
 PSYoungGen      total 4096K, used 320K [0x00000000eab00000, 0x00000000eb000000, 0x0000000100000000)
  eden space 3584K, 0% used [0x00000000eab00000,0x00000000eab00000,0x00000000eae80000)
  from space 512K, 62% used [0x00000000eaf80000,0x00000000eafd0000,0x00000000eb000000)
  to   space 512K, 0% used [0x00000000eaf00000,0x00000000eaf00000,0x00000000eaf80000)
 ParOldGen       total 180736K, used 160906K [0x00000000c0000000, 0x00000000cb080000, 0x00000000eab00000)
  object space 180736K, 89% used [0x00000000c0000000,0x00000000c9d229a0,0x00000000cb080000)
 Metaspace       used 107803K, committed 109312K, reserved 1179648K
  class space    used 10782K, committed 11392K, reserved 1048576K
}
Event: 2151.453 GC heap before
{Heap before GC invocations=4755 (full 88):
 PSYoungGen      total 4096K, used 3904K [0x00000000eab00000, 0x00000000eb000000, 0x0000000100000000)
  eden space 3584K, 100% used [0x00000000eab00000,0x00000000eae80000,0x00000000eae80000)
  from space 512K, 62% used [0x00000000eaf80000,0x00000000eafd0000,0x00000000eb000000)
  to   space 512K, 0% used [0x00000000eaf00000,0x00000000eaf00000,0x00000000eaf80000)
 ParOldGen       total 180736K, used 160906K [0x00000000c0000000, 0x00000000cb080000, 0x00000000eab00000)
  object space 180736K, 89% used [0x00000000c0000000,0x00000000c9d229a0,0x00000000cb080000)
 Metaspace       used 107803K, committed 109312K, reserved 1179648K
  class space    used 10782K, committed 11392K, reserved 1048576K
}
Event: 2151.453 GC heap after
{Heap after GC invocations=4755 (full 88):
 PSYoungGen      total 4096K, used 426K [0x00000000eab00000, 0x00000000eb000000, 0x0000000100000000)
  eden space 3584K, 0% used [0x00000000eab00000,0x00000000eab00000,0x00000000eae80000)
  from space 512K, 83% used [0x00000000eaf00000,0x00000000eaf6a910,0x00000000eaf80000)
  to   space 512K, 0% used [0x00000000eaf80000,0x00000000eaf80000,0x00000000eb000000)
 ParOldGen       total 180736K, used 160962K [0x00000000c0000000, 0x00000000cb080000, 0x00000000eab00000)
  object space 180736K, 89% used [0x00000000c0000000,0x00000000c9d309a0,0x00000000cb080000)
 Metaspace       used 107803K, committed 109312K, reserved 1179648K
  class space    used 10782K, committed 11392K, reserved 1048576K
}
Event: 2151.469 GC heap before
{Heap before GC invocations=4756 (full 88):
 PSYoungGen      total 4096K, used 4010K [0x00000000eab00000, 0x00000000eb000000, 0x0000000100000000)
  eden space 3584K, 100% used [0x00000000eab00000,0x00000000eae80000,0x00000000eae80000)
  from space 512K, 83% used [0x00000000eaf00000,0x00000000eaf6a910,0x00000000eaf80000)
  to   space 512K, 0% used [0x00000000eaf80000,0x00000000eaf80000,0x00000000eb000000)
 ParOldGen       total 180736K, used 160962K [0x00000000c0000000, 0x00000000cb080000, 0x00000000eab00000)
  object space 180736K, 89% used [0x00000000c0000000,0x00000000c9d309a0,0x00000000cb080000)
 Metaspace       used 107812K, committed 109312K, reserved 1179648K
  class space    used 10785K, committed 11392K, reserved 1048576K
}
Event: 2151.470 GC heap after
{Heap after GC invocations=4756 (full 88):
 PSYoungGen      total 4096K, used 426K [0x00000000eab00000, 0x00000000eb000000, 0x0000000100000000)
  eden space 3584K, 0% used [0x00000000eab00000,0x00000000eab00000,0x00000000eae80000)
  from space 512K, 83% used [0x00000000eaf80000,0x00000000eafea910,0x00000000eb000000)
  to   space 512K, 0% used [0x00000000eaf00000,0x00000000eaf00000,0x00000000eaf80000)
 ParOldGen       total 180736K, used 161002K [0x00000000c0000000, 0x00000000cb080000, 0x00000000eab00000)
  object space 180736K, 89% used [0x00000000c0000000,0x00000000c9d3a9a0,0x00000000cb080000)
 Metaspace       used 107812K, committed 109312K, reserved 1179648K
  class space    used 10785K, committed 11392K, reserved 1048576K
}
Event: 2151.478 GC heap before
{Heap before GC invocations=4757 (full 88):
 PSYoungGen      total 4096K, used 4010K [0x00000000eab00000, 0x00000000eb000000, 0x0000000100000000)
  eden space 3584K, 100% used [0x00000000eab00000,0x00000000eae80000,0x00000000eae80000)
  from space 512K, 83% used [0x00000000eaf80000,0x00000000eafea910,0x00000000eb000000)
  to   space 512K, 0% used [0x00000000eaf00000,0x00000000eaf00000,0x00000000eaf80000)
 ParOldGen       total 180736K, used 161002K [0x00000000c0000000, 0x00000000cb080000, 0x00000000eab00000)
  object space 180736K, 89% used [0x00000000c0000000,0x00000000c9d3a9a0,0x00000000cb080000)
 Metaspace       used 107815K, committed 109312K, reserved 1179648K
  class space    used 10785K, committed 11392K, reserved 1048576K
}
Event: 2151.479 GC heap after
{Heap after GC invocations=4757 (full 88):
 PSYoungGen      total 4096K, used 372K [0x00000000eab00000, 0x00000000eb000000, 0x0000000100000000)
  eden space 3584K, 0% used [0x00000000eab00000,0x00000000eab00000,0x00000000eae80000)
  from space 512K, 72% used [0x00000000eaf00000,0x00000000eaf5d200,0x00000000eaf80000)
  to   space 512K, 0% used [0x00000000eaf80000,0x00000000eaf80000,0x00000000eb000000)
 ParOldGen       total 180736K, used 161066K [0x00000000c0000000, 0x00000000cb080000, 0x00000000eab00000)
  object space 180736K, 89% used [0x00000000c0000000,0x00000000c9d4a9a0,0x00000000cb080000)
 Metaspace       used 107815K, committed 109312K, reserved 1179648K
  class space    used 10785K, committed 11392K, reserved 1048576K
}
Event: 2151.482 GC heap before
{Heap before GC invocations=4758 (full 88):
 PSYoungGen      total 4096K, used 3956K [0x00000000eab00000, 0x00000000eb000000, 0x0000000100000000)
  eden space 3584K, 100% used [0x00000000eab00000,0x00000000eae80000,0x00000000eae80000)
  from space 512K, 72% used [0x00000000eaf00000,0x00000000eaf5d200,0x00000000eaf80000)
  to   space 512K, 0% used [0x00000000eaf80000,0x00000000eaf80000,0x00000000eb000000)
 ParOldGen       total 180736K, used 161066K [0x00000000c0000000, 0x00000000cb080000, 0x00000000eab00000)
  object space 180736K, 89% used [0x00000000c0000000,0x00000000c9d4a9a0,0x00000000cb080000)
 Metaspace       used 107815K, committed 109312K, reserved 1179648K
  class space    used 10785K, committed 11392K, reserved 1048576K
}
Event: 2151.483 GC heap after
{Heap after GC invocations=4758 (full 88):
 PSYoungGen      total 4096K, used 426K [0x00000000eab00000, 0x00000000eb000000, 0x0000000100000000)
  eden space 3584K, 0% used [0x00000000eab00000,0x00000000eab00000,0x00000000eae80000)
  from space 512K, 83% used [0x00000000eaf80000,0x00000000eafea910,0x00000000eb000000)
  to   space 512K, 0% used [0x00000000eaf00000,0x00000000eaf00000,0x00000000eaf80000)
 ParOldGen       total 180736K, used 161146K [0x00000000c0000000, 0x00000000cb080000, 0x00000000eab00000)
  object space 180736K, 89% used [0x00000000c0000000,0x00000000c9d5e9a0,0x00000000cb080000)
 Metaspace       used 107815K, committed 109312K, reserved 1179648K
  class space    used 10785K, committed 11392K, reserved 1048576K
}
Event: 2151.486 GC heap before
{Heap before GC invocations=4759 (full 88):
 PSYoungGen      total 4096K, used 4010K [0x00000000eab00000, 0x00000000eb000000, 0x0000000100000000)
  eden space 3584K, 100% used [0x00000000eab00000,0x00000000eae80000,0x00000000eae80000)
  from space 512K, 83% used [0x00000000eaf80000,0x00000000eafea910,0x00000000eb000000)
  to   space 512K, 0% used [0x00000000eaf00000,0x00000000eaf00000,0x00000000eaf80000)
 ParOldGen       total 180736K, used 161146K [0x00000000c0000000, 0x00000000cb080000, 0x00000000eab00000)
  object space 180736K, 89% used [0x00000000c0000000,0x00000000c9d5e9a0,0x00000000cb080000)
 Metaspace       used 107815K, committed 109312K, reserved 1179648K
  class space    used 10785K, committed 11392K, reserved 1048576K
}
Event: 2151.487 GC heap after
{Heap after GC invocations=4759 (full 88):
 PSYoungGen      total 4096K, used 320K [0x00000000eab00000, 0x00000000eb000000, 0x0000000100000000)
  eden space 3584K, 0% used [0x00000000eab00000,0x00000000eab00000,0x00000000eae80000)
  from space 512K, 62% used [0x00000000eaf00000,0x00000000eaf50000,0x00000000eaf80000)
  to   space 512K, 0% used [0x00000000eaf80000,0x00000000eaf80000,0x00000000eb000000)
 ParOldGen       total 180736K, used 161202K [0x00000000c0000000, 0x00000000cb080000, 0x00000000eab00000)
  object space 180736K, 89% used [0x00000000c0000000,0x00000000c9d6c9a0,0x00000000cb080000)
 Metaspace       used 107815K, committed 109312K, reserved 1179648K
  class space    used 10785K, committed 11392K, reserved 1048576K
}
Event: 2151.493 GC heap before
{Heap before GC invocations=4760 (full 88):
 PSYoungGen      total 4096K, used 3904K [0x00000000eab00000, 0x00000000eb000000, 0x0000000100000000)
  eden space 3584K, 100% used [0x00000000eab00000,0x00000000eae80000,0x00000000eae80000)
  from space 512K, 62% used [0x00000000eaf00000,0x00000000eaf50000,0x00000000eaf80000)
  to   space 512K, 0% used [0x00000000eaf80000,0x00000000eaf80000,0x00000000eb000000)
 ParOldGen       total 180736K, used 161202K [0x00000000c0000000, 0x00000000cb080000, 0x00000000eab00000)
  object space 180736K, 89% used [0x00000000c0000000,0x00000000c9d6c9a0,0x00000000cb080000)
 Metaspace       used 107815K, committed 109312K, reserved 1179648K
  class space    used 10785K, committed 11392K, reserved 1048576K
}
Event: 2151.493 GC heap after
{Heap after GC invocations=4760 (full 88):
 PSYoungGen      total 4096K, used 458K [0x00000000eab00000, 0x00000000eb000000, 0x0000000100000000)
  eden space 3584K, 0% used [0x00000000eab00000,0x00000000eab00000,0x00000000eae80000)
  from space 512K, 89% used [0x00000000eaf80000,0x00000000eaff2910,0x00000000eb000000)
  to   space 512K, 0% used [0x00000000eaf00000,0x00000000eaf00000,0x00000000eaf80000)
 ParOldGen       total 180736K, used 161210K [0x00000000c0000000, 0x00000000cb080000, 0x00000000eab00000)
  object space 180736K, 89% used [0x00000000c0000000,0x00000000c9d6e9a0,0x00000000cb080000)
 Metaspace       used 107815K, committed 109312K, reserved 1179648K
  class space    used 10785K, committed 11392K, reserved 1048576K
}
Event: 2151.500 GC heap before
{Heap before GC invocations=4761 (full 88):
 PSYoungGen      total 4096K, used 4042K [0x00000000eab00000, 0x00000000eb000000, 0x0000000100000000)
  eden space 3584K, 100% used [0x00000000eab00000,0x00000000eae80000,0x00000000eae80000)
  from space 512K, 89% used [0x00000000eaf80000,0x00000000eaff2910,0x00000000eb000000)
  to   space 512K, 0% used [0x00000000eaf00000,0x00000000eaf00000,0x00000000eaf80000)
 ParOldGen       total 180736K, used 161210K [0x00000000c0000000, 0x00000000cb080000, 0x00000000eab00000)
  object space 180736K, 89% used [0x00000000c0000000,0x00000000c9d6e9a0,0x00000000cb080000)
 Metaspace       used 107835K, committed 109312K, reserved 1179648K
  class space    used 10785K, committed 11392K, reserved 1048576K
}
Event: 2151.501 GC heap after
{Heap after GC invocations=4761 (full 88):
 PSYoungGen      total 4096K, used 320K [0x00000000eab00000, 0x00000000eb000000, 0x0000000100000000)
  eden space 3584K, 0% used [0x00000000eab00000,0x00000000eab00000,0x00000000eae80000)
  from space 512K, 62% used [0x00000000eaf00000,0x00000000eaf50000,0x00000000eaf80000)
  to   space 512K, 0% used [0x00000000eaf80000,0x00000000eaf80000,0x00000000eb000000)
 ParOldGen       total 180736K, used 161250K [0x00000000c0000000, 0x00000000cb080000, 0x00000000eab00000)
  object space 180736K, 89% used [0x00000000c0000000,0x00000000c9d789a0,0x00000000cb080000)
 Metaspace       used 107835K, committed 109312K, reserved 1179648K
  class space    used 10785K, committed 11392K, reserved 1048576K
}

Dll operation events (14 events):
Event: 0.006 Loaded shared library c:\Users\X10\.vscode\extensions\redhat.java-1.36.0-win32-x64\jre\17.0.13-win32-x86_64\bin\java.dll
Event: 0.087 Loaded shared library c:\Users\X10\.vscode\extensions\redhat.java-1.36.0-win32-x64\jre\17.0.13-win32-x86_64\bin\zip.dll
Event: 0.088 Loaded shared library C:\Users\X10\.vscode\extensions\redhat.java-1.36.0-win32-x64\jre\17.0.13-win32-x86_64\bin\instrument.dll
Event: 0.097 Loaded shared library C:\Users\X10\.vscode\extensions\redhat.java-1.36.0-win32-x64\jre\17.0.13-win32-x86_64\bin\net.dll
Event: 0.099 Loaded shared library C:\Users\X10\.vscode\extensions\redhat.java-1.36.0-win32-x64\jre\17.0.13-win32-x86_64\bin\nio.dll
Event: 0.103 Loaded shared library C:\Users\X10\.vscode\extensions\redhat.java-1.36.0-win32-x64\jre\17.0.13-win32-x86_64\bin\zip.dll
Event: 0.112 Loaded shared library C:\Users\X10\.vscode\extensions\redhat.java-1.36.0-win32-x64\jre\17.0.13-win32-x86_64\bin\jimage.dll
Event: 0.170 Loaded shared library c:\Users\X10\.vscode\extensions\redhat.java-1.36.0-win32-x64\jre\17.0.13-win32-x86_64\bin\verify.dll
Event: 0.958 Loaded shared library C:\Users\X10\AppData\Roaming\Code\User\globalStorage\redhat.java\1.36.0\config_win\org.eclipse.equinox.launcher\org.eclipse.equinox.launcher.win32.win32.x86_64_1.2.1100.v20240722-2106\eclipse_11904.dll
Event: 2.376 Loaded shared library C:\Users\X10\.vscode\extensions\redhat.java-1.36.0-win32-x64\jre\17.0.13-win32-x86_64\bin\management.dll
Event: 2.379 Loaded shared library C:\Users\X10\.vscode\extensions\redhat.java-1.36.0-win32-x64\jre\17.0.13-win32-x86_64\bin\management_ext.dll
Event: 3.647 Loaded shared library C:\Users\X10\AppData\Local\Temp\jna-86135\jna677347135422305776.dll
Event: 5.647 Loaded shared library C:\Users\X10\.vscode\extensions\redhat.java-1.36.0-win32-x64\jre\17.0.13-win32-x86_64\bin\sunmscapi.dll
Event: 5.758 Loaded shared library C:\Users\X10\.vscode\extensions\redhat.java-1.36.0-win32-x64\jre\17.0.13-win32-x86_64\bin\extnet.dll

Deoptimization events (20 events):
Event: 2151.420 Thread 0x0000019861edd500 Uncommon trap: trap_request=0xffffff45 fr.pc=0x000001984eed0290 relative=0x0000000000000290
Event: 2151.420 Thread 0x0000019861edd500 Uncommon trap: reason=unstable_if action=reinterpret pc=0x000001984eed0290 method=org.eclipse.jdt.internal.core.SearchableEnvironment.hasSubPackageInUnnamedModule([Ljava/lang/String;)Z @ 85 c2
Event: 2151.420 Thread 0x0000019861edd500 DEOPT PACKING pc=0x000001984eed0290 sp=0x0000002fc97fd740
Event: 2151.420 Thread 0x0000019861edd500 DEOPT UNPACKING pc=0x000001984deb66a3 sp=0x0000002fc97fd700 mode 2
Event: 2151.454 Thread 0x0000019861edd500 Uncommon trap: trap_request=0xffffff45 fr.pc=0x000001984fc18708 relative=0x00000000000000e8
Event: 2151.454 Thread 0x0000019861edd500 Uncommon trap: reason=unstable_if action=reinterpret pc=0x000001984fc18708 method=org.eclipse.jdt.internal.compiler.problem.ProblemReporter.handle(I[Ljava/lang/String;[Ljava/lang/String;II)V @ 16 c2
Event: 2151.454 Thread 0x0000019861edd500 DEOPT PACKING pc=0x000001984fc18708 sp=0x0000002fc97fe160
Event: 2151.454 Thread 0x0000019861edd500 DEOPT UNPACKING pc=0x000001984deb66a3 sp=0x0000002fc97fe118 mode 2
Event: 2151.457 Thread 0x0000019861edd500 Uncommon trap: trap_request=0xffffff76 fr.pc=0x000001984fa999f4 relative=0x0000000000000154
Event: 2151.457 Thread 0x0000019861edd500 Uncommon trap: reason=predicate action=maybe_recompile pc=0x000001984fa999f4 method=java.util.Arrays.fill([Ljava/lang/Object;IILjava/lang/Object;)V @ 13 c2
Event: 2151.457 Thread 0x0000019861edd500 DEOPT PACKING pc=0x000001984fa999f4 sp=0x0000002fc97fc170
Event: 2151.457 Thread 0x0000019861edd500 DEOPT UNPACKING pc=0x000001984deb66a3 sp=0x0000002fc97fc120 mode 2
Event: 2151.461 Thread 0x0000019861edd500 Uncommon trap: trap_request=0xfffffff4 fr.pc=0x000001984f5fe6dc relative=0x000000000000057c
Event: 2151.461 Thread 0x0000019861edd500 Uncommon trap: reason=null_check action=make_not_entrant pc=0x000001984f5fe6dc method=java.lang.Class.reflectionData()Ljava/lang/Class$ReflectionData; @ 18 c2
Event: 2151.461 Thread 0x0000019861edd500 DEOPT PACKING pc=0x000001984f5fe6dc sp=0x0000002fc97fcc00
Event: 2151.461 Thread 0x0000019861edd500 DEOPT UNPACKING pc=0x000001984deb66a3 sp=0x0000002fc97fcb48 mode 2
Event: 2151.462 Thread 0x0000019861edd500 Uncommon trap: trap_request=0xffffffc6 fr.pc=0x000001984f2ac980 relative=0x0000000000000900
Event: 2151.462 Thread 0x0000019861edd500 Uncommon trap: reason=bimorphic_or_optimized_type_check action=maybe_recompile pc=0x000001984f2ac980 method=java.util.AbstractMap.hashCode()I @ 3 c2
Event: 2151.462 Thread 0x0000019861edd500 DEOPT PACKING pc=0x000001984f2ac980 sp=0x0000002fc97fdbe0
Event: 2151.462 Thread 0x0000019861edd500 DEOPT UNPACKING pc=0x000001984deb66a3 sp=0x0000002fc97fdb70 mode 2

Classes loaded (20 events):
Event: 1249.030 Loading class jdk/internal/module/IllegalAccessLogger
Event: 1249.030 Loading class jdk/internal/module/IllegalAccessLogger done
Event: 1341.246 Loading class jdk/internal/module/IllegalAccessLogger
Event: 1341.246 Loading class jdk/internal/module/IllegalAccessLogger done
Event: 1395.582 Loading class jdk/internal/module/IllegalAccessLogger
Event: 1395.582 Loading class jdk/internal/module/IllegalAccessLogger done
Event: 1714.458 Loading class java/lang/Throwable$WrappedPrintWriter
Event: 1714.463 Loading class java/lang/Throwable$PrintStreamOrWriter
Event: 1714.464 Loading class java/lang/Throwable$PrintStreamOrWriter done
Event: 1714.464 Loading class java/lang/Throwable$WrappedPrintWriter done
Event: 1794.458 Loading class java/util/Collections$EmptyListIterator
Event: 1794.462 Loading class java/util/Collections$EmptyListIterator done
Event: 1875.525 Loading class jdk/internal/module/IllegalAccessLogger
Event: 1875.525 Loading class jdk/internal/module/IllegalAccessLogger done
Event: 1894.197 Loading class jdk/internal/module/IllegalAccessLogger
Event: 1894.197 Loading class jdk/internal/module/IllegalAccessLogger done
Event: 1915.786 Loading class jdk/internal/module/IllegalAccessLogger
Event: 1915.786 Loading class jdk/internal/module/IllegalAccessLogger done
Event: 1946.753 Loading class jdk/internal/module/IllegalAccessLogger
Event: 1946.753 Loading class jdk/internal/module/IllegalAccessLogger done

Classes unloaded (20 events):
Event: 1779.864 Thread 0x000001985d3b4870 Unloading class 0x00000001007f0800 'java/lang/invoke/LambdaForm$MH+0x00000001007f0800'
Event: 1779.864 Thread 0x000001985d3b4870 Unloading class 0x00000001007f0400 'java/lang/invoke/LambdaForm$MH+0x00000001007f0400'
Event: 1779.864 Thread 0x000001985d3b4870 Unloading class 0x00000001007f0000 'java/lang/invoke/LambdaForm$MH+0x00000001007f0000'
Event: 1779.864 Thread 0x000001985d3b4870 Unloading class 0x0000000100270000 'java/lang/invoke/LambdaForm$MH+0x0000000100270000'
Event: 1779.864 Thread 0x000001985d3b4870 Unloading class 0x000000010026dc00 'java/lang/invoke/LambdaForm$MH+0x000000010026dc00'
Event: 1779.864 Thread 0x000001985d3b4870 Unloading class 0x000000010026d400 'java/lang/invoke/LambdaForm$MH+0x000000010026d400'
Event: 1779.865 Thread 0x000001985d3b4870 Unloading class 0x00000001001bdc00 'java/lang/invoke/LambdaForm$MH+0x00000001001bdc00'
Event: 1779.865 Thread 0x000001985d3b4870 Unloading class 0x00000001001bd800 'java/lang/invoke/LambdaForm$MH+0x00000001001bd800'
Event: 1779.865 Thread 0x000001985d3b4870 Unloading class 0x00000001001bd400 'java/lang/invoke/LambdaForm$MH+0x00000001001bd400'
Event: 1779.865 Thread 0x000001985d3b4870 Unloading class 0x00000001001bd000 'java/lang/invoke/LambdaForm$MH+0x00000001001bd000'
Event: 1779.865 Thread 0x000001985d3b4870 Unloading class 0x00000001001bcc00 'java/lang/invoke/LambdaForm$MH+0x00000001001bcc00'
Event: 1779.865 Thread 0x000001985d3b4870 Unloading class 0x00000001001bc800 'java/lang/invoke/LambdaForm$MH+0x00000001001bc800'
Event: 1779.865 Thread 0x000001985d3b4870 Unloading class 0x00000001001bc400 'java/lang/invoke/LambdaForm$MH+0x00000001001bc400'
Event: 1779.865 Thread 0x000001985d3b4870 Unloading class 0x00000001001bc000 'java/lang/invoke/LambdaForm$MH+0x00000001001bc000'
Event: 2140.958 Thread 0x000001985d3b4870 Unloading class 0x000000010091a000 'jdk/internal/reflect/GeneratedConstructorAccessor37'
Event: 2140.958 Thread 0x000001985d3b4870 Unloading class 0x0000000100919c00 'jdk/internal/reflect/GeneratedConstructorAccessor36'
Event: 2140.958 Thread 0x000001985d3b4870 Unloading class 0x0000000100919800 'jdk/internal/reflect/GeneratedConstructorAccessor35'
Event: 2140.958 Thread 0x000001985d3b4870 Unloading class 0x0000000100919400 'jdk/internal/reflect/GeneratedConstructorAccessor34'
Event: 2140.958 Thread 0x000001985d3b4870 Unloading class 0x0000000100919000 'jdk/internal/reflect/GeneratedConstructorAccessor33'
Event: 2140.958 Thread 0x000001985d3b4870 Unloading class 0x0000000100918c00 'jdk/internal/reflect/GeneratedConstructorAccessor32'

Classes redefined (0 events):
No events

Internal exceptions (20 events):
Event: 1875.682 Thread 0x000001985fa84d20 Exception <a 'sun/nio/fs/WindowsException'{0x00000000eab44c68}> (0x00000000eab44c68) 
thrown [s\src\hotspot\share\prims\jni.cpp, line 516]
Event: 1894.096 Thread 0x000001985fa84d20 Exception <a 'sun/nio/fs/WindowsException'{0x00000000ead5a648}> (0x00000000ead5a648) 
thrown [s\src\hotspot\share\prims\jni.cpp, line 516]
Event: 1894.390 Thread 0x000001985fa84d20 Exception <a 'sun/nio/fs/WindowsException'{0x00000000eade1390}> (0x00000000eade1390) 
thrown [s\src\hotspot\share\prims\jni.cpp, line 516]
Event: 1915.708 Thread 0x000001985fa84d20 Exception <a 'sun/nio/fs/WindowsException'{0x00000000eae37068}> (0x00000000eae37068) 
thrown [s\src\hotspot\share\prims\jni.cpp, line 516]
Event: 1916.087 Thread 0x000001985fa84d20 Exception <a 'sun/nio/fs/WindowsException'{0x00000000eac53748}> (0x00000000eac53748) 
thrown [s\src\hotspot\share\prims\jni.cpp, line 516]
Event: 1931.132 Thread 0x000001985fa889e0 Exception <a 'java/lang/ArrayIndexOutOfBoundsException'{0x00000000eaea1e28}> (0x00000000eaea1e28) 
thrown [s\src\hotspot\share\runtime\sharedRuntime.cpp, line 631]
Event: 1933.016 Thread 0x000001985fa889e0 Exception <a 'java/lang/ArrayIndexOutOfBoundsException'{0x00000000ead09088}> (0x00000000ead09088) 
thrown [s\src\hotspot\share\runtime\sharedRuntime.cpp, line 631]
Event: 1933.780 Thread 0x000001985fa889e0 Exception <a 'java/lang/ArrayIndexOutOfBoundsException'{0x00000000eadb25c0}> (0x00000000eadb25c0) 
thrown [s\src\hotspot\share\runtime\sharedRuntime.cpp, line 631]
Event: 1946.650 Thread 0x000001985fa84d20 Exception <a 'sun/nio/fs/WindowsException'{0x00000000eab19a50}> (0x00000000eab19a50) 
thrown [s\src\hotspot\share\prims\jni.cpp, line 516]
Event: 1946.804 Thread 0x000001985fa84d20 Exception <a 'sun/nio/fs/WindowsException'{0x00000000eac571c0}> (0x00000000eac571c0) 
thrown [s\src\hotspot\share\prims\jni.cpp, line 516]
Event: 2008.784 Thread 0x0000019864830f50 Exception <a 'java/lang/ClassNotFoundException'{0x00000000eabd08a8}: sun/net/www/protocol/jdt/Handler> (0x00000000eabd08a8) 
thrown [s\src\hotspot\share\classfile\systemDictionary.cpp, line 256]
Event: 2008.784 Thread 0x0000019864830f50 Exception <a 'java/lang/ClassNotFoundException'{0x00000000eabd2900}: sun/net/www/protocol/jdt/Handler> (0x00000000eabd2900) 
thrown [s\src\hotspot\share\classfile\systemDictionary.cpp, line 256]
Event: 2008.785 Thread 0x0000019864830f50 Exception <a 'java/lang/ClassNotFoundException'{0x00000000eabe4b20}: sun/net/www/protocol/jdt/Handler> (0x00000000eabe4b20) 
thrown [s\src\hotspot\share\classfile\systemDictionary.cpp, line 256]
Event: 2010.160 Thread 0x0000019864830f50 Exception <a 'java/lang/ClassNotFoundException'{0x00000000eabf03e8}: sun/net/www/protocol/jdt/Handler> (0x00000000eabf03e8) 
thrown [s\src\hotspot\share\classfile\systemDictionary.cpp, line 256]
Event: 2010.160 Thread 0x0000019864830f50 Exception <a 'java/lang/ClassNotFoundException'{0x00000000eabf3108}: sun/net/www/protocol/jdt/Handler> (0x00000000eabf3108) 
thrown [s\src\hotspot\share\classfile\systemDictionary.cpp, line 256]
Event: 2051.345 Thread 0x000001985fa833d0 Implicit null exception at 0x000001984f50c8af to 0x000001984f510fa8
Event: 2150.623 Thread 0x0000019861edd500 Implicit null exception at 0x000001984fcf2d4c to 0x000001984fcf2f58
Event: 2151.394 Thread 0x0000019861edd500 Implicit null exception at 0x000001984f19c109 to 0x000001984f1a4364
Event: 2151.396 Thread 0x0000019861edd500 Implicit null exception at 0x000001984fb5d73b to 0x000001984fb61cec
Event: 2151.461 Thread 0x0000019861edd500 Implicit null exception at 0x000001984f5fe1aa to 0x000001984f5fe6b8

VM Operations (20 events):
Event: 2151.437 Executing VM operation: ParallelGCFailedAllocation
Event: 2151.438 Executing VM operation: ParallelGCFailedAllocation done
Event: 2151.443 Executing VM operation: ParallelGCFailedAllocation
Event: 2151.444 Executing VM operation: ParallelGCFailedAllocation done
Event: 2151.448 Executing VM operation: ParallelGCFailedAllocation
Event: 2151.449 Executing VM operation: ParallelGCFailedAllocation done
Event: 2151.453 Executing VM operation: ParallelGCFailedAllocation
Event: 2151.453 Executing VM operation: ParallelGCFailedAllocation done
Event: 2151.469 Executing VM operation: ParallelGCFailedAllocation
Event: 2151.470 Executing VM operation: ParallelGCFailedAllocation done
Event: 2151.478 Executing VM operation: ParallelGCFailedAllocation
Event: 2151.479 Executing VM operation: ParallelGCFailedAllocation done
Event: 2151.482 Executing VM operation: ParallelGCFailedAllocation
Event: 2151.483 Executing VM operation: ParallelGCFailedAllocation done
Event: 2151.486 Executing VM operation: ParallelGCFailedAllocation
Event: 2151.487 Executing VM operation: ParallelGCFailedAllocation done
Event: 2151.493 Executing VM operation: ParallelGCFailedAllocation
Event: 2151.493 Executing VM operation: ParallelGCFailedAllocation done
Event: 2151.500 Executing VM operation: ParallelGCFailedAllocation
Event: 2151.501 Executing VM operation: ParallelGCFailedAllocation done

Memory protections (0 events):
No events

Nmethod flushes (20 events):
Event: 1873.962 Thread 0x000001985d3e60b0 flushing  nmethod 0x0000019849444a10
Event: 1873.962 Thread 0x000001985d3e60b0 flushing  nmethod 0x00000198494c6590
Event: 1873.963 Thread 0x000001985d3e60b0 flushing osr nmethod 0x000001984952e910
Event: 1873.963 Thread 0x000001985d3e60b0 flushing  nmethod 0x0000019849539610
Event: 1873.963 Thread 0x000001985d3e60b0 flushing  nmethod 0x00000198495c2c90
Event: 1873.963 Thread 0x000001985d3e60b0 flushing  nmethod 0x0000019849663990
Event: 2043.684 Thread 0x000001985d3e60b0 flushing  nmethod 0x000001984f638610
Event: 2043.696 Thread 0x000001985d3e60b0 flushing  nmethod 0x0000019847151210
Event: 2043.697 Thread 0x000001985d3e60b0 flushing  nmethod 0x0000019847415090
Event: 2043.700 Thread 0x000001985d3e60b0 flushing  nmethod 0x000001984792ee10
Event: 2043.702 Thread 0x000001985d3e60b0 flushing  nmethod 0x0000019847c7dc90
Event: 2043.702 Thread 0x000001985d3e60b0 flushing  nmethod 0x0000019847cc4310
Event: 2043.707 Thread 0x000001985d3e60b0 flushing  nmethod 0x000001984851cc90
Event: 2043.709 Thread 0x000001985d3e60b0 flushing  nmethod 0x0000019848823110
Event: 2043.710 Thread 0x000001985d3e60b0 flushing  nmethod 0x00000198489b4090
Event: 2043.712 Thread 0x000001985d3e60b0 flushing  nmethod 0x0000019848d2d390
Event: 2043.713 Thread 0x000001985d3e60b0 flushing  nmethod 0x0000019848ee5c10
Event: 2043.713 Thread 0x000001985d3e60b0 flushing  nmethod 0x0000019848f2a790
Event: 2043.714 Thread 0x000001985d3e60b0 flushing  nmethod 0x0000019849022590
Event: 2043.714 Thread 0x000001985d3e60b0 flushing  nmethod 0x0000019849084a90

Events (20 events):
Event: 1832.263 Thread 0x000001985fa889e0 Thread added: 0x0000019863b90f90
Event: 1832.263 Thread 0x0000019863b90f90 Thread exited: 0x0000019863b90f90
Event: 1832.264 Thread 0x000001985d3e5000 Thread added: 0x0000019863f91cb0
Event: 1832.264 Thread 0x000001985fa889e0 Thread added: 0x0000019863b979e0
Event: 1832.264 Thread 0x0000019863b979e0 Thread exited: 0x0000019863b979e0
Event: 1832.265 Thread 0x000001985fa889e0 Thread added: 0x0000019863b91ec0
Event: 1832.265 Thread 0x0000019863b91ec0 Thread exited: 0x0000019863b91ec0
Event: 1832.265 Thread 0x000001985fa889e0 Thread added: 0x0000019863b979e0
Event: 1832.266 Thread 0x0000019863b979e0 Thread exited: 0x0000019863b979e0
Event: 1833.543 Thread 0x0000019863f91cb0 Thread exited: 0x0000019863f91cb0
Event: 1875.384 Thread 0x0000019864833ce0 Thread added: 0x0000019863b91ec0
Event: 1875.511 Thread 0x0000019863b90060 Thread added: 0x0000019863b90570
Event: 1875.525 Thread 0x0000019863b90060 Thread added: 0x0000019863b93810
Event: 1892.359 Thread 0x0000019863b95670 Thread exited: 0x0000019863b95670
Event: 1894.185 Thread 0x0000019863b94c50 Thread added: 0x0000019863b979e0
Event: 1915.775 Thread 0x0000019863b95b80 Thread added: 0x0000019863b90f90
Event: 1946.745 Thread 0x0000019863b94c50 Thread added: 0x0000019863b95670
Event: 2007.678 Thread 0x0000019863b93810 Thread exited: 0x0000019863b93810
Event: 2008.092 Thread 0x000001985fa889e0 Thread added: 0x0000019864830f50
Event: 2071.559 Thread 0x0000019864830f50 Thread exited: 0x0000019864830f50


Dynamic libraries:
0x00007ff616610000 - 0x00007ff61661e000 	c:\Users\X10\.vscode\extensions\redhat.java-1.36.0-win32-x64\jre\17.0.13-win32-x86_64\bin\java.exe
0x00007ff82e270000 - 0x00007ff82e487000 	C:\Windows\SYSTEM32\ntdll.dll
0x00007ff82ce70000 - 0x00007ff82cf34000 	C:\Windows\System32\KERNEL32.DLL
0x00007ff82b830000 - 0x00007ff82bbe7000 	C:\Windows\System32\KERNELBASE.dll
0x00007ff82bd10000 - 0x00007ff82be21000 	C:\Windows\System32\ucrtbase.dll
0x00007ff81d050000 - 0x00007ff81d06e000 	c:\Users\X10\.vscode\extensions\redhat.java-1.36.0-win32-x64\jre\17.0.13-win32-x86_64\bin\VCRUNTIME140.dll
0x00007ff81df60000 - 0x00007ff81df77000 	c:\Users\X10\.vscode\extensions\redhat.java-1.36.0-win32-x64\jre\17.0.13-win32-x86_64\bin\jli.dll
0x00007ff82d420000 - 0x00007ff82d5cf000 	C:\Windows\System32\USER32.dll
0x00007ff8069f0000 - 0x00007ff806c83000 	C:\Windows\WinSxS\amd64_microsoft.windows.common-controls_6595b64144ccf1df_6.0.22621.3672_none_2713b9d173822955\COMCTL32.dll
0x00007ff82b790000 - 0x00007ff82b7b6000 	C:\Windows\System32\win32u.dll
0x00007ff82cae0000 - 0x00007ff82cb87000 	C:\Windows\System32\msvcrt.dll
0x00007ff82d5d0000 - 0x00007ff82d5f9000 	C:\Windows\System32\GDI32.dll
0x00007ff82b5b0000 - 0x00007ff82b6c8000 	C:\Windows\System32\gdi32full.dll
0x00007ff82bbf0000 - 0x00007ff82bc8a000 	C:\Windows\System32\msvcp_win.dll
0x00007ff82d3e0000 - 0x00007ff82d411000 	C:\Windows\System32\IMM32.DLL
0x00007ff824b30000 - 0x00007ff824b3c000 	c:\Users\X10\.vscode\extensions\redhat.java-1.36.0-win32-x64\jre\17.0.13-win32-x86_64\bin\vcruntime140_1.dll
0x00007fffe6200000 - 0x00007fffe628d000 	c:\Users\X10\.vscode\extensions\redhat.java-1.36.0-win32-x64\jre\17.0.13-win32-x86_64\bin\msvcp140.dll
0x00007fffc7510000 - 0x00007fffc817b000 	c:\Users\X10\.vscode\extensions\redhat.java-1.36.0-win32-x64\jre\17.0.13-win32-x86_64\bin\server\jvm.dll
0x00007ff82e170000 - 0x00007ff82e222000 	C:\Windows\System32\ADVAPI32.dll
0x00007ff82c370000 - 0x00007ff82c418000 	C:\Windows\System32\sechost.dll
0x00007ff82b580000 - 0x00007ff82b5a8000 	C:\Windows\System32\bcrypt.dll
0x00007ff82c010000 - 0x00007ff82c124000 	C:\Windows\System32\RPCRT4.dll
0x00007ff82c240000 - 0x00007ff82c2b1000 	C:\Windows\System32\WS2_32.dll
0x00007ff819c30000 - 0x00007ff819c3a000 	C:\Windows\SYSTEM32\VERSION.dll
0x00007ff824500000 - 0x00007ff824534000 	C:\Windows\SYSTEM32\WINMM.dll
0x00007ff82b3a0000 - 0x00007ff82b3ed000 	C:\Windows\SYSTEM32\POWRPROF.dll
0x00007ff82b280000 - 0x00007ff82b293000 	C:\Windows\SYSTEM32\UMPDC.dll
0x00007ff82a590000 - 0x00007ff82a5a8000 	C:\Windows\SYSTEM32\kernel.appcore.dll
0x00007ff823b10000 - 0x00007ff823b1a000 	c:\Users\X10\.vscode\extensions\redhat.java-1.36.0-win32-x64\jre\17.0.13-win32-x86_64\bin\jimage.dll
0x00007ff8288f0000 - 0x00007ff828b22000 	C:\Windows\SYSTEM32\DBGHELP.DLL
0x00007ff82d040000 - 0x00007ff82d3ce000 	C:\Windows\System32\combase.dll
0x00007ff82cd10000 - 0x00007ff82cde7000 	C:\Windows\System32\OLEAUT32.dll
0x00007ff823c80000 - 0x00007ff823cb2000 	C:\Windows\SYSTEM32\dbgcore.DLL
0x00007ff82bc90000 - 0x00007ff82bd0b000 	C:\Windows\System32\bcryptPrimitives.dll
0x00007ff823af0000 - 0x00007ff823afe000 	c:\Users\X10\.vscode\extensions\redhat.java-1.36.0-win32-x64\jre\17.0.13-win32-x86_64\bin\instrument.dll
0x00007ff81a830000 - 0x00007ff81a855000 	c:\Users\X10\.vscode\extensions\redhat.java-1.36.0-win32-x64\jre\17.0.13-win32-x86_64\bin\java.dll
0x00007ff81cf90000 - 0x00007ff81cfa8000 	c:\Users\X10\.vscode\extensions\redhat.java-1.36.0-win32-x64\jre\17.0.13-win32-x86_64\bin\zip.dll
0x00007ff82d600000 - 0x00007ff82de69000 	C:\Windows\System32\SHELL32.dll
0x00007ff8294a0000 - 0x00007ff829d9f000 	C:\Windows\SYSTEM32\windows.storage.dll
0x00007ff829360000 - 0x00007ff82949f000 	C:\Windows\SYSTEM32\wintypes.dll
0x00007ff82c130000 - 0x00007ff82c229000 	C:\Windows\System32\SHCORE.dll
0x00007ff82e0b0000 - 0x00007ff82e10e000 	C:\Windows\System32\shlwapi.dll
0x00007ff82b4b0000 - 0x00007ff82b4d7000 	C:\Windows\SYSTEM32\profapi.dll
0x00007ff81cda0000 - 0x00007ff81cdb9000 	C:\Users\X10\.vscode\extensions\redhat.java-1.36.0-win32-x64\jre\17.0.13-win32-x86_64\bin\net.dll
0x00007ff827af0000 - 0x00007ff827c26000 	C:\Windows\SYSTEM32\WINHTTP.dll
0x00007ff82a9f0000 - 0x00007ff82aa59000 	C:\Windows\system32\mswsock.dll
0x00007ff81cd00000 - 0x00007ff81cd16000 	C:\Users\X10\.vscode\extensions\redhat.java-1.36.0-win32-x64\jre\17.0.13-win32-x86_64\bin\nio.dll
0x00007ff81e8a0000 - 0x00007ff81e8b0000 	c:\Users\X10\.vscode\extensions\redhat.java-1.36.0-win32-x64\jre\17.0.13-win32-x86_64\bin\verify.dll
0x00007ff8006d0000 - 0x00007ff800715000 	C:\Users\X10\AppData\Roaming\Code\User\globalStorage\redhat.java\1.36.0\config_win\org.eclipse.equinox.launcher\org.eclipse.equinox.launcher.win32.win32.x86_64_1.2.1100.v20240722-2106\eclipse_11904.dll
0x00007ff82de70000 - 0x00007ff82e015000 	C:\Windows\System32\ole32.dll
0x00007ff81e830000 - 0x00007ff81e83a000 	C:\Users\X10\.vscode\extensions\redhat.java-1.36.0-win32-x64\jre\17.0.13-win32-x86_64\bin\management.dll
0x00007ff81e630000 - 0x00007ff81e63b000 	C:\Users\X10\.vscode\extensions\redhat.java-1.36.0-win32-x64\jre\17.0.13-win32-x86_64\bin\management_ext.dll
0x00007ff82c230000 - 0x00007ff82c238000 	C:\Windows\System32\PSAPI.DLL
0x00007ff82ad40000 - 0x00007ff82ad5b000 	C:\Windows\SYSTEM32\CRYPTSP.dll
0x00007ff82a4f0000 - 0x00007ff82a525000 	C:\Windows\system32\rsaenh.dll
0x00007ff82aa90000 - 0x00007ff82aab8000 	C:\Windows\SYSTEM32\USERENV.dll
0x00007ff82ad20000 - 0x00007ff82ad2c000 	C:\Windows\SYSTEM32\CRYPTBASE.dll
0x00007ff82a000000 - 0x00007ff82a02d000 	C:\Windows\SYSTEM32\IPHLPAPI.DLL
0x00007ff82cdf0000 - 0x00007ff82cdf9000 	C:\Windows\System32\NSI.dll
0x00007ff827970000 - 0x00007ff827989000 	C:\Windows\SYSTEM32\dhcpcsvc6.DLL
0x00007ff827950000 - 0x00007ff82796f000 	C:\Windows\SYSTEM32\dhcpcsvc.DLL
0x00007ff82a030000 - 0x00007ff82a132000 	C:\Windows\SYSTEM32\DNSAPI.dll
0x00007ffff3980000 - 0x00007ffff39c9000 	C:\Users\X10\AppData\Local\Temp\jna-86135\jna677347135422305776.dll
0x00007ff81e450000 - 0x00007ff81e45e000 	C:\Users\X10\.vscode\extensions\redhat.java-1.36.0-win32-x64\jre\17.0.13-win32-x86_64\bin\sunmscapi.dll
0x00007ff82be30000 - 0x00007ff82bf96000 	C:\Windows\System32\CRYPT32.dll
0x00007ff82ae50000 - 0x00007ff82ae7d000 	C:\Windows\SYSTEM32\ncrypt.dll
0x00007ff82ae10000 - 0x00007ff82ae47000 	C:\Windows\SYSTEM32\NTASN1.dll
0x00007ff8268c0000 - 0x00007ff8268ca000 	C:\Windows\System32\rasadhlp.dll
0x00007ff826810000 - 0x00007ff826893000 	C:\Windows\System32\fwpuclnt.dll
0x00007ff81e2d0000 - 0x00007ff81e2d9000 	C:\Users\X10\.vscode\extensions\redhat.java-1.36.0-win32-x64\jre\17.0.13-win32-x86_64\bin\extnet.dll

dbghelp: loaded successfully - version: 4.0.5 - missing functions: none
symbol engine: initialized successfully - sym options: 0x614 - pdb path: .;c:\Users\X10\.vscode\extensions\redhat.java-1.36.0-win32-x64\jre\17.0.13-win32-x86_64\bin;C:\Windows\SYSTEM32;C:\Windows\WinSxS\amd64_microsoft.windows.common-controls_6595b64144ccf1df_6.0.22621.3672_none_2713b9d173822955;c:\Users\X10\.vscode\extensions\redhat.java-1.36.0-win32-x64\jre\17.0.13-win32-x86_64\bin\server;C:\Users\X10\AppData\Roaming\Code\User\globalStorage\redhat.java\1.36.0\config_win\org.eclipse.equinox.launcher\org.eclipse.equinox.launcher.win32.win32.x86_64_1.2.1100.v20240722-2106;C:\Users\X10\AppData\Local\Temp\jna-86135

VM Arguments:
jvm_args: --add-modules=ALL-SYSTEM --add-opens=java.base/java.util=ALL-UNNAMED --add-opens=java.base/java.lang=ALL-UNNAMED --add-opens=java.base/sun.nio.fs=ALL-UNNAMED -Declipse.application=org.eclipse.jdt.ls.core.id1 -Dosgi.bundles.defaultStartLevel=4 -Declipse.product=org.eclipse.jdt.ls.core.product -Djava.import.generatesMetadataFilesAtProjectRoot=false -DDetectVMInstallationsJob.disabled=true -Dfile.encoding=utf8 -XX:+UseParallelGC -XX:GCTimeRatio=4 -XX:AdaptiveSizePolicyWeight=90 -Dsun.zip.disableMemoryMapping=true -Xmx1G -Xms100m -Xlog:disable -javaagent:c:\Users\X10\.vscode\extensions\redhat.java-1.36.0-win32-x64\lombok\lombok-1.18.35.jar -XX:+HeapDumpOnOutOfMemoryError -XX:HeapDumpPath=c:\Users\X10\AppData\Roaming\Code\User\workspaceStorage\9f67e42c91538415417d6b88faae650a\redhat.java -Daether.dependencyCollector.impl=bf 
java_command: c:\Users\X10\.vscode\extensions\redhat.java-1.36.0-win32-x64\server\plugins\org.eclipse.equinox.launcher_1.6.900.v20240613-2009.jar -configuration c:\Users\X10\AppData\Roaming\Code\User\globalStorage\redhat.java\1.36.0\config_win -data c:\Users\X10\AppData\Roaming\Code\User\workspaceStorage\9f67e42c91538415417d6b88faae650a\redhat.java\jdt_ws --pipe=\\.\pipe\lsp-6c6022f4b8ecf04c0844aac57ed5660f-sock
java_class_path (initial): c:\Users\X10\.vscode\extensions\redhat.java-1.36.0-win32-x64\server\plugins\org.eclipse.equinox.launcher_1.6.900.v20240613-2009.jar
Launcher Type: SUN_STANDARD

[Global flags]
    uintx AdaptiveSizePolicyWeight                 = 90                                        {product} {command line}
     intx CICompilerCount                          = 4                                         {product} {ergonomic}
    uintx GCTimeRatio                              = 4                                         {product} {command line}
     bool HeapDumpOnOutOfMemoryError               = true                                   {manageable} {command line}
    ccstr HeapDumpPath                             = c:\Users\X10\AppData\Roaming\Code\User\workspaceStorage\9f67e42c91538415417d6b88faae650a\redhat.java         {manageable} {command line}
   size_t InitialHeapSize                          = 104857600                                 {product} {command line}
   size_t MaxHeapSize                              = 1073741824                                {product} {command line}
   size_t MaxNewSize                               = 357564416                                 {product} {ergonomic}
   size_t MinHeapDeltaBytes                        = 524288                                    {product} {ergonomic}
   size_t MinHeapSize                              = 104857600                                 {product} {command line}
   size_t NewSize                                  = 34603008                                  {product} {ergonomic}
    uintx NonNMethodCodeHeapSize                   = 5839372                                {pd product} {ergonomic}
    uintx NonProfiledCodeHeapSize                  = 122909434                              {pd product} {ergonomic}
   size_t OldSize                                  = 70254592                                  {product} {ergonomic}
    uintx ProfiledCodeHeapSize                     = 122909434                              {pd product} {ergonomic}
    uintx ReservedCodeCacheSize                    = 251658240                              {pd product} {ergonomic}
     bool SegmentedCodeCache                       = true                                      {product} {ergonomic}
   size_t SoftMaxHeapSize                          = 1073741824                             {manageable} {ergonomic}
     bool UseCompressedClassPointers               = true                           {product lp64_product} {ergonomic}
     bool UseCompressedOops                        = true                           {product lp64_product} {ergonomic}
     bool UseLargePagesIndividualAllocation        = false                                  {pd product} {ergonomic}
     bool UseParallelGC                            = true                                      {product} {command line}

Logging:
Log output configuration:
 #0: stdout all=off uptime,level,tags
 #1: stderr all=off uptime,level,tags

Environment Variables:
JAVA_HOME=C:\Program Files\BellSoft\LibericaJDK-17\
PATH=C:\Program Files\BellSoft\LibericaJDK-17\bin\;C:\Windows\system32;C:\Windows;C:\Windows\System32\Wbem;C:\Windows\System32\WindowsPowerShell\v1.0\;C:\Windows\System32\OpenSSH\;C:\Program Files\Git\cmd;C:\Program Files\Docker\Docker\resources\bin;C:\Program Files\BellSoft\LibericaJDK-17\\bin;%NVM_HOME%;%NVM_SYMLINK%;C:\Users\X10\AppData\Local\Microsoft\WindowsApps;C:\Users\X10\AppData\Local\Programs\Microsoft VS Code\bin;C:\Users\X10\AppData\Roaming\nvm;C:\Program Files\nodejs;C:\Program Files\JetBrains\IntelliJ IDEA 2024.1.1\bin;
USERNAME=X10
OS=Windows_NT
PROCESSOR_IDENTIFIER=Intel64 Family 6 Model 186 Stepping 3, GenuineIntel
TMP=C:\Users\X10\AppData\Local\Temp
TEMP=C:\Users\X10\AppData\Local\Temp



Periodic native trim disabled


---------------  S Y S T E M  ---------------

OS:
 Windows 11 , 64 bit Build 22621 (10.0.22621.3958)
OS uptime: 38 days 5:13 hours
Hyper-V role detected

CPU: total 12 (initial active 12) (6 cores per cpu, 2 threads per core) family 6 model 186 stepping 3 microcode 0x4121, cx8, cmov, fxsr, ht, mmx, 3dnowpref, sse, sse2, sse3, ssse3, sse4.1, sse4.2, popcnt, lzcnt, tsc, tscinvbit, avx, avx2, aes, erms, clmul, bmi1, bmi2, adx, sha, fma, vzeroupper, clflush, clflushopt, clwb, hv
Processor Information for processor 0
  Max Mhz: 1700, Current Mhz: 1700, Mhz Limit: 1700
Processor Information for processor 1
  Max Mhz: 1700, Current Mhz: 1700, Mhz Limit: 1700
Processor Information for processor 2
  Max Mhz: 1700, Current Mhz: 1700, Mhz Limit: 1700
Processor Information for processor 3
  Max Mhz: 1700, Current Mhz: 1700, Mhz Limit: 1700
Processor Information for processor 4
  Max Mhz: 1700, Current Mhz: 1200, Mhz Limit: 1190
Processor Information for processor 5
  Max Mhz: 1700, Current Mhz: 1200, Mhz Limit: 1190
Processor Information for processor 6
  Max Mhz: 1700, Current Mhz: 1200, Mhz Limit: 1190
Processor Information for processor 7
  Max Mhz: 1700, Current Mhz: 1200, Mhz Limit: 1190
Processor Information for processor 8
  Max Mhz: 1700, Current Mhz: 1200, Mhz Limit: 1190
Processor Information for processor 9
  Max Mhz: 1700, Current Mhz: 1200, Mhz Limit: 1190
Processor Information for processor 10
  Max Mhz: 1700, Current Mhz: 1200, Mhz Limit: 1190
Processor Information for processor 11
  Max Mhz: 1700, Current Mhz: 1200, Mhz Limit: 1190

Memory: 4k page, system-wide physical 16057M (276M free)
TotalPageFile size 51280M (AvailPageFile size 3M)
current process WorkingSet (physical memory assigned to process): 451M, peak: 772M
current process commit charge ("private bytes"): 545M, peak: 732M

vm_info: OpenJDK 64-Bit Server VM (17.0.13+11) for windows-amd64 JRE (17.0.13+11), built on Oct 16 2024 00:10:08 by "admin" with MS VC++ 17.7 (VS2022)

END.
